#
# There is insufficient memory for the Java Runtime Environment to continue.
# Native memory allocation (mmap) failed to map 195035136 bytes for Failed to commit area from 0x0000000090c00000 to 0x000000009c600000 of length 195035136.
# Possible reasons:
#   The system is out of physical RAM or swap space
#   The process is running with CompressedOops enabled, and the Java Heap may be blocking the growth of the native heap
# Possible solutions:
#   Reduce memory load on the system
#   Increase physical memory or swap space
#   Check if swap backing store is full
#   Decrease Java heap size (-Xmx/-Xms)
#   Decrease number of Java threads
#   Decrease Java thread stack sizes (-Xss)
#   Set larger code cache with -XX:ReservedCodeCacheSize=
#   JVM is running with Unscaled Compressed Oops mode in which the Java heap is
#     placed in the first 4GB address space. The Java Heap base address is the
#     maximum limit for the native heap growth. Please use -XX:HeapBaseMinAddress
#     to set the Java Heap base and to place the Java Heap above 4GB virtual address.
# This output file may be truncated or incomplete.
#
#  Out of Memory Error (src/hotspot/os/windows/os_windows.cpp:3627), pid=20708, tid=18412
#
# JRE version: OpenJDK Runtime Environment (11.0.15) (build 11.0.15+0-b2043.56-9505619)
# Java VM: OpenJDK 64-Bit Server VM (11.0.15+0-b2043.56-9505619, mixed mode, tiered, compressed oops, g1 gc, windows-amd64)
# No core dump will be written. Minidumps are not enabled by default on client versions of Windows
#

---------------  S U M M A R Y ------------

Command Line: --add-opens=java.base/java.util=ALL-UNNAMED --add-opens=java.base/java.lang=ALL-UNNAMED --add-opens=java.base/java.lang.invoke=ALL-UNNAMED --add-opens=java.prefs/java.util.prefs=ALL-UNNAMED --add-opens=java.base/java.nio.charset=ALL-UNNAMED --add-opens=java.base/java.net=ALL-UNNAMED --add-opens=java.base/java.util.concurrent.atomic=ALL-UNNAMED -Xmx2048m -Dfile.encoding=UTF-8 -Duser.country=US -Duser.language=en -Duser.variant org.gradle.launcher.daemon.bootstrap.GradleDaemon 8.0.2

Host: Intel(R) Core(TM) i5-8250U CPU @ 1.60GHz, 8 cores, 7G,  Windows 11 , 64 bit Build 22621 (10.0.22621.1344)
Time: Tue Mar 14 22:06:14 2023 Sri Lanka Standard Time elapsed time: 16.302937 seconds (0d 0h 0m 16s)

---------------  T H R E A D  ---------------

Current thread (0x0000012d02407000):  VMThread "VM Thread" [stack: 0x0000001dc2100000,0x0000001dc2200000] [id=18412]

Stack: [0x0000001dc2100000,0x0000001dc2200000]
[error occurred during error reporting (printing stack bounds), id 0xc0000005, EXCEPTION_ACCESS_VIOLATION (0xc0000005) at pc=0x0000012d6b98112d]

Native frames: (J=compiled Java code, j=interpreted, Vv=VM code, C=native code)
V  [jvm.dll+0x64135a]
V  [jvm.dll+0x7d39f9]
V  [jvm.dll+0x7d51b9]
V  [jvm.dll+0x7d5805]
V  [jvm.dll+0x7d57bb]
V  [jvm.dll+0x640655]
V  [jvm.dll+0x640d68]
C  [ntdll.dll+0xa3cff]
C  [ntdll.dll+0x1e456]
C  [ntdll.dll+0xa2cee]
C  0x0000012d6b98112d

VM_Operation (0x0000001dc67f8950): G1CollectForAllocation, mode: safepoint, requested by thread 0x0000012d08d1d800


---------------  P R O C E S S  ---------------

Threads class SMR info:
_java_thread_list=0x0000012d0842a730, length=135, elements={
0x0000012d67e64800, 0x0000012d02419000, 0x0000012d0241a000, 0x0000012d02412000,
0x0000012d02413800, 0x0000012d02414800, 0x0000012d02416800, 0x0000012d02c77000,
0x0000012d02c83000, 0x0000012d02dd3800, 0x0000012d05175800, 0x0000012d02f1f000,
0x0000012d03021000, 0x0000012d054f1800, 0x0000012d03a95800, 0x0000012d05811000,
0x0000012d041f8000, 0x0000012d05777000, 0x0000012d04091800, 0x0000012d046fa800,
0x0000012d051c3000, 0x0000012d051bf800, 0x0000012d051c4800, 0x0000012d05572000,
0x0000012d06442000, 0x0000012d051c5800, 0x0000012d051c6000, 0x0000012d051c0800,
0x0000012d051c1800, 0x0000012d051c2000, 0x0000012d051c4000, 0x0000012d0568b800,
0x0000012d05687800, 0x0000012d0568a800, 0x0000012d0568c000, 0x0000012d0568d000,
0x0000012d0568e000, 0x0000012d05688000, 0x0000012d05689000, 0x0000012d05693800,
0x0000012d05690800, 0x0000012d0568e800, 0x0000012d05691000, 0x0000012d05692000,
0x0000012d05693000, 0x0000012d05695000, 0x0000012d0568f800, 0x0000012d08d17000,
0x0000012d08d15000, 0x0000012d08d18000, 0x0000012d08d12800, 0x0000012d08d19000,
0x0000012d08d13000, 0x0000012d08d19800, 0x0000012d08d14000, 0x0000012d08d1a800,
0x0000012d08d1b800, 0x0000012d08d15800, 0x0000012d08d1c000, 0x0000012d08d16800,
0x0000012d08d1d000, 0x0000012d08d1d800, 0x0000012d08d1e800, 0x0000012d08d1f800,
0x0000012d08d20000, 0x0000012d08d21000, 0x0000012d083bc000, 0x0000012d083c0000,
0x0000012d083ba800, 0x0000012d083be000, 0x0000012d083bb800, 0x0000012d083c2000,
0x0000012d083c1000, 0x0000012d083be800, 0x0000012d083bf800, 0x0000012d083c2800,
0x0000012d083bd000, 0x0000012d083c8800, 0x0000012d083c6000, 0x0000012d083c4800,
0x0000012d083c7000, 0x0000012d083c7800, 0x0000012d083c5000, 0x0000012d083c9000,
0x0000012d083c3800, 0x0000012d08bca800, 0x0000012d08bcf800, 0x0000012d08bce800,
0x0000012d08bcd800, 0x0000012d08bc9800, 0x0000012d08bd1000, 0x0000012d08bd0000,
0x0000012d08bcb800, 0x0000012d08bd2000, 0x0000012d08bcc000, 0x0000012d08bd2800,
0x0000012d08bcd000, 0x0000012d08bd3800, 0x0000012d08bd4000, 0x0000012d08bd5000,
0x0000012d08bd6000, 0x0000012d08bd6800, 0x0000012d08bd7800, 0x0000012d08bd8800,
0x0000012d06918800, 0x0000012d06919000, 0x0000012d0691c800, 0x0000012d0691a000,
0x0000012d0691b000, 0x0000012d0691b800, 0x0000012d06917800, 0x0000012d06916800,
0x0000012d0691f000, 0x0000012d0691d000, 0x0000012d0691f800, 0x0000012d06921800,
0x0000012d06922000, 0x0000012d06920800, 0x0000012d06923000, 0x0000012d06923800,
0x0000012d0691e000, 0x0000012d06924800, 0x0000012d06925800, 0x0000012d0c09b000,
0x0000012d0c097000, 0x0000012d0c09c800, 0x0000012d0c09d800, 0x0000012d0c097800,
0x0000012d0c09e800, 0x0000012d0c098800, 0x0000012d0c099800, 0x0000012d0c0a0000,
0x0000012d0c09f000, 0x0000012d0c09a000, 0x0000012d0c0a5800
}

Java Threads: ( => current thread )
  0x0000012d67e64800 JavaThread "main" [_thread_blocked, id=14876, stack(0x0000001dc1b00000,0x0000001dc1c00000)]
  0x0000012d02419000 JavaThread "Reference Handler" daemon [_thread_blocked, id=17996, stack(0x0000001dc2200000,0x0000001dc2300000)]
  0x0000012d0241a000 JavaThread "Finalizer" daemon [_thread_blocked, id=5780, stack(0x0000001dc2300000,0x0000001dc2400000)]
  0x0000012d02412000 JavaThread "Signal Dispatcher" daemon [_thread_blocked, id=15084, stack(0x0000001dc2400000,0x0000001dc2500000)]
  0x0000012d02413800 JavaThread "Attach Listener" daemon [_thread_blocked, id=24324, stack(0x0000001dc2500000,0x0000001dc2600000)]
  0x0000012d02414800 JavaThread "Service Thread" daemon [_thread_blocked, id=2304, stack(0x0000001dc2600000,0x0000001dc2700000)]
  0x0000012d02416800 JavaThread "C2 CompilerThread0" daemon [_thread_blocked, id=14352, stack(0x0000001dc2700000,0x0000001dc2800000)]
  0x0000012d02c77000 JavaThread "C1 CompilerThread0" daemon [_thread_blocked, id=9780, stack(0x0000001dc2800000,0x0000001dc2900000)]
  0x0000012d02c83000 JavaThread "Sweeper thread" daemon [_thread_blocked, id=25116, stack(0x0000001dc2900000,0x0000001dc2a00000)]
  0x0000012d02dd3800 JavaThread "Common-Cleaner" daemon [_thread_blocked, id=4916, stack(0x0000001dc2a00000,0x0000001dc2b00000)]
  0x0000012d05175800 JavaThread "Daemon health stats" [_thread_blocked, id=5984, stack(0x0000001dc3000000,0x0000001dc3100000)]
  0x0000012d02f1f000 JavaThread "Incoming local TCP Connector on port 3662" [_thread_in_native, id=15132, stack(0x0000001dc2c00000,0x0000001dc2d00000)]
  0x0000012d03021000 JavaThread "Daemon periodic checks" [_thread_blocked, id=21340, stack(0x0000001dc2d00000,0x0000001dc2e00000)]
  0x0000012d054f1800 JavaThread "Daemon" [_thread_blocked, id=14136, stack(0x0000001dc3100000,0x0000001dc3200000)]
  0x0000012d03a95800 JavaThread "Handler for socket connection from /127.0.0.1:3662 to /127.0.0.1:3663" [_thread_in_native, id=5964, stack(0x0000001dc3200000,0x0000001dc3300000)]
  0x0000012d05811000 JavaThread "Cancel handler" [_thread_blocked, id=4308, stack(0x0000001dc3300000,0x0000001dc3400000)]
  0x0000012d041f8000 JavaThread "Daemon worker" [_thread_blocked, id=20324, stack(0x0000001dc3400000,0x0000001dc3500000)]
  0x0000012d05777000 JavaThread "Asynchronous log dispatcher for DefaultDaemonConnection: socket connection from /127.0.0.1:3662 to /127.0.0.1:3663" [_thread_blocked, id=2856, stack(0x0000001dc3500000,0x0000001dc3600000)]
  0x0000012d04091800 JavaThread "Stdin handler" [_thread_blocked, id=13304, stack(0x0000001dc3600000,0x0000001dc3700000)]
  0x0000012d046fa800 JavaThread "Daemon client event forwarder" [_thread_blocked, id=19044, stack(0x0000001dc3700000,0x0000001dc3800000)]
  0x0000012d051c3000 JavaThread "Cache worker for journal cache (C:\Users\123we\.gradle\caches\journal-1)" [_thread_blocked, id=3276, stack(0x0000001dc3d00000,0x0000001dc3e00000)]
  0x0000012d051bf800 JavaThread "File lock request listener" [_thread_in_native, id=14104, stack(0x0000001dc3e00000,0x0000001dc3f00000)]
  0x0000012d051c4800 JavaThread "Cache worker for file hash cache (C:\Users\123we\.gradle\caches\8.0.2\fileHashes)" [_thread_blocked, id=16300, stack(0x0000001dc4000000,0x0000001dc4100000)]
  0x0000012d05572000 JavaThread "C2 CompilerThread1" daemon [_thread_blocked, id=19676, stack(0x0000001dc4100000,0x0000001dc4200000)]
  0x0000012d06442000 JavaThread "C2 CompilerThread2" daemon [_thread_blocked, id=15420, stack(0x0000001dc4200000,0x0000001dc4300000)]
  0x0000012d051c5800 JavaThread "File watcher server" daemon [_thread_in_native, id=10904, stack(0x0000001dc4300000,0x0000001dc4400000)]
  0x0000012d051c6000 JavaThread "File watcher consumer" daemon [_thread_blocked, id=17052, stack(0x0000001dc4400000,0x0000001dc4500000)]
  0x0000012d051c0800 JavaThread "Cache worker for checksums cache (F:\1.OUSL\YEAR 2\EEI4369- Mobile Application Development for Android\DP\DP Files\AppFit360\.gradle\8.0.2\checksums)" [_thread_blocked, id=18456, stack(0x0000001dc4500000,0x0000001dc4600000)]
  0x0000012d051c1800 JavaThread "Cache worker for cache directory md-rule (C:\Users\123we\.gradle\caches\8.0.2\md-rule)" [_thread_blocked, id=16684, stack(0x0000001dc4600000,0x0000001dc4700000)]
  0x0000012d051c2000 JavaThread "Cache worker for file content cache (C:\Users\123we\.gradle\caches\8.0.2\fileContent)" [_thread_blocked, id=11688, stack(0x0000001dc4700000,0x0000001dc4800000)]
  0x0000012d051c4000 JavaThread "Cache worker for file hash cache (F:\1.OUSL\YEAR 2\EEI4369- Mobile Application Development for Android\DP\DP Files\AppFit360\.gradle\8.0.2\fileHashes)" [_thread_blocked, id=13956, stack(0x0000001dc4800000,0x0000001dc4900000)]
  0x0000012d0568b800 JavaThread "Cache worker for cache directory md-supplier (C:\Users\123we\.gradle\caches\8.0.2\md-supplier)" [_thread_blocked, id=20376, stack(0x0000001dc4900000,0x0000001dc4a00000)]
  0x0000012d05687800 JavaThread "Cache worker for execution history cache (C:\Users\123we\.gradle\caches\8.0.2\executionHistory)" [_thread_blocked, id=15560, stack(0x0000001dc4a00000,0x0000001dc4b00000)]
  0x0000012d0568a800 JavaThread "jar transforms" [_thread_blocked, id=16808, stack(0x0000001dc4b00000,0x0000001dc4c00000)]
  0x0000012d0568c000 JavaThread "jar transforms Thread 2" [_thread_blocked, id=17188, stack(0x0000001dc4c00000,0x0000001dc4d00000)]
  0x0000012d0568d000 JavaThread "jar transforms Thread 3" [_thread_blocked, id=17588, stack(0x0000001dc4d00000,0x0000001dc4e00000)]
  0x0000012d0568e000 JavaThread "jar transforms Thread 4" [_thread_blocked, id=25148, stack(0x0000001dc4e00000,0x0000001dc4f00000)]
  0x0000012d05688000 JavaThread "Cache worker for dependencies-accessors (F:\1.OUSL\YEAR 2\EEI4369- Mobile Application Development for Android\DP\DP Files\AppFit360\.gradle\8.0.2\dependencies-accessors)" [_thread_blocked, id=16020, stack(0x0000001dc4f00000,0x0000001dc5000000)]
  0x0000012d05689000 JavaThread "jar transforms Thread 5" [_thread_blocked, id=12376, stack(0x0000001dc5000000,0x0000001dc5100000)]
  0x0000012d05693800 JavaThread "Cache worker for Build Output Cleanup Cache (F:\1.OUSL\YEAR 2\EEI4369- Mobile Application Development for Android\DP\DP Files\AppFit360\.gradle\buildOutputCleanup)" [_thread_blocked, id=7324, stack(0x0000001dc5100000,0x0000001dc5200000)]
  0x0000012d05690800 JavaThread "Unconstrained build operations" [_thread_blocked, id=5032, stack(0x0000001dc5200000,0x0000001dc5300000)]
  0x0000012d0568e800 JavaThread "Unconstrained build operations Thread 2" [_thread_blocked, id=18084, stack(0x0000001dc5300000,0x0000001dc5400000)]
  0x0000012d05691000 JavaThread "Unconstrained build operations Thread 3" [_thread_blocked, id=9520, stack(0x0000001dc5400000,0x0000001dc5500000)]
  0x0000012d05692000 JavaThread "Unconstrained build operations Thread 4" [_thread_blocked, id=15916, stack(0x0000001dc5500000,0x0000001dc5600000)]
  0x0000012d05693000 JavaThread "Unconstrained build operations Thread 5" [_thread_blocked, id=21528, stack(0x0000001dc5600000,0x0000001dc5700000)]
  0x0000012d05695000 JavaThread "Unconstrained build operations Thread 6" [_thread_blocked, id=2016, stack(0x0000001dc5700000,0x0000001dc5800000)]
  0x0000012d0568f800 JavaThread "Unconstrained build operations Thread 7" [_thread_blocked, id=12048, stack(0x0000001dc5800000,0x0000001dc5900000)]
  0x0000012d08d17000 JavaThread "Unconstrained build operations Thread 8" [_thread_blocked, id=17096, stack(0x0000001dc5900000,0x0000001dc5a00000)]
  0x0000012d08d15000 JavaThread "Unconstrained build operations Thread 9" [_thread_blocked, id=3188, stack(0x0000001dc5a00000,0x0000001dc5b00000)]
  0x0000012d08d18000 JavaThread "Unconstrained build operations Thread 10" [_thread_blocked, id=18732, stack(0x0000001dc5b00000,0x0000001dc5c00000)]
  0x0000012d08d12800 JavaThread "Unconstrained build operations Thread 11" [_thread_blocked, id=8200, stack(0x0000001dc5c00000,0x0000001dc5d00000)]
  0x0000012d08d19000 JavaThread "Unconstrained build operations Thread 12" [_thread_blocked, id=18200, stack(0x0000001dc5d00000,0x0000001dc5e00000)]
  0x0000012d08d13000 JavaThread "Unconstrained build operations Thread 13" [_thread_blocked, id=14832, stack(0x0000001dc5e00000,0x0000001dc5f00000)]
  0x0000012d08d19800 JavaThread "Unconstrained build operations Thread 14" [_thread_blocked, id=24300, stack(0x0000001dc5f00000,0x0000001dc6000000)]
  0x0000012d08d14000 JavaThread "Unconstrained build operations Thread 15" [_thread_blocked, id=16144, stack(0x0000001dc6000000,0x0000001dc6100000)]
  0x0000012d08d1a800 JavaThread "Unconstrained build operations Thread 16" [_thread_blocked, id=24720, stack(0x0000001dc6100000,0x0000001dc6200000)]
  0x0000012d08d1b800 JavaThread "Unconstrained build operations Thread 17" [_thread_blocked, id=24816, stack(0x0000001dc6200000,0x0000001dc6300000)]
  0x0000012d08d15800 JavaThread "Unconstrained build operations Thread 18" [_thread_blocked, id=17716, stack(0x0000001dc6300000,0x0000001dc6400000)]
  0x0000012d08d1c000 JavaThread "Unconstrained build operations Thread 19" [_thread_blocked, id=17296, stack(0x0000001dc6400000,0x0000001dc6500000)]
  0x0000012d08d16800 JavaThread "Unconstrained build operations Thread 20" [_thread_blocked, id=12632, stack(0x0000001dc6500000,0x0000001dc6600000)]
  0x0000012d08d1d000 JavaThread "Unconstrained build operations Thread 21" [_thread_blocked, id=6292, stack(0x0000001dc6600000,0x0000001dc6700000)]
  0x0000012d08d1d800 JavaThread "Unconstrained build operations Thread 22" [_thread_blocked, id=20372, stack(0x0000001dc6700000,0x0000001dc6800000)]
  0x0000012d08d1e800 JavaThread "Unconstrained build operations Thread 23" [_thread_blocked, id=16216, stack(0x0000001dc6800000,0x0000001dc6900000)]
  0x0000012d08d1f800 JavaThread "Unconstrained build operations Thread 24" [_thread_blocked, id=3424, stack(0x0000001dc6900000,0x0000001dc6a00000)]
  0x0000012d08d20000 JavaThread "Unconstrained build operations Thread 25" [_thread_blocked, id=19132, stack(0x0000001dc6a00000,0x0000001dc6b00000)]
  0x0000012d08d21000 JavaThread "Unconstrained build operations Thread 26" [_thread_blocked, id=11376, stack(0x0000001dc6b00000,0x0000001dc6c00000)]
  0x0000012d083bc000 JavaThread "Unconstrained build operations Thread 27" [_thread_blocked, id=19336, stack(0x0000001dc6c00000,0x0000001dc6d00000)]
  0x0000012d083c0000 JavaThread "Unconstrained build operations Thread 28" [_thread_blocked, id=16156, stack(0x0000001dc6d00000,0x0000001dc6e00000)]
  0x0000012d083ba800 JavaThread "Unconstrained build operations Thread 29" [_thread_blocked, id=16284, stack(0x0000001dc6e00000,0x0000001dc6f00000)]
  0x0000012d083be000 JavaThread "Unconstrained build operations Thread 30" [_thread_blocked, id=5660, stack(0x0000001dc6f00000,0x0000001dc7000000)]
  0x0000012d083bb800 JavaThread "Unconstrained build operations Thread 31" [_thread_blocked, id=14624, stack(0x0000001dc7000000,0x0000001dc7100000)]
  0x0000012d083c2000 JavaThread "Unconstrained build operations Thread 32" [_thread_blocked, id=19128, stack(0x0000001dc7100000,0x0000001dc7200000)]
  0x0000012d083c1000 JavaThread "Unconstrained build operations Thread 33" [_thread_blocked, id=2552, stack(0x0000001dc7200000,0x0000001dc7300000)]
  0x0000012d083be800 JavaThread "Unconstrained build operations Thread 34" [_thread_blocked, id=14384, stack(0x0000001dc7300000,0x0000001dc7400000)]
  0x0000012d083bf800 JavaThread "Unconstrained build operations Thread 35" [_thread_blocked, id=17772, stack(0x0000001dc7400000,0x0000001dc7500000)]
  0x0000012d083c2800 JavaThread "Unconstrained build operations Thread 36" [_thread_blocked, id=24212, stack(0x0000001dc7500000,0x0000001dc7600000)]
  0x0000012d083bd000 JavaThread "Unconstrained build operations Thread 37" [_thread_blocked, id=12032, stack(0x0000001dc7600000,0x0000001dc7700000)]
  0x0000012d083c8800 JavaThread "Unconstrained build operations Thread 38" [_thread_blocked, id=2528, stack(0x0000001dc7700000,0x0000001dc7800000)]
  0x0000012d083c6000 JavaThread "Unconstrained build operations Thread 39" [_thread_blocked, id=21984, stack(0x0000001dc7800000,0x0000001dc7900000)]
  0x0000012d083c4800 JavaThread "Unconstrained build operations Thread 40" [_thread_blocked, id=6984, stack(0x0000001dc7900000,0x0000001dc7a00000)]
  0x0000012d083c7000 JavaThread "Unconstrained build operations Thread 41" [_thread_blocked, id=20628, stack(0x0000001dc7a00000,0x0000001dc7b00000)]
  0x0000012d083c7800 JavaThread "Unconstrained build operations Thread 42" [_thread_blocked, id=8464, stack(0x0000001dc7b00000,0x0000001dc7c00000)]
  0x0000012d083c5000 JavaThread "Unconstrained build operations Thread 43" [_thread_blocked, id=10012, stack(0x0000001dc7c00000,0x0000001dc7d00000)]
  0x0000012d083c9000 JavaThread "Unconstrained build operations Thread 44" [_thread_blocked, id=9228, stack(0x0000001dc7d00000,0x0000001dc7e00000)]
  0x0000012d083c3800 JavaThread "Unconstrained build operations Thread 45" [_thread_blocked, id=19928, stack(0x0000001dc7e00000,0x0000001dc7f00000)]
  0x0000012d08bca800 JavaThread "Unconstrained build operations Thread 46" [_thread_blocked, id=23632, stack(0x0000001dc7f00000,0x0000001dc8000000)]
  0x0000012d08bcf800 JavaThread "Unconstrained build operations Thread 47" [_thread_blocked, id=14708, stack(0x0000001dc8000000,0x0000001dc8100000)]
  0x0000012d08bce800 JavaThread "Unconstrained build operations Thread 48" [_thread_blocked, id=10228, stack(0x0000001dc8100000,0x0000001dc8200000)]
  0x0000012d08bcd800 JavaThread "Unconstrained build operations Thread 49" [_thread_blocked, id=5596, stack(0x0000001dc8200000,0x0000001dc8300000)]
  0x0000012d08bc9800 JavaThread "Unconstrained build operations Thread 50" [_thread_blocked, id=19056, stack(0x0000001dc8300000,0x0000001dc8400000)]
  0x0000012d08bd1000 JavaThread "Unconstrained build operations Thread 51" [_thread_blocked, id=20992, stack(0x0000001dc8400000,0x0000001dc8500000)]
  0x0000012d08bd0000 JavaThread "Unconstrained build operations Thread 52" [_thread_blocked, id=14840, stack(0x0000001dc8500000,0x0000001dc8600000)]
  0x0000012d08bcb800 JavaThread "Unconstrained build operations Thread 53" [_thread_blocked, id=15564, stack(0x0000001dc8600000,0x0000001dc8700000)]
  0x0000012d08bd2000 JavaThread "Unconstrained build operations Thread 54" [_thread_blocked, id=21296, stack(0x0000001dc8700000,0x0000001dc8800000)]
  0x0000012d08bcc000 JavaThread "Unconstrained build operations Thread 55" [_thread_blocked, id=12392, stack(0x0000001dc8800000,0x0000001dc8900000)]
  0x0000012d08bd2800 JavaThread "Unconstrained build operations Thread 56" [_thread_blocked, id=10504, stack(0x0000001dc8900000,0x0000001dc8a00000)]
  0x0000012d08bcd000 JavaThread "Unconstrained build operations Thread 57" [_thread_blocked, id=20180, stack(0x0000001dc8a00000,0x0000001dc8b00000)]
  0x0000012d08bd3800 JavaThread "Unconstrained build operations Thread 58" [_thread_blocked, id=14732, stack(0x0000001dc8b00000,0x0000001dc8c00000)]
  0x0000012d08bd4000 JavaThread "Unconstrained build operations Thread 59" [_thread_blocked, id=5880, stack(0x0000001dc8c00000,0x0000001dc8d00000)]
  0x0000012d08bd5000 JavaThread "Unconstrained build operations Thread 60" [_thread_blocked, id=10420, stack(0x0000001dc8d00000,0x0000001dc8e00000)]
  0x0000012d08bd6000 JavaThread "Unconstrained build operations Thread 61" [_thread_blocked, id=6468, stack(0x0000001dc8e00000,0x0000001dc8f00000)]
  0x0000012d08bd6800 JavaThread "Unconstrained build operations Thread 62" [_thread_blocked, id=11240, stack(0x0000001dc8f00000,0x0000001dc9000000)]
  0x0000012d08bd7800 JavaThread "Unconstrained build operations Thread 63" [_thread_blocked, id=7268, stack(0x0000001dc9000000,0x0000001dc9100000)]
  0x0000012d08bd8800 JavaThread "Unconstrained build operations Thread 64" [_thread_blocked, id=16108, stack(0x0000001dc9100000,0x0000001dc9200000)]
  0x0000012d06918800 JavaThread "Unconstrained build operations Thread 65" [_thread_blocked, id=8824, stack(0x0000001dc9200000,0x0000001dc9300000)]
  0x0000012d06919000 JavaThread "Unconstrained build operations Thread 66" [_thread_blocked, id=15840, stack(0x0000001dc9300000,0x0000001dc9400000)]
  0x0000012d0691c800 JavaThread "Unconstrained build operations Thread 67" [_thread_blocked, id=17732, stack(0x0000001dc9400000,0x0000001dc9500000)]
  0x0000012d0691a000 JavaThread "Unconstrained build operations Thread 68" [_thread_blocked, id=14360, stack(0x0000001dc9500000,0x0000001dc9600000)]
  0x0000012d0691b000 JavaThread "Unconstrained build operations Thread 69" [_thread_blocked, id=17684, stack(0x0000001dc9600000,0x0000001dc9700000)]
  0x0000012d0691b800 JavaThread "Unconstrained build operations Thread 70" [_thread_blocked, id=19540, stack(0x0000001dc9700000,0x0000001dc9800000)]
  0x0000012d06917800 JavaThread "Unconstrained build operations Thread 71" [_thread_blocked, id=14056, stack(0x0000001dc9800000,0x0000001dc9900000)]
  0x0000012d06916800 JavaThread "Unconstrained build operations Thread 72" [_thread_blocked, id=7968, stack(0x0000001dc9900000,0x0000001dc9a00000)]
  0x0000012d0691f000 JavaThread "Unconstrained build operations Thread 73" [_thread_blocked, id=2168, stack(0x0000001dc9a00000,0x0000001dc9b00000)]
  0x0000012d0691d000 JavaThread "Unconstrained build operations Thread 74" [_thread_blocked, id=14572, stack(0x0000001dc9b00000,0x0000001dc9c00000)]
  0x0000012d0691f800 JavaThread "Unconstrained build operations Thread 75" [_thread_blocked, id=5152, stack(0x0000001dc9c00000,0x0000001dc9d00000)]
  0x0000012d06921800 JavaThread "Unconstrained build operations Thread 76" [_thread_blocked, id=19076, stack(0x0000001dc9d00000,0x0000001dc9e00000)]
  0x0000012d06922000 JavaThread "Unconstrained build operations Thread 77" [_thread_blocked, id=4380, stack(0x0000001dc9e00000,0x0000001dc9f00000)]
  0x0000012d06920800 JavaThread "Unconstrained build operations Thread 78" [_thread_blocked, id=22376, stack(0x0000001dc9f00000,0x0000001dca000000)]
  0x0000012d06923000 JavaThread "Unconstrained build operations Thread 79" [_thread_blocked, id=11712, stack(0x0000001dca000000,0x0000001dca100000)]
  0x0000012d06923800 JavaThread "Unconstrained build operations Thread 80" [_thread_blocked, id=18728, stack(0x0000001dca100000,0x0000001dca200000)]
  0x0000012d0691e000 JavaThread "jar transforms Thread 6" [_thread_blocked, id=17260, stack(0x0000001dca200000,0x0000001dca300000)]
  0x0000012d06924800 JavaThread "jar transforms Thread 7" [_thread_blocked, id=13236, stack(0x0000001dca300000,0x0000001dca400000)]
  0x0000012d06925800 JavaThread "jar transforms Thread 8" [_thread_blocked, id=20176, stack(0x0000001dca400000,0x0000001dca500000)]
  0x0000012d0c09b000 JavaThread "build event listener" [_thread_blocked, id=2668, stack(0x0000001dca500000,0x0000001dca600000)]
  0x0000012d0c097000 JavaThread "Memory manager" [_thread_blocked, id=23280, stack(0x0000001dca600000,0x0000001dca700000)]
  0x0000012d0c09c800 JavaThread "included builds" [_thread_blocked, id=13528, stack(0x0000001dca700000,0x0000001dca800000)]
  0x0000012d0c09d800 JavaThread "Execution worker" [_thread_blocked, id=18624, stack(0x0000001dca800000,0x0000001dca900000)]
  0x0000012d0c097800 JavaThread "Execution worker Thread 2" [_thread_blocked, id=13560, stack(0x0000001dca900000,0x0000001dcaa00000)]
  0x0000012d0c09e800 JavaThread "Execution worker Thread 3" [_thread_blocked, id=10064, stack(0x0000001dcaa00000,0x0000001dcab00000)]
  0x0000012d0c098800 JavaThread "Execution worker Thread 4" [_thread_blocked, id=5788, stack(0x0000001dcab00000,0x0000001dcac00000)]
  0x0000012d0c099800 JavaThread "Execution worker Thread 5" [_thread_blocked, id=23660, stack(0x0000001dcac00000,0x0000001dcad00000)]
  0x0000012d0c0a0000 JavaThread "Execution worker Thread 6" [_thread_blocked, id=20432, stack(0x0000001dcad00000,0x0000001dcae00000)]
  0x0000012d0c09f000 JavaThread "Execution worker Thread 7" [_thread_blocked, id=24464, stack(0x0000001dcae00000,0x0000001dcaf00000)]
  0x0000012d0c09a000 JavaThread "Cache worker for execution history cache (F:\1.OUSL\YEAR 2\EEI4369- Mobile Application Development for Android\DP\DP Files\AppFit360\.gradle\8.0.2\executionHistory)" [_thread_blocked, id=14416, stack(0x0000001dcaf00000,0x0000001dcb000000)]
  0x0000012d0c0a5800 JavaThread "WorkerExecutor Queue" [_thread_blocked, id=19884, stack(0x0000001dcb000000,0x0000001dcb100000)]

Other Threads:
=>0x0000012d02407000 VMThread "VM Thread" [stack: 0x0000001dc2100000,0x0000001dc2200000] [id=18412]
  0x0000012d02ddd000 WatcherThread [stack: 0x0000001dc2b00000,0x0000001dc2c00000] [id=24908]
  0x0000012d65dcd000 GCTaskThread "GC Thread#0" [stack: 0x0000001dc1c00000,0x0000001dc1d00000] [id=10892]
  0x0000012d03a4a000 GCTaskThread "GC Thread#1" [stack: 0x0000001dc2e00000,0x0000001dc2f00000] [id=23460]
  0x0000012d0302d000 GCTaskThread "GC Thread#2" [stack: 0x0000001dc2f00000,0x0000001dc3000000] [id=17908]
  0x0000012d05cef000 GCTaskThread "GC Thread#3" [stack: 0x0000001dc3800000,0x0000001dc3900000] [id=20504]
  0x0000012d05174000 GCTaskThread "GC Thread#4" [stack: 0x0000001dc3900000,0x0000001dc3a00000] [id=24448]
  0x0000012d05417800 GCTaskThread "GC Thread#5" [stack: 0x0000001dc3a00000,0x0000001dc3b00000] [id=17104]
  0x0000012d05e3e800 GCTaskThread "GC Thread#6" [stack: 0x0000001dc3b00000,0x0000001dc3c00000] [id=8868]
  0x0000012d05de9800 GCTaskThread "GC Thread#7" [stack: 0x0000001dc3c00000,0x0000001dc3d00000] [id=9444]
  0x0000012d67eaa800 ConcurrentGCThread "G1 Main Marker" [stack: 0x0000001dc1d00000,0x0000001dc1e00000] [id=4104]
  0x0000012d67eac800 ConcurrentGCThread "G1 Conc#0" [stack: 0x0000001dc1e00000,0x0000001dc1f00000] [id=23252]
  0x0000012d0507d000 ConcurrentGCThread "G1 Conc#1" [stack: 0x0000001dc3f00000,0x0000001dc4000000] [id=9124]
  0x0000012d67f2d000 ConcurrentGCThread "G1 Refine#0" [stack: 0x0000001dc1f00000,0x0000001dc2000000] [id=18616]
  0x0000012d06189000 ConcurrentGCThread "G1 Refine#1" [stack: 0x0000001dcb100000,0x0000001dcb200000] [id=18676]
  0x0000012d0618f000 ConcurrentGCThread "G1 Refine#2" [stack: 0x0000001dcb200000,0x0000001dcb300000] [id=2392]
  0x0000012d02252800 ConcurrentGCThread "G1 Young RemSet Sampling" [stack: 0x0000001dc2000000,0x0000001dc2100000] [id=19716]

Threads with active compile tasks:
C2 CompilerThread0    16323 12307 %     4       com.android.tools.r8.internal.Ab::a @ 2683 (6176 bytes)
C2 CompilerThread1    16324 12436       4       com.android.tools.r8.graph.C2::a (2673 bytes)
C2 CompilerThread2    16324 12566       4       com.android.tools.r8.graph.C2::a (174 bytes)

VM state:at safepoint (normal execution)

VM Mutex/Monitor currently owned by a thread:  ([mutex/lock_event])
[0x0000012d67e60c70] Threads_lock - owner thread: 0x0000012d02407000
[0x0000012d67e606d0] Heap_lock - owner thread: 0x0000012d08d1d800

Heap address: 0x0000000080000000, size: 2048 MB, Compressed Oops mode: 32-bit
Narrow klass base: 0x0000000000000000, Narrow klass shift: 3
Compressed class space size: 1073741824 Address: 0x0000000100000000

Heap:
 garbage-first heap   total 464896K, used 185344K [0x0000000080000000, 0x0000000100000000)
  region size 1024K, 7 young (7168K), 7 survivors (7168K)
 Metaspace       used 99413K, capacity 102204K, committed 103080K, reserved 1138688K
  class space    used 12951K, capacity 14056K, committed 14328K, reserved 1048576K
Heap Regions: E=young(eden), S=young(survivor), O=old, HS=humongous(starts), HC=humongous(continues), CS=collection set, F=free, A=archive, TAMS=top-at-mark-start (previous, next)
|   0|0x0000000080000000, 0x0000000080100000, 0x0000000080100000|100%|HS|  |TAMS 0x0000000080100000, 0x0000000080000000| Complete 
|   1|0x0000000080100000, 0x0000000080200000, 0x0000000080200000|100%|HC|  |TAMS 0x0000000080200000, 0x0000000080100000| Complete 
|   2|0x0000000080200000, 0x0000000080300000, 0x0000000080300000|100%|HC|  |TAMS 0x0000000080300000, 0x0000000080200000| Complete 
|   3|0x0000000080300000, 0x0000000080400000, 0x0000000080400000|100%|HC|  |TAMS 0x0000000080400000, 0x0000000080300000| Complete 
|   4|0x0000000080400000, 0x0000000080500000, 0x0000000080500000|100%| O|  |TAMS 0x0000000080500000, 0x0000000080400000| Updating 
|   5|0x0000000080500000, 0x0000000080600000, 0x0000000080600000|100%| O|  |TAMS 0x0000000080600000, 0x0000000080500000| Updating 
|   6|0x0000000080600000, 0x0000000080700000, 0x0000000080700000|100%| O|  |TAMS 0x0000000080700000, 0x0000000080600000| Updating 
|   7|0x0000000080700000, 0x0000000080800000, 0x0000000080800000|100%| O|  |TAMS 0x0000000080800000, 0x0000000080700000| Updating 
|   8|0x0000000080800000, 0x0000000080900000, 0x0000000080900000|100%| O|  |TAMS 0x0000000080900000, 0x0000000080800000| Updating 
|   9|0x0000000080900000, 0x0000000080a00000, 0x0000000080a00000|100%| O|  |TAMS 0x0000000080a00000, 0x0000000080900000| Updating 
|  10|0x0000000080a00000, 0x0000000080b00000, 0x0000000080b00000|100%| O|  |TAMS 0x0000000080b00000, 0x0000000080a00000| Updating 
|  11|0x0000000080b00000, 0x0000000080c00000, 0x0000000080c00000|100%| O|  |TAMS 0x0000000080c00000, 0x0000000080b00000| Updating 
|  12|0x0000000080c00000, 0x0000000080d00000, 0x0000000080d00000|100%| O|  |TAMS 0x0000000080d00000, 0x0000000080c00000| Updating 
|  13|0x0000000080d00000, 0x0000000080e00000, 0x0000000080e00000|100%| O|  |TAMS 0x0000000080e00000, 0x0000000080d00000| Updating 
|  14|0x0000000080e00000, 0x0000000080f00000, 0x0000000080f00000|100%| O|  |TAMS 0x0000000080f00000, 0x0000000080e00000| Updating 
|  15|0x0000000080f00000, 0x0000000081000000, 0x0000000081000000|100%| O|  |TAMS 0x0000000081000000, 0x0000000080f00000| Updating 
|  16|0x0000000081000000, 0x0000000081100000, 0x0000000081100000|100%| O|  |TAMS 0x0000000081100000, 0x0000000081000000| Updating 
|  17|0x0000000081100000, 0x0000000081200000, 0x0000000081200000|100%| O|  |TAMS 0x0000000081200000, 0x0000000081100000| Updating 
|  18|0x0000000081200000, 0x0000000081300000, 0x0000000081300000|100%|HS|  |TAMS 0x0000000081300000, 0x0000000081200000| Complete 
|  19|0x0000000081300000, 0x0000000081400000, 0x0000000081400000|100%| O|  |TAMS 0x0000000081400000, 0x0000000081300000| Updating 
|  20|0x0000000081400000, 0x0000000081500000, 0x0000000081500000|100%| O|  |TAMS 0x0000000081500000, 0x0000000081400000| Updating 
|  21|0x0000000081500000, 0x0000000081600000, 0x0000000081600000|100%| O|  |TAMS 0x0000000081600000, 0x0000000081500000| Updating 
|  22|0x0000000081600000, 0x0000000081700000, 0x0000000081700000|100%| O|  |TAMS 0x0000000081700000, 0x0000000081600000| Updating 
|  23|0x0000000081700000, 0x0000000081800000, 0x0000000081800000|100%| O|  |TAMS 0x0000000081800000, 0x0000000081700000| Updating 
|  24|0x0000000081800000, 0x0000000081900000, 0x0000000081900000|100%| O|  |TAMS 0x0000000081900000, 0x0000000081800000| Updating 
|  25|0x0000000081900000, 0x0000000081a00000, 0x0000000081a00000|100%| O|  |TAMS 0x0000000081a00000, 0x0000000081900000| Updating 
|  26|0x0000000081a00000, 0x0000000081b00000, 0x0000000081b00000|100%| O|  |TAMS 0x0000000081b00000, 0x0000000081a00000| Updating 
|  27|0x0000000081b00000, 0x0000000081c00000, 0x0000000081c00000|100%| O|  |TAMS 0x0000000081c00000, 0x0000000081b00000| Updating 
|  28|0x0000000081c00000, 0x0000000081d00000, 0x0000000081d00000|100%| O|  |TAMS 0x0000000081d00000, 0x0000000081c00000| Updating 
|  29|0x0000000081d00000, 0x0000000081e00000, 0x0000000081e00000|100%| O|  |TAMS 0x0000000081e00000, 0x0000000081d00000| Updating 
|  30|0x0000000081e00000, 0x0000000081f00000, 0x0000000081f00000|100%|HS|  |TAMS 0x0000000081f00000, 0x0000000081e00000| Complete 
|  31|0x0000000081f00000, 0x0000000082000000, 0x0000000082000000|100%| O|  |TAMS 0x0000000082000000, 0x0000000081f00000| Updating 
|  32|0x0000000082000000, 0x0000000082100000, 0x0000000082100000|100%| O|  |TAMS 0x0000000082100000, 0x0000000082000000| Updating 
|  33|0x0000000082100000, 0x0000000082200000, 0x0000000082200000|100%| O|  |TAMS 0x0000000082200000, 0x0000000082100000| Updating 
|  34|0x0000000082200000, 0x0000000082300000, 0x0000000082300000|100%| O|  |TAMS 0x0000000082300000, 0x0000000082200000| Updating 
|  35|0x0000000082300000, 0x0000000082400000, 0x0000000082400000|100%| O|  |TAMS 0x0000000082400000, 0x0000000082300000| Updating 
|  36|0x0000000082400000, 0x0000000082500000, 0x0000000082500000|100%| O|  |TAMS 0x0000000082500000, 0x0000000082400000| Updating 
|  37|0x0000000082500000, 0x0000000082600000, 0x0000000082600000|100%| O|  |TAMS 0x0000000082600000, 0x0000000082500000| Updating 
|  38|0x0000000082600000, 0x0000000082700000, 0x0000000082700000|100%| O|  |TAMS 0x0000000082700000, 0x0000000082600000| Updating 
|  39|0x0000000082700000, 0x0000000082800000, 0x0000000082800000|100%| O|  |TAMS 0x0000000082800000, 0x0000000082700000| Updating 
|  40|0x0000000082800000, 0x0000000082900000, 0x0000000082900000|100%| O|  |TAMS 0x0000000082900000, 0x0000000082800000| Updating 
|  41|0x0000000082900000, 0x0000000082a00000, 0x0000000082a00000|100%| O|  |TAMS 0x0000000082a00000, 0x0000000082900000| Updating 
|  42|0x0000000082a00000, 0x0000000082b00000, 0x0000000082b00000|100%| O|  |TAMS 0x0000000082b00000, 0x0000000082a00000| Updating 
|  43|0x0000000082b00000, 0x0000000082c00000, 0x0000000082c00000|100%| O|  |TAMS 0x0000000082c00000, 0x0000000082b00000| Updating 
|  44|0x0000000082c00000, 0x0000000082d00000, 0x0000000082d00000|100%| O|  |TAMS 0x0000000082d00000, 0x0000000082c00000| Updating 
|  45|0x0000000082d00000, 0x0000000082e00000, 0x0000000082e00000|100%| O|  |TAMS 0x0000000082e00000, 0x0000000082d00000| Updating 
|  46|0x0000000082e00000, 0x0000000082f00000, 0x0000000082f00000|100%| O|  |TAMS 0x0000000082f00000, 0x0000000082e00000| Updating 
|  47|0x0000000082f00000, 0x0000000083000000, 0x0000000083000000|100%| O|  |TAMS 0x0000000083000000, 0x0000000082f00000| Updating 
|  48|0x0000000083000000, 0x0000000083100000, 0x0000000083100000|100%| O|  |TAMS 0x0000000083100000, 0x0000000083000000| Updating 
|  49|0x0000000083100000, 0x0000000083200000, 0x0000000083200000|100%| O|  |TAMS 0x0000000083200000, 0x0000000083100000| Updating 
|  50|0x0000000083200000, 0x0000000083300000, 0x0000000083300000|100%| O|  |TAMS 0x0000000083300000, 0x0000000083200000| Updating 
|  51|0x0000000083300000, 0x0000000083400000, 0x0000000083400000|100%| O|  |TAMS 0x0000000083400000, 0x0000000083300000| Updating 
|  52|0x0000000083400000, 0x0000000083500000, 0x0000000083500000|100%| O|  |TAMS 0x0000000083500000, 0x0000000083400000| Updating 
|  53|0x0000000083500000, 0x0000000083600000, 0x0000000083600000|100%| O|  |TAMS 0x0000000083600000, 0x0000000083500000| Updating 
|  54|0x0000000083600000, 0x0000000083700000, 0x0000000083700000|100%| O|  |TAMS 0x0000000083700000, 0x0000000083600000| Updating 
|  55|0x0000000083700000, 0x0000000083800000, 0x0000000083800000|100%| O|  |TAMS 0x0000000083800000, 0x0000000083700000| Updating 
|  56|0x0000000083800000, 0x0000000083900000, 0x0000000083900000|100%| O|  |TAMS 0x0000000083900000, 0x0000000083800000| Updating 
|  57|0x0000000083900000, 0x0000000083a00000, 0x0000000083a00000|100%| O|  |TAMS 0x0000000083a00000, 0x0000000083900000| Updating 
|  58|0x0000000083a00000, 0x0000000083b00000, 0x0000000083b00000|100%| O|  |TAMS 0x0000000083b00000, 0x0000000083a00000| Updating 
|  59|0x0000000083b00000, 0x0000000083c00000, 0x0000000083c00000|100%| O|  |TAMS 0x0000000083c00000, 0x0000000083b00000| Updating 
|  60|0x0000000083c00000, 0x0000000083d00000, 0x0000000083d00000|100%| O|  |TAMS 0x0000000083d00000, 0x0000000083c00000| Updating 
|  61|0x0000000083d00000, 0x0000000083e00000, 0x0000000083e00000|100%| O|  |TAMS 0x0000000083e00000, 0x0000000083d00000| Updating 
|  62|0x0000000083e00000, 0x0000000083f00000, 0x0000000083f00000|100%| O|  |TAMS 0x0000000083f00000, 0x0000000083e00000| Updating 
|  63|0x0000000083f00000, 0x0000000084000000, 0x0000000084000000|100%| O|  |TAMS 0x0000000084000000, 0x0000000083f00000| Updating 
|  64|0x0000000084000000, 0x0000000084100000, 0x0000000084100000|100%| O|  |TAMS 0x0000000084100000, 0x0000000084000000| Updating 
|  65|0x0000000084100000, 0x0000000084200000, 0x0000000084200000|100%| O|  |TAMS 0x0000000084200000, 0x0000000084100000| Updating 
|  66|0x0000000084200000, 0x0000000084300000, 0x0000000084300000|100%| O|  |TAMS 0x0000000084300000, 0x0000000084200000| Updating 
|  67|0x0000000084300000, 0x0000000084400000, 0x0000000084400000|100%| O|  |TAMS 0x0000000084400000, 0x0000000084300000| Updating 
|  68|0x0000000084400000, 0x0000000084500000, 0x0000000084500000|100%| O|  |TAMS 0x0000000084500000, 0x0000000084400000| Updating 
|  69|0x0000000084500000, 0x0000000084600000, 0x0000000084600000|100%| O|  |TAMS 0x0000000084600000, 0x0000000084500000| Updating 
|  70|0x0000000084600000, 0x0000000084700000, 0x0000000084700000|100%| O|  |TAMS 0x0000000084700000, 0x0000000084600000| Updating 
|  71|0x0000000084700000, 0x0000000084800000, 0x0000000084800000|100%| O|  |TAMS 0x0000000084800000, 0x0000000084700000| Updating 
|  72|0x0000000084800000, 0x0000000084900000, 0x0000000084900000|100%| O|  |TAMS 0x0000000084900000, 0x0000000084800000| Updating 
|  73|0x0000000084900000, 0x0000000084a00000, 0x0000000084a00000|100%| O|  |TAMS 0x0000000084a00000, 0x0000000084900000| Updating 
|  74|0x0000000084a00000, 0x0000000084b00000, 0x0000000084b00000|100%| O|  |TAMS 0x0000000084b00000, 0x0000000084a00000| Updating 
|  75|0x0000000084b00000, 0x0000000084c00000, 0x0000000084c00000|100%| O|  |TAMS 0x0000000084c00000, 0x0000000084b00000| Updating 
|  76|0x0000000084c00000, 0x0000000084d00000, 0x0000000084d00000|100%| O|  |TAMS 0x0000000084d00000, 0x0000000084c00000| Updating 
|  77|0x0000000084d00000, 0x0000000084e00000, 0x0000000084e00000|100%| O|  |TAMS 0x0000000084e00000, 0x0000000084d00000| Updating 
|  78|0x0000000084e00000, 0x0000000084f00000, 0x0000000084f00000|100%| O|  |TAMS 0x0000000084f00000, 0x0000000084e00000| Updating 
|  79|0x0000000084f00000, 0x0000000085000000, 0x0000000085000000|100%| O|  |TAMS 0x0000000085000000, 0x0000000084f00000| Updating 
|  80|0x0000000085000000, 0x0000000085100000, 0x0000000085100000|100%| O|  |TAMS 0x0000000085100000, 0x0000000085000000| Updating 
|  81|0x0000000085100000, 0x0000000085200000, 0x0000000085200000|100%| O|  |TAMS 0x0000000085200000, 0x0000000085100000| Updating 
|  82|0x0000000085200000, 0x0000000085300000, 0x0000000085300000|100%| O|  |TAMS 0x0000000085300000, 0x0000000085200000| Updating 
|  83|0x0000000085300000, 0x0000000085400000, 0x0000000085400000|100%| O|  |TAMS 0x0000000085400000, 0x0000000085300000| Updating 
|  84|0x0000000085400000, 0x0000000085500000, 0x0000000085500000|100%| O|  |TAMS 0x0000000085500000, 0x0000000085400000| Updating 
|  85|0x0000000085500000, 0x0000000085600000, 0x0000000085600000|100%| O|  |TAMS 0x0000000085600000, 0x0000000085500000| Updating 
|  86|0x0000000085600000, 0x0000000085700000, 0x0000000085700000|100%| O|  |TAMS 0x0000000085700000, 0x0000000085600000| Updating 
|  87|0x0000000085700000, 0x0000000085800000, 0x0000000085800000|100%| O|  |TAMS 0x0000000085800000, 0x0000000085700000| Updating 
|  88|0x0000000085800000, 0x0000000085900000, 0x0000000085900000|100%| O|  |TAMS 0x0000000085900000, 0x0000000085800000| Updating 
|  89|0x0000000085900000, 0x0000000085a00000, 0x0000000085a00000|100%| O|  |TAMS 0x0000000085a00000, 0x0000000085900000| Updating 
|  90|0x0000000085a00000, 0x0000000085b00000, 0x0000000085b00000|100%| O|  |TAMS 0x0000000085b00000, 0x0000000085a00000| Updating 
|  91|0x0000000085b00000, 0x0000000085c00000, 0x0000000085c00000|100%|HS|  |TAMS 0x0000000085c00000, 0x0000000085b00000| Complete 
|  92|0x0000000085c00000, 0x0000000085d00000, 0x0000000085d00000|100%| O|  |TAMS 0x0000000085d00000, 0x0000000085c00000| Updating 
|  93|0x0000000085d00000, 0x0000000085e00000, 0x0000000085e00000|100%| O|  |TAMS 0x0000000085e00000, 0x0000000085d00000| Updating 
|  94|0x0000000085e00000, 0x0000000085f00000, 0x0000000085f00000|100%| O|  |TAMS 0x0000000085f00000, 0x0000000085e00000| Updating 
|  95|0x0000000085f00000, 0x0000000086000000, 0x0000000086000000|100%| O|  |TAMS 0x0000000086000000, 0x0000000085f00000| Updating 
|  96|0x0000000086000000, 0x0000000086100000, 0x0000000086100000|100%| O|  |TAMS 0x0000000086100000, 0x0000000086000000| Updating 
|  97|0x0000000086100000, 0x0000000086200000, 0x0000000086200000|100%| O|  |TAMS 0x0000000086200000, 0x0000000086100000| Updating 
|  98|0x0000000086200000, 0x0000000086300000, 0x0000000086300000|100%| O|  |TAMS 0x0000000086300000, 0x0000000086200000| Updating 
|  99|0x0000000086300000, 0x0000000086400000, 0x0000000086400000|100%| O|  |TAMS 0x0000000086400000, 0x0000000086300000| Updating 
| 100|0x0000000086400000, 0x0000000086500000, 0x0000000086500000|100%| O|  |TAMS 0x0000000086500000, 0x0000000086400000| Updating 
| 101|0x0000000086500000, 0x0000000086600000, 0x0000000086600000|100%| O|  |TAMS 0x0000000086600000, 0x0000000086500000| Updating 
| 102|0x0000000086600000, 0x0000000086700000, 0x0000000086700000|100%| O|  |TAMS 0x0000000086700000, 0x0000000086600000| Updating 
| 103|0x0000000086700000, 0x0000000086800000, 0x0000000086800000|100%| O|  |TAMS 0x0000000086800000, 0x0000000086700000| Updating 
| 104|0x0000000086800000, 0x0000000086900000, 0x0000000086900000|100%| O|  |TAMS 0x0000000086900000, 0x0000000086800000| Updating 
| 105|0x0000000086900000, 0x0000000086a00000, 0x0000000086a00000|100%| O|  |TAMS 0x0000000086a00000, 0x0000000086900000| Updating 
| 106|0x0000000086a00000, 0x0000000086b00000, 0x0000000086b00000|100%| O|  |TAMS 0x0000000086b00000, 0x0000000086a00000| Updating 
| 107|0x0000000086b00000, 0x0000000086c00000, 0x0000000086c00000|100%| O|  |TAMS 0x0000000086c00000, 0x0000000086b00000| Updating 
| 108|0x0000000086c00000, 0x0000000086d00000, 0x0000000086d00000|100%| O|  |TAMS 0x0000000086d00000, 0x0000000086c00000| Updating 
| 109|0x0000000086d00000, 0x0000000086e00000, 0x0000000086e00000|100%| O|  |TAMS 0x0000000086e00000, 0x0000000086d00000| Updating 
| 110|0x0000000086e00000, 0x0000000086f00000, 0x0000000086f00000|100%| O|  |TAMS 0x0000000086f00000, 0x0000000086e00000| Updating 
| 111|0x0000000086f00000, 0x0000000087000000, 0x0000000087000000|100%| O|  |TAMS 0x0000000087000000, 0x0000000086f00000| Updating 
| 112|0x0000000087000000, 0x0000000087100000, 0x0000000087100000|100%| O|  |TAMS 0x0000000087100000, 0x0000000087000000| Updating 
| 113|0x0000000087100000, 0x0000000087200000, 0x0000000087200000|100%| O|  |TAMS 0x0000000087200000, 0x0000000087100000| Updating 
| 114|0x0000000087200000, 0x0000000087300000, 0x0000000087300000|100%| O|  |TAMS 0x0000000087300000, 0x0000000087200000| Updating 
| 115|0x0000000087300000, 0x0000000087400000, 0x0000000087400000|100%| O|  |TAMS 0x0000000087400000, 0x0000000087300000| Updating 
| 116|0x0000000087400000, 0x0000000087500000, 0x0000000087500000|100%| O|  |TAMS 0x0000000087500000, 0x0000000087400000| Updating 
| 117|0x0000000087500000, 0x0000000087600000, 0x0000000087600000|100%| O|  |TAMS 0x0000000087600000, 0x0000000087500000| Updating 
| 118|0x0000000087600000, 0x0000000087700000, 0x0000000087700000|100%| O|  |TAMS 0x0000000087700000, 0x0000000087600000| Updating 
| 119|0x0000000087700000, 0x0000000087800000, 0x0000000087800000|100%| O|  |TAMS 0x0000000087800000, 0x0000000087700000| Updating 
| 120|0x0000000087800000, 0x0000000087900000, 0x0000000087900000|100%| O|  |TAMS 0x0000000087900000, 0x0000000087800000| Updating 
| 121|0x0000000087900000, 0x0000000087a00000, 0x0000000087a00000|100%| O|  |TAMS 0x0000000087a00000, 0x0000000087900000| Updating 
| 122|0x0000000087a00000, 0x0000000087b00000, 0x0000000087b00000|100%| O|  |TAMS 0x0000000087b00000, 0x0000000087a00000| Updating 
| 123|0x0000000087b00000, 0x0000000087c00000, 0x0000000087c00000|100%| O|  |TAMS 0x0000000087c00000, 0x0000000087b00000| Updating 
| 124|0x0000000087c00000, 0x0000000087d00000, 0x0000000087d00000|100%| O|  |TAMS 0x0000000087d00000, 0x0000000087c00000| Updating 
| 125|0x0000000087d00000, 0x0000000087e00000, 0x0000000087e00000|100%| O|  |TAMS 0x0000000087e00000, 0x0000000087d00000| Updating 
| 126|0x0000000087e00000, 0x0000000087f00000, 0x0000000087f00000|100%| O|  |TAMS 0x0000000087f00000, 0x0000000087e00000| Updating 
| 127|0x0000000087f00000, 0x0000000088000000, 0x0000000088000000|100%| O|  |TAMS 0x0000000088000000, 0x0000000087f00000| Updating 
| 128|0x0000000088000000, 0x0000000088100000, 0x0000000088100000|100%| O|  |TAMS 0x0000000088100000, 0x0000000088000000| Updating 
| 129|0x0000000088100000, 0x0000000088200000, 0x0000000088200000|100%| O|  |TAMS 0x0000000088200000, 0x0000000088100000| Updating 
| 130|0x0000000088200000, 0x0000000088300000, 0x0000000088300000|100%| O|  |TAMS 0x0000000088300000, 0x0000000088200000| Updating 
| 131|0x0000000088300000, 0x0000000088400000, 0x0000000088400000|100%| O|  |TAMS 0x0000000088400000, 0x0000000088300000| Updating 
| 132|0x0000000088400000, 0x0000000088500000, 0x0000000088500000|100%| O|  |TAMS 0x0000000088500000, 0x0000000088400000| Updating 
| 133|0x0000000088500000, 0x0000000088600000, 0x0000000088600000|100%| O|  |TAMS 0x0000000088600000, 0x0000000088500000| Updating 
| 134|0x0000000088600000, 0x0000000088700000, 0x0000000088700000|100%| O|  |TAMS 0x0000000088700000, 0x0000000088600000| Updating 
| 135|0x0000000088700000, 0x0000000088800000, 0x0000000088800000|100%| O|  |TAMS 0x0000000088800000, 0x0000000088700000| Updating 
| 136|0x0000000088800000, 0x0000000088900000, 0x0000000088900000|100%| O|  |TAMS 0x0000000088900000, 0x0000000088800000| Updating 
| 137|0x0000000088900000, 0x0000000088a00000, 0x0000000088a00000|100%| O|  |TAMS 0x0000000088a00000, 0x0000000088900000| Updating 
| 138|0x0000000088a00000, 0x0000000088b00000, 0x0000000088b00000|100%| O|  |TAMS 0x0000000088b00000, 0x0000000088a00000| Updating 
| 139|0x0000000088b00000, 0x0000000088c00000, 0x0000000088c00000|100%| O|  |TAMS 0x0000000088c00000, 0x0000000088b00000| Updating 
| 140|0x0000000088c00000, 0x0000000088d00000, 0x0000000088d00000|100%| O|  |TAMS 0x0000000088d00000, 0x0000000088c00000| Updating 
| 141|0x0000000088d00000, 0x0000000088e00000, 0x0000000088e00000|100%| O|  |TAMS 0x0000000088e00000, 0x0000000088d00000| Updating 
| 142|0x0000000088e00000, 0x0000000088f00000, 0x0000000088f00000|100%| O|  |TAMS 0x0000000088f00000, 0x0000000088e00000| Updating 
| 143|0x0000000088f00000, 0x0000000089000000, 0x0000000089000000|100%| O|  |TAMS 0x0000000089000000, 0x0000000088f00000| Updating 
| 144|0x0000000089000000, 0x0000000089100000, 0x0000000089100000|100%| O|  |TAMS 0x0000000089100000, 0x0000000089000000| Updating 
| 145|0x0000000089100000, 0x0000000089200000, 0x0000000089200000|100%| O|  |TAMS 0x0000000089200000, 0x0000000089100000| Updating 
| 146|0x0000000089200000, 0x0000000089300000, 0x0000000089300000|100%| O|  |TAMS 0x0000000089300000, 0x0000000089200000| Updating 
| 147|0x0000000089300000, 0x0000000089400000, 0x0000000089400000|100%| O|  |TAMS 0x0000000089400000, 0x0000000089300000| Updating 
| 148|0x0000000089400000, 0x0000000089500000, 0x0000000089500000|100%| O|  |TAMS 0x0000000089500000, 0x0000000089400000| Updating 
| 149|0x0000000089500000, 0x0000000089600000, 0x0000000089600000|100%| O|  |TAMS 0x0000000089600000, 0x0000000089500000| Updating 
| 150|0x0000000089600000, 0x0000000089700000, 0x0000000089700000|100%| O|  |TAMS 0x0000000089700000, 0x0000000089600000| Updating 
| 151|0x0000000089700000, 0x0000000089800000, 0x0000000089800000|100%| O|  |TAMS 0x0000000089800000, 0x0000000089700000| Updating 
| 152|0x0000000089800000, 0x0000000089900000, 0x0000000089900000|100%| O|  |TAMS 0x0000000089900000, 0x0000000089800000| Updating 
| 153|0x0000000089900000, 0x0000000089a00000, 0x0000000089a00000|100%| O|  |TAMS 0x0000000089a00000, 0x0000000089900000| Updating 
| 154|0x0000000089a00000, 0x0000000089b00000, 0x0000000089b00000|100%| O|  |TAMS 0x0000000089b00000, 0x0000000089a00000| Updating 
| 155|0x0000000089b00000, 0x0000000089c00000, 0x0000000089c00000|100%| O|  |TAMS 0x0000000089c00000, 0x0000000089b00000| Updating 
| 156|0x0000000089c00000, 0x0000000089d00000, 0x0000000089d00000|100%| O|  |TAMS 0x0000000089c22c00, 0x0000000089c00000| Untracked 
| 157|0x0000000089d00000, 0x0000000089e00000, 0x0000000089e00000|100%| O|  |TAMS 0x0000000089d00000, 0x0000000089d00000| Untracked 
| 158|0x0000000089e00000, 0x0000000089f00000, 0x0000000089f00000|100%| O|  |TAMS 0x0000000089e00000, 0x0000000089e00000| Untracked 
| 159|0x0000000089f00000, 0x000000008a000000, 0x000000008a000000|100%| O|  |TAMS 0x0000000089f00000, 0x0000000089f00000| Untracked 
| 160|0x000000008a000000, 0x000000008a100000, 0x000000008a100000|100%| O|  |TAMS 0x000000008a000000, 0x000000008a000000| Untracked 
| 161|0x000000008a100000, 0x000000008a200000, 0x000000008a200000|100%| O|  |TAMS 0x000000008a100000, 0x000000008a100000| Untracked 
| 162|0x000000008a200000, 0x000000008a300000, 0x000000008a300000|100%| O|  |TAMS 0x000000008a200000, 0x000000008a200000| Untracked 
| 163|0x000000008a300000, 0x000000008a400000, 0x000000008a400000|100%| O|  |TAMS 0x000000008a300000, 0x000000008a300000| Untracked 
| 164|0x000000008a400000, 0x000000008a500000, 0x000000008a500000|100%| O|  |TAMS 0x000000008a400000, 0x000000008a400000| Untracked 
| 165|0x000000008a500000, 0x000000008a600000, 0x000000008a600000|100%| O|  |TAMS 0x000000008a500000, 0x000000008a500000| Updating 
| 166|0x000000008a600000, 0x000000008a700000, 0x000000008a700000|100%| O|  |TAMS 0x000000008a600000, 0x000000008a600000| Untracked 
| 167|0x000000008a700000, 0x000000008a800000, 0x000000008a800000|100%| O|  |TAMS 0x000000008a700000, 0x000000008a700000| Untracked 
| 168|0x000000008a800000, 0x000000008a900000, 0x000000008a900000|100%| O|  |TAMS 0x000000008a800000, 0x000000008a800000| Untracked 
| 169|0x000000008a900000, 0x000000008aa00000, 0x000000008aa00000|100%| O|  |TAMS 0x000000008a900000, 0x000000008a900000| Untracked 
| 170|0x000000008aa00000, 0x000000008ab00000, 0x000000008ab00000|100%| O|  |TAMS 0x000000008aa00000, 0x000000008aa00000| Untracked 
| 171|0x000000008ab00000, 0x000000008ac00000, 0x000000008ac00000|100%| O|  |TAMS 0x000000008ab00000, 0x000000008ab00000| Untracked 
| 172|0x000000008ac00000, 0x000000008ad00000, 0x000000008ad00000|100%| O|  |TAMS 0x000000008ac00000, 0x000000008ac00000| Untracked 
| 173|0x000000008ad00000, 0x000000008ae00000, 0x000000008ae00000|100%| O|  |TAMS 0x000000008ad00000, 0x000000008ad00000| Untracked 
| 174|0x000000008ae00000, 0x000000008ae00000, 0x000000008af00000|  0%| F|  |TAMS 0x000000008ae00000, 0x000000008ae00000| Untracked 
| 175|0x000000008af00000, 0x000000008af00000, 0x000000008b000000|  0%| F|  |TAMS 0x000000008af00000, 0x000000008af00000| Untracked 
| 176|0x000000008b000000, 0x000000008b000000, 0x000000008b100000|  0%| F|  |TAMS 0x000000008b000000, 0x000000008b000000| Untracked 
| 177|0x000000008b100000, 0x000000008b100000, 0x000000008b200000|  0%| F|  |TAMS 0x000000008b100000, 0x000000008b100000| Untracked 
| 178|0x000000008b200000, 0x000000008b200000, 0x000000008b300000|  0%| F|  |TAMS 0x000000008b200000, 0x000000008b200000| Untracked 
| 179|0x000000008b300000, 0x000000008b300000, 0x000000008b400000|  0%| F|  |TAMS 0x000000008b300000, 0x000000008b300000| Untracked 
| 180|0x000000008b400000, 0x000000008b400000, 0x000000008b500000|  0%| F|  |TAMS 0x000000008b400000, 0x000000008b400000| Untracked 
| 181|0x000000008b500000, 0x000000008b500000, 0x000000008b600000|  0%| F|  |TAMS 0x000000008b500000, 0x000000008b500000| Untracked 
| 182|0x000000008b600000, 0x000000008b600000, 0x000000008b700000|  0%| F|  |TAMS 0x000000008b600000, 0x000000008b600000| Untracked 
| 183|0x000000008b700000, 0x000000008b700000, 0x000000008b800000|  0%| F|  |TAMS 0x000000008b700000, 0x000000008b700000| Untracked 
| 184|0x000000008b800000, 0x000000008b800000, 0x000000008b900000|  0%| F|  |TAMS 0x000000008b800000, 0x000000008b800000| Untracked 
| 185|0x000000008b900000, 0x000000008b900000, 0x000000008ba00000|  0%| F|  |TAMS 0x000000008b900000, 0x000000008b900000| Untracked 
| 186|0x000000008ba00000, 0x000000008ba00000, 0x000000008bb00000|  0%| F|  |TAMS 0x000000008ba00000, 0x000000008ba00000| Untracked 
| 187|0x000000008bb00000, 0x000000008bb00000, 0x000000008bc00000|  0%| F|  |TAMS 0x000000008bb00000, 0x000000008bb00000| Untracked 
| 188|0x000000008bc00000, 0x000000008bc00000, 0x000000008bd00000|  0%| F|  |TAMS 0x000000008bc00000, 0x000000008bc00000| Untracked 
| 189|0x000000008bd00000, 0x000000008bd00000, 0x000000008be00000|  0%| F|  |TAMS 0x000000008bd00000, 0x000000008bd00000| Untracked 
| 190|0x000000008be00000, 0x000000008be00000, 0x000000008bf00000|  0%| F|  |TAMS 0x000000008be00000, 0x000000008be00000| Untracked 
| 191|0x000000008bf00000, 0x000000008bf00000, 0x000000008c000000|  0%| F|  |TAMS 0x000000008bf00000, 0x000000008bf00000| Untracked 
| 192|0x000000008c000000, 0x000000008c000000, 0x000000008c100000|  0%| F|  |TAMS 0x000000008c000000, 0x000000008c000000| Untracked 
| 193|0x000000008c100000, 0x000000008c100000, 0x000000008c200000|  0%| F|  |TAMS 0x000000008c100000, 0x000000008c100000| Untracked 
| 194|0x000000008c200000, 0x000000008c200000, 0x000000008c300000|  0%| F|  |TAMS 0x000000008c200000, 0x000000008c200000| Untracked 
| 195|0x000000008c300000, 0x000000008c300000, 0x000000008c400000|  0%| F|  |TAMS 0x000000008c300000, 0x000000008c300000| Untracked 
| 196|0x000000008c400000, 0x000000008c400000, 0x000000008c500000|  0%| F|  |TAMS 0x000000008c400000, 0x000000008c400000| Untracked 
| 197|0x000000008c500000, 0x000000008c500000, 0x000000008c600000|  0%| F|  |TAMS 0x000000008c500000, 0x000000008c500000| Untracked 
| 198|0x000000008c600000, 0x000000008c600000, 0x000000008c700000|  0%| F|  |TAMS 0x000000008c600000, 0x000000008c600000| Untracked 
| 199|0x000000008c700000, 0x000000008c700000, 0x000000008c800000|  0%| F|  |TAMS 0x000000008c700000, 0x000000008c700000| Untracked 
| 200|0x000000008c800000, 0x000000008c800000, 0x000000008c900000|  0%| F|  |TAMS 0x000000008c800000, 0x000000008c800000| Untracked 
| 201|0x000000008c900000, 0x000000008c900000, 0x000000008ca00000|  0%| F|  |TAMS 0x000000008c900000, 0x000000008c900000| Untracked 
| 202|0x000000008ca00000, 0x000000008ca00000, 0x000000008cb00000|  0%| F|  |TAMS 0x000000008ca00000, 0x000000008ca00000| Untracked 
| 203|0x000000008cb00000, 0x000000008cb00000, 0x000000008cc00000|  0%| F|  |TAMS 0x000000008cb00000, 0x000000008cb00000| Untracked 
| 204|0x000000008cc00000, 0x000000008cc00000, 0x000000008cd00000|  0%| F|  |TAMS 0x000000008cc00000, 0x000000008cc00000| Untracked 
| 205|0x000000008cd00000, 0x000000008cd00000, 0x000000008ce00000|  0%| F|  |TAMS 0x000000008cd00000, 0x000000008cd00000| Untracked 
| 206|0x000000008ce00000, 0x000000008ce00000, 0x000000008cf00000|  0%| F|  |TAMS 0x000000008ce00000, 0x000000008ce00000| Untracked 
| 207|0x000000008cf00000, 0x000000008cf00000, 0x000000008d000000|  0%| F|  |TAMS 0x000000008cf00000, 0x000000008cf00000| Untracked 
| 208|0x000000008d000000, 0x000000008d100000, 0x000000008d100000|100%| S|CS|TAMS 0x000000008d000000, 0x000000008d000000| Complete 
| 209|0x000000008d100000, 0x000000008d100000, 0x000000008d200000|  0%| F|  |TAMS 0x000000008d100000, 0x000000008d100000| Untracked 
| 210|0x000000008d200000, 0x000000008d200000, 0x000000008d300000|  0%| F|  |TAMS 0x000000008d200000, 0x000000008d200000| Untracked 
| 211|0x000000008d300000, 0x000000008d300000, 0x000000008d400000|  0%| F|  |TAMS 0x000000008d300000, 0x000000008d300000| Untracked 
| 212|0x000000008d400000, 0x000000008d400000, 0x000000008d500000|  0%| F|  |TAMS 0x000000008d400000, 0x000000008d400000| Untracked 
| 213|0x000000008d500000, 0x000000008d500000, 0x000000008d600000|  0%| F|  |TAMS 0x000000008d500000, 0x000000008d500000| Untracked 
| 214|0x000000008d600000, 0x000000008d700000, 0x000000008d700000|100%| S|CS|TAMS 0x000000008d600000, 0x000000008d600000| Complete 
| 215|0x000000008d700000, 0x000000008d800000, 0x000000008d800000|100%| S|CS|TAMS 0x000000008d700000, 0x000000008d700000| Complete 
| 216|0x000000008d800000, 0x000000008d800000, 0x000000008d900000|  0%| F|  |TAMS 0x000000008d800000, 0x000000008d800000| Untracked 
| 217|0x000000008d900000, 0x000000008d900000, 0x000000008da00000|  0%| F|  |TAMS 0x000000008d900000, 0x000000008d900000| Untracked 
| 218|0x000000008da00000, 0x000000008da00000, 0x000000008db00000|  0%| F|  |TAMS 0x000000008da00000, 0x000000008da00000| Untracked 
| 219|0x000000008db00000, 0x000000008dc00000, 0x000000008dc00000|100%| S|CS|TAMS 0x000000008db00000, 0x000000008db00000| Complete 
| 220|0x000000008dc00000, 0x000000008dd00000, 0x000000008dd00000|100%| S|CS|TAMS 0x000000008dc00000, 0x000000008dc00000| Complete 
| 221|0x000000008dd00000, 0x000000008de00000, 0x000000008de00000|100%| S|CS|TAMS 0x000000008dd00000, 0x000000008dd00000| Complete 
| 222|0x000000008de00000, 0x000000008df00000, 0x000000008df00000|100%| S|CS|TAMS 0x000000008de00000, 0x000000008de00000| Complete 
| 223|0x000000008df00000, 0x000000008df00000, 0x000000008e000000|  0%| F|  |TAMS 0x000000008df00000, 0x000000008df00000| Untracked 
| 224|0x000000008e000000, 0x000000008e000000, 0x000000008e100000|  0%| F|  |TAMS 0x000000008e000000, 0x000000008e000000| Untracked 
| 225|0x000000008e100000, 0x000000008e100000, 0x000000008e200000|  0%| F|  |TAMS 0x000000008e100000, 0x000000008e100000| Untracked 
| 226|0x000000008e200000, 0x000000008e200000, 0x000000008e300000|  0%| F|  |TAMS 0x000000008e200000, 0x000000008e200000| Untracked 
| 227|0x000000008e300000, 0x000000008e300000, 0x000000008e400000|  0%| F|  |TAMS 0x000000008e300000, 0x000000008e300000| Untracked 
| 228|0x000000008e400000, 0x000000008e400000, 0x000000008e500000|  0%| F|  |TAMS 0x000000008e400000, 0x000000008e400000| Untracked 
| 229|0x000000008e500000, 0x000000008e500000, 0x000000008e600000|  0%| F|  |TAMS 0x000000008e500000, 0x000000008e500000| Untracked 
| 230|0x000000008e600000, 0x000000008e600000, 0x000000008e700000|  0%| F|  |TAMS 0x000000008e600000, 0x000000008e600000| Untracked 
| 231|0x000000008e700000, 0x000000008e700000, 0x000000008e800000|  0%| F|  |TAMS 0x000000008e700000, 0x000000008e700000| Untracked 
| 232|0x000000008e800000, 0x000000008e800000, 0x000000008e900000|  0%| F|  |TAMS 0x000000008e800000, 0x000000008e800000| Untracked 
| 233|0x000000008e900000, 0x000000008e900000, 0x000000008ea00000|  0%| F|  |TAMS 0x000000008e900000, 0x000000008e900000| Untracked 
| 234|0x000000008ea00000, 0x000000008ea00000, 0x000000008eb00000|  0%| F|  |TAMS 0x000000008ea00000, 0x000000008ea00000| Untracked 
| 235|0x000000008eb00000, 0x000000008eb00000, 0x000000008ec00000|  0%| F|  |TAMS 0x000000008eb00000, 0x000000008eb00000| Untracked 
| 236|0x000000008ec00000, 0x000000008ec00000, 0x000000008ed00000|  0%| F|  |TAMS 0x000000008ec00000, 0x000000008ec00000| Untracked 
| 237|0x000000008ed00000, 0x000000008ed00000, 0x000000008ee00000|  0%| F|  |TAMS 0x000000008ed00000, 0x000000008ed00000| Untracked 
| 238|0x000000008ee00000, 0x000000008ee00000, 0x000000008ef00000|  0%| F|  |TAMS 0x000000008ee00000, 0x000000008ee00000| Untracked 
| 239|0x000000008ef00000, 0x000000008ef00000, 0x000000008f000000|  0%| F|  |TAMS 0x000000008ef00000, 0x000000008ef00000| Untracked 
| 240|0x000000008f000000, 0x000000008f000000, 0x000000008f100000|  0%| F|  |TAMS 0x000000008f000000, 0x000000008f000000| Untracked 
| 241|0x000000008f100000, 0x000000008f100000, 0x000000008f200000|  0%| F|  |TAMS 0x000000008f100000, 0x000000008f100000| Untracked 
| 242|0x000000008f200000, 0x000000008f200000, 0x000000008f300000|  0%| F|  |TAMS 0x000000008f200000, 0x000000008f200000| Untracked 
| 243|0x000000008f300000, 0x000000008f300000, 0x000000008f400000|  0%| F|  |TAMS 0x000000008f300000, 0x000000008f300000| Untracked 
| 244|0x000000008f400000, 0x000000008f400000, 0x000000008f500000|  0%| F|  |TAMS 0x000000008f400000, 0x000000008f400000| Untracked 
| 245|0x000000008f500000, 0x000000008f500000, 0x000000008f600000|  0%| F|  |TAMS 0x000000008f500000, 0x000000008f500000| Untracked 
| 246|0x000000008f600000, 0x000000008f600000, 0x000000008f700000|  0%| F|  |TAMS 0x000000008f600000, 0x000000008f600000| Untracked 
| 247|0x000000008f700000, 0x000000008f700000, 0x000000008f800000|  0%| F|  |TAMS 0x000000008f700000, 0x000000008f700000| Untracked 
| 248|0x000000008f800000, 0x000000008f800000, 0x000000008f900000|  0%| F|  |TAMS 0x000000008f800000, 0x000000008f800000| Untracked 
| 249|0x000000008f900000, 0x000000008f900000, 0x000000008fa00000|  0%| F|  |TAMS 0x000000008f900000, 0x000000008f900000| Untracked 
| 250|0x000000008fa00000, 0x000000008fa00000, 0x000000008fb00000|  0%| F|  |TAMS 0x000000008fa00000, 0x000000008fa00000| Untracked 
| 251|0x000000008fb00000, 0x000000008fb00000, 0x000000008fc00000|  0%| F|  |TAMS 0x000000008fb00000, 0x000000008fb00000| Untracked 
| 252|0x000000008fc00000, 0x000000008fc00000, 0x000000008fd00000|  0%| F|  |TAMS 0x000000008fc00000, 0x000000008fc00000| Untracked 
| 253|0x000000008fd00000, 0x000000008fd00000, 0x000000008fe00000|  0%| F|  |TAMS 0x000000008fd00000, 0x000000008fd00000| Untracked 
| 254|0x000000008fe00000, 0x000000008fe00000, 0x000000008ff00000|  0%| F|  |TAMS 0x000000008fe00000, 0x000000008fe00000| Untracked 
| 255|0x000000008ff00000, 0x000000008ff00000, 0x0000000090000000|  0%| F|  |TAMS 0x000000008ff00000, 0x000000008ff00000| Untracked 
| 256|0x0000000090000000, 0x0000000090000000, 0x0000000090100000|  0%| F|  |TAMS 0x0000000090000000, 0x0000000090000000| Untracked 
| 257|0x0000000090100000, 0x0000000090100000, 0x0000000090200000|  0%| F|  |TAMS 0x0000000090100000, 0x0000000090100000| Untracked 
| 258|0x0000000090200000, 0x0000000090200000, 0x0000000090300000|  0%| F|  |TAMS 0x0000000090200000, 0x0000000090200000| Untracked 
| 259|0x0000000090300000, 0x0000000090300000, 0x0000000090400000|  0%| F|  |TAMS 0x0000000090300000, 0x0000000090300000| Untracked 
| 260|0x0000000090400000, 0x0000000090400000, 0x0000000090500000|  0%| F|  |TAMS 0x0000000090400000, 0x0000000090400000| Untracked 
| 261|0x0000000090500000, 0x0000000090500000, 0x0000000090600000|  0%| F|  |TAMS 0x0000000090500000, 0x0000000090500000| Untracked 
| 262|0x0000000090600000, 0x0000000090600000, 0x0000000090700000|  0%| F|  |TAMS 0x0000000090600000, 0x0000000090600000| Untracked 
| 263|0x0000000090700000, 0x0000000090700000, 0x0000000090800000|  0%| F|  |TAMS 0x0000000090700000, 0x0000000090700000| Untracked 
| 264|0x0000000090800000, 0x0000000090800000, 0x0000000090900000|  0%| F|  |TAMS 0x0000000090800000, 0x0000000090800000| Untracked 
| 265|0x0000000090900000, 0x0000000090900000, 0x0000000090a00000|  0%| F|  |TAMS 0x0000000090900000, 0x0000000090900000| Untracked 
| 266|0x0000000090a00000, 0x0000000090a00000, 0x0000000090b00000|  0%| F|  |TAMS 0x0000000090a00000, 0x0000000090a00000| Untracked 
| 267|0x0000000090b00000, 0x0000000090b00000, 0x0000000090c00000|  0%| F|  |TAMS 0x0000000090b00000, 0x0000000090b00000| Untracked 

Card table byte_map: [0x0000012d7b0b0000,0x0000012d7b4b0000] _byte_map_base: 0x0000012d7acb0000

Marking Bits (Prev, Next): (CMBitMap*) 0x0000012d67ea1ce8, (CMBitMap*) 0x0000012d67ea1d20
 Prev Bits: [0x0000012d7b8b0000, 0x0000012d7d8b0000)
 Next Bits: [0x0000012d7d8b0000, 0x0000012d7f8b0000)

Polling page: 0x0000012d65dd0000

Metaspace:

Usage:
  Non-class:     86.08 MB capacity,    84.44 MB ( 98%) used,     1.30 MB (  2%) free+waste,   350.56 KB ( <1%) overhead. 
      Class:     13.73 MB capacity,    12.65 MB ( 92%) used,   948.95 KB (  7%) free+waste,   155.75 KB (  1%) overhead. 
       Both:     99.81 MB capacity,    97.08 MB ( 97%) used,     2.23 MB (  2%) free+waste,   506.31 KB ( <1%) overhead. 

Virtual space:
  Non-class space:       88.00 MB reserved,      86.67 MB ( 98%) committed 
      Class space:        1.00 GB reserved,      13.99 MB (  1%) committed 
             Both:        1.09 GB reserved,     100.66 MB (  9%) committed 

Chunk freelists:
   Non-Class:  476.00 KB
       Class:  248.00 KB
        Both:  724.00 KB

MaxMetaspaceSize: 17179869184.00 GB
CompressedClassSpaceSize: 1.00 GB
Initial GC threshold: 20.80 MB
Current GC threshold: 167.77 MB
CDS: off

CodeHeap 'non-profiled nmethods': size=120000Kb used=7657Kb max_used=7657Kb free=112342Kb
 bounds [0x0000012d73450000, 0x0000012d73bd0000, 0x0000012d7a980000]
CodeHeap 'profiled nmethods': size=120000Kb used=26485Kb max_used=26485Kb free=93514Kb
 bounds [0x0000012d6bf20000, 0x0000012d6d900000, 0x0000012d73450000]
CodeHeap 'non-nmethods': size=5760Kb used=2437Kb max_used=2441Kb free=3323Kb
 bounds [0x0000012d6b980000, 0x0000012d6bbf0000, 0x0000012d6bf20000]
 total_blobs=13347 nmethods=12416 adapters=841
 compilation: enabled
              stopped_count=0, restarted_count=0
 full_count=0

Compilation events (20 events):
Event: 16.247 Thread 0x0000012d02c77000 12579       2       com.android.tools.r8.internal.O4::hasNext (10 bytes)
Event: 16.247 Thread 0x0000012d02c77000 nmethod 12579 0x0000012d6d8fa310 code [0x0000012d6d8fa4c0, 0x0000012d6d8fa5e8]
Event: 16.248 Thread 0x0000012d02c77000 12580       2       org.gradle.internal.classpath.Instrumented::listener (10 bytes)
Event: 16.248 Thread 0x0000012d02c77000 nmethod 12580 0x0000012d6d8fa690 code [0x0000012d6d8fa840, 0x0000012d6d8fa978]
Event: 16.250 Thread 0x0000012d02c77000 12581       2       java.io.File::normalizedList (86 bytes)
Event: 16.251 Thread 0x0000012d02c77000 nmethod 12581 0x0000012d6d8faa90 code [0x0000012d6d8facc0, 0x0000012d6d8fb238]
Event: 16.275 Thread 0x0000012d02c77000 12582       1       com.android.tools.r8.internal.cs::b (5 bytes)
Event: 16.275 Thread 0x0000012d02c77000 nmethod 12582 0x0000012d73bca290 code [0x0000012d73bca440, 0x0000012d73bca4f8]
Event: 16.276 Thread 0x0000012d02c77000 12584       2       com.android.tools.r8.internal.O4::a (19 bytes)
Event: 16.276 Thread 0x0000012d02c77000 nmethod 12584 0x0000012d6d8fb510 code [0x0000012d6d8fb6c0, 0x0000012d6d8fb868]
Event: 16.276 Thread 0x0000012d02c77000 12585       2       com.android.tools.r8.internal.O4::next (5 bytes)
Event: 16.276 Thread 0x0000012d02c77000 nmethod 12585 0x0000012d6d8fb910 code [0x0000012d6d8fbac0, 0x0000012d6d8fbc68]
Event: 16.277 Thread 0x0000012d02c77000 12586       2       java.io.RandomAccessFile::close (42 bytes)
Event: 16.281 Thread 0x0000012d02c77000 nmethod 12586 0x0000012d6d8fbd10 code [0x0000012d6d8fbf20, 0x0000012d6d8fc368]
Event: 16.281 Thread 0x0000012d02c77000 12589       2       java.util.stream.AbstractPipeline::close (48 bytes)
Event: 16.282 Thread 0x0000012d02c77000 nmethod 12589 0x0000012d6d8fc610 code [0x0000012d6d8fc7c0, 0x0000012d6d8fc988]
Event: 16.282 Thread 0x0000012d02c77000 12587       2       javax.management.ObjectName::addProperty (80 bytes)
Event: 16.283 Thread 0x0000012d02c77000 nmethod 12587 0x0000012d6d8fca90 code [0x0000012d6d8fcca0, 0x0000012d6d8fd1c8]
Event: 16.283 Thread 0x0000012d02c77000 12588       2       java.util.Collections$EmptyList::spliterator (4 bytes)
Event: 16.283 Thread 0x0000012d02c77000 nmethod 12588 0x0000012d6d8fd410 code [0x0000012d6d8fd5c0, 0x0000012d6d8fd6b8]

GC Heap History (20 events):
Event: 14.362 GC heap after
{Heap after GC invocations=25 (full 0):
 garbage-first heap   total 227328K, used 106778K [0x0000000080000000, 0x0000000100000000)
  region size 1024K, 7 young (7168K), 7 survivors (7168K)
 Metaspace       used 90715K, capacity 93487K, committed 93864K, reserved 1130496K
  class space    used 11854K, capacity 12921K, committed 13048K, reserved 1048576K
}
Event: 14.768 GC heap before
{Heap before GC invocations=26 (full 0):
 garbage-first heap   total 227328K, used 160026K [0x0000000080000000, 0x0000000100000000)
  region size 1024K, 60 young (61440K), 7 survivors (7168K)
 Metaspace       used 93345K, capacity 96149K, committed 96296K, reserved 1132544K
  class space    used 12185K, capacity 13290K, committed 13432K, reserved 1048576K
}
Event: 14.778 GC heap after
{Heap after GC invocations=27 (full 0):
 garbage-first heap   total 227328K, used 113497K [0x0000000080000000, 0x0000000100000000)
  region size 1024K, 8 young (8192K), 8 survivors (8192K)
 Metaspace       used 93345K, capacity 96149K, committed 96296K, reserved 1132544K
  class space    used 12185K, capacity 13290K, committed 13432K, reserved 1048576K
}
Event: 14.945 GC heap before
{Heap before GC invocations=27 (full 0):
 garbage-first heap   total 227328K, used 166745K [0x0000000080000000, 0x0000000100000000)
  region size 1024K, 60 young (61440K), 8 survivors (8192K)
 Metaspace       used 94061K, capacity 96902K, committed 97064K, reserved 1132544K
  class space    used 12271K, capacity 13387K, committed 13432K, reserved 1048576K
}
Event: 14.971 GC heap after
{Heap after GC invocations=28 (full 0):
 garbage-first heap   total 227328K, used 123904K [0x0000000080000000, 0x0000000100000000)
  region size 1024K, 8 young (8192K), 8 survivors (8192K)
 Metaspace       used 94061K, capacity 96902K, committed 97064K, reserved 1132544K
  class space    used 12271K, capacity 13387K, committed 13432K, reserved 1048576K
}
Event: 15.178 GC heap before
{Heap before GC invocations=28 (full 0):
 garbage-first heap   total 227328K, used 173056K [0x0000000080000000, 0x0000000100000000)
  region size 1024K, 56 young (57344K), 8 survivors (8192K)
 Metaspace       used 94674K, capacity 97488K, committed 97704K, reserved 1134592K
  class space    used 12345K, capacity 13468K, committed 13560K, reserved 1048576K
}
Event: 15.195 GC heap after
{Heap after GC invocations=29 (full 0):
 garbage-first heap   total 227328K, used 133550K [0x0000000080000000, 0x0000000100000000)
  region size 1024K, 7 young (7168K), 7 survivors (7168K)
 Metaspace       used 94674K, capacity 97488K, committed 97704K, reserved 1134592K
  class space    used 12345K, capacity 13468K, committed 13560K, reserved 1048576K
}
Event: 15.331 GC heap before
{Heap before GC invocations=30 (full 0):
 garbage-first heap   total 227328K, used 176558K [0x0000000080000000, 0x0000000100000000)
  region size 1024K, 50 young (51200K), 7 survivors (7168K)
 Metaspace       used 95356K, capacity 98283K, committed 98600K, reserved 1134592K
  class space    used 12451K, capacity 13580K, committed 13688K, reserved 1048576K
}
Event: 15.345 GC heap after
{Heap after GC invocations=31 (full 0):
 garbage-first heap   total 227328K, used 140985K [0x0000000080000000, 0x0000000100000000)
  region size 1024K, 7 young (7168K), 7 survivors (7168K)
 Metaspace       used 95356K, capacity 98283K, committed 98600K, reserved 1134592K
  class space    used 12451K, capacity 13580K, committed 13688K, reserved 1048576K
}
Event: 15.447 GC heap before
{Heap before GC invocations=31 (full 0):
 garbage-first heap   total 227328K, used 164537K [0x0000000080000000, 0x0000000100000000)
  region size 1024K, 32 young (32768K), 7 survivors (7168K)
 Metaspace       used 96710K, capacity 99613K, committed 99752K, reserved 1134592K
  class space    used 12630K, capacity 13788K, committed 13816K, reserved 1048576K
}
Event: 15.457 GC heap after
{Heap after GC invocations=32 (full 0):
 garbage-first heap   total 227328K, used 142624K [0x0000000080000000, 0x0000000100000000)
  region size 1024K, 2 young (2048K), 2 survivors (2048K)
 Metaspace       used 96710K, capacity 99613K, committed 99752K, reserved 1134592K
  class space    used 12630K, capacity 13788K, committed 13816K, reserved 1048576K
}
Event: 15.714 GC heap before
{Heap before GC invocations=32 (full 0):
 garbage-first heap   total 227328K, used 182560K [0x0000000080000000, 0x0000000100000000)
  region size 1024K, 40 young (40960K), 2 survivors (2048K)
 Metaspace       used 97296K, capacity 100120K, committed 101032K, reserved 1136640K
  class space    used 12661K, capacity 13761K, committed 14072K, reserved 1048576K
}
Event: 15.726 GC heap after
{Heap after GC invocations=33 (full 0):
 garbage-first heap   total 274432K, used 148810K [0x0000000080000000, 0x0000000100000000)
  region size 1024K, 5 young (5120K), 5 survivors (5120K)
 Metaspace       used 97296K, capacity 100120K, committed 101032K, reserved 1136640K
  class space    used 12661K, capacity 13761K, committed 14072K, reserved 1048576K
}
Event: 15.879 GC heap before
{Heap before GC invocations=34 (full 0):
 garbage-first heap   total 274432K, used 203082K [0x0000000080000000, 0x0000000100000000)
  region size 1024K, 59 young (60416K), 5 survivors (5120K)
 Metaspace       used 97914K, capacity 100775K, committed 101544K, reserved 1136640K
  class space    used 12730K, capacity 13842K, committed 14072K, reserved 1048576K
}
Event: 15.895 GC heap after
{Heap after GC invocations=35 (full 0):
 garbage-first heap   total 274432K, used 158680K [0x0000000080000000, 0x0000000100000000)
  region size 1024K, 8 young (8192K), 8 survivors (8192K)
 Metaspace       used 97914K, capacity 100775K, committed 101544K, reserved 1136640K
  class space    used 12730K, capacity 13842K, committed 14072K, reserved 1048576K
}
Event: 15.974 GC heap before
{Heap before GC invocations=35 (full 0):
 garbage-first heap   total 274432K, used 210904K [0x0000000080000000, 0x0000000100000000)
  region size 1024K, 60 young (61440K), 8 survivors (8192K)
 Metaspace       used 98342K, capacity 101249K, committed 101928K, reserved 1136640K
  class space    used 12799K, capacity 13934K, committed 14200K, reserved 1048576K
}
Event: 15.992 GC heap after
{Heap after GC invocations=36 (full 0):
 garbage-first heap   total 274432K, used 168075K [0x0000000080000000, 0x0000000100000000)
  region size 1024K, 8 young (8192K), 8 survivors (8192K)
 Metaspace       used 98342K, capacity 101249K, committed 101928K, reserved 1136640K
  class space    used 12799K, capacity 13934K, committed 14200K, reserved 1048576K
}
Event: 16.109 GC heap before
{Heap before GC invocations=36 (full 0):
 garbage-first heap   total 274432K, used 218251K [0x0000000080000000, 0x0000000100000000)
  region size 1024K, 57 young (58368K), 8 survivors (8192K)
 Metaspace       used 98872K, capacity 101718K, committed 102440K, reserved 1138688K
  class space    used 12879K, capacity 14003K, committed 14200K, reserved 1048576K
}
Event: 16.126 GC heap after
{Heap after GC invocations=37 (full 0):
 garbage-first heap   total 274432K, used 177763K [0x0000000080000000, 0x0000000100000000)
  region size 1024K, 8 young (8192K), 8 survivors (8192K)
 Metaspace       used 98872K, capacity 101718K, committed 102440K, reserved 1138688K
  class space    used 12879K, capacity 14003K, committed 14200K, reserved 1048576K
}
Event: 16.285 GC heap before
{Heap before GC invocations=37 (full 0):
 garbage-first heap   total 274432K, used 222819K [0x0000000080000000, 0x0000000100000000)
  region size 1024K, 53 young (54272K), 8 survivors (8192K)
 Metaspace       used 99413K, capacity 102204K, committed 103080K, reserved 1138688K
  class space    used 12951K, capacity 14056K, committed 14328K, reserved 1048576K
}

Deoptimization events (20 events):
Event: 15.649 Thread 0x0000012d08d14000 DEOPT PACKING pc=0x0000012d73b64ba4 sp=0x0000001dc60f9190
Event: 15.649 Thread 0x0000012d08d14000 DEOPT UNPACKING pc=0x0000012d6b9ca1af sp=0x0000001dc60f9090 mode 2
Event: 15.650 Thread 0x0000012d08d14000 DEOPT PACKING pc=0x0000012d6d885d40 sp=0x0000001dc60f95d0
Event: 15.650 Thread 0x0000012d08d14000 DEOPT UNPACKING pc=0x0000012d6b9ca95e sp=0x0000001dc60f8ad8 mode 0
Event: 15.727 Thread 0x0000012d08d1d800 Uncommon trap: trap_request=0xffffff4d fr.pc=0x0000012d736aad8c relative=0x0000000000000c6c
Event: 15.727 Thread 0x0000012d08d1d800 Uncommon trap: reason=unstable_if action=reinterpret pc=0x0000012d736aad8c method=java.util.HashMap.computeIfAbsent(Ljava/lang/Object;Ljava/util/function/Function;)Ljava/lang/Object; @ 145 c2
Event: 15.727 Thread 0x0000012d08d1d800 DEOPT PACKING pc=0x0000012d736aad8c sp=0x0000001dc67f9170
Event: 15.727 Thread 0x0000012d08d1d800 DEOPT UNPACKING pc=0x0000012d6b9ca1af sp=0x0000001dc67f9128 mode 2
Event: 15.852 Thread 0x0000012d0c097800 DEOPT PACKING pc=0x0000012d6d8d0847 sp=0x0000001dca9f6420
Event: 15.852 Thread 0x0000012d0c097800 DEOPT UNPACKING pc=0x0000012d6b9ca95e sp=0x0000001dca9f5958 mode 0
Event: 15.904 Thread 0x0000012d08d14000 Uncommon trap: trap_request=0xffffff4d fr.pc=0x0000012d73bb4260 relative=0x0000000000000780
Event: 15.904 Thread 0x0000012d08d14000 Uncommon trap: reason=unstable_if action=reinterpret pc=0x0000012d73bb4260 method=com.android.tools.r8.graph.f1.N0()Z @ 9 c2
Event: 15.904 Thread 0x0000012d08d14000 DEOPT PACKING pc=0x0000012d73bb4260 sp=0x0000001dc60f8b80
Event: 15.904 Thread 0x0000012d08d14000 DEOPT UNPACKING pc=0x0000012d6b9ca1af sp=0x0000001dc60f8a60 mode 2
Event: 16.076 Thread 0x0000012d08d18000 Uncommon trap: trap_request=0xffffff4d fr.pc=0x0000012d73bc24f0 relative=0x00000000000004d0
Event: 16.076 Thread 0x0000012d08d18000 Uncommon trap: reason=unstable_if action=reinterpret pc=0x0000012d73bc24f0 method=com.android.tools.r8.internal.cT.a(Lcom/android/tools/r8/internal/qP;Lcom/android/tools/r8/graph/u3;)V @ 51 c2
Event: 16.076 Thread 0x0000012d08d18000 DEOPT PACKING pc=0x0000012d73bc24f0 sp=0x0000001dc5bf9870
Event: 16.076 Thread 0x0000012d08d18000 DEOPT UNPACKING pc=0x0000012d6b9ca1af sp=0x0000001dc5bf9828 mode 2
Event: 16.101 Thread 0x0000012d08d18000 DEOPT PACKING pc=0x0000012d6d8be322 sp=0x0000001dc5bf8880
Event: 16.101 Thread 0x0000012d08d18000 DEOPT UNPACKING pc=0x0000012d6b9ca95e sp=0x0000001dc5bf7d38 mode 0

Classes redefined (0 events):
No events

Internal exceptions (20 events):
Event: 14.675 Thread 0x0000012d0c097800 Exception <a 'java/lang/IncompatibleClassChangeError'{0x000000008bd9f390}: Found class java.lang.Object, but interface was expected> (0x000000008bd9f390) thrown at [src/hotspot/share/interpreter/linkResolver.cpp, line 839]
Event: 14.729 Thread 0x0000012d083c7000 Exception <a 'java/lang/NoSuchMethodError'{0x000000008afd8e40}: 'java.lang.Object java.lang.invoke.DirectMethodHandle$Holder.invokeStatic(java.lang.Object, long)'> (0x000000008afd8e40) thrown at [src/hotspot/share/interpreter/linkResolver.cpp, line 773]
Event: 14.730 Thread 0x0000012d083c7000 Exception <a 'java/lang/NoSuchMethodError'{0x000000008afdcc08}: 'java.lang.Object java.lang.invoke.DirectMethodHandle$Holder.invokeSpecial(java.lang.Object, java.lang.Object, long)'> (0x000000008afdcc08) thrown at [src/hotspot/share/interpreter/linkResolver.cpp, line 773]
Event: 14.730 Thread 0x0000012d0c097800 Exception <a 'java/lang/NoSuchMethodError'{0x000000008b16d700}: 'java.lang.Object java.lang.invoke.DirectMethodHandle$Holder.invokeSpecial(java.lang.Object, java.lang.Object, long)'> (0x000000008b16d700) thrown at [src/hotspot/share/interpreter/linkResolver.cpp, line 773]
Event: 14.732 Thread 0x0000012d0c097800 Exception <a 'java/lang/NoSuchMethodError'{0x000000008ae18878}: 'java.lang.Object java.lang.invoke.Invokers$Holder.linkToTargetMethod(long, java.lang.Object)'> (0x000000008ae18878) thrown at [src/hotspot/share/interpreter/linkResolver.cpp, line 773]
Event: 14.875 Thread 0x0000012d0c0a5800 Exception <a 'java/lang/NoSuchMethodError'{0x000000008c7dd2e0}: 'java.lang.Object java.lang.invoke.DirectMethodHandle$Holder.invokeVirtual(java.lang.Object, java.lang.Object, int)'> (0x000000008c7dd2e0) thrown at [src/hotspot/share/interpreter/linkResolver.cpp, line 773]
Event: 14.924 Thread 0x0000012d0c0a5800 Exception <a 'java/lang/NoSuchMethodError'{0x000000008b0f7fe8}: 'void java.lang.invoke.DirectMethodHandle$Holder.invokeStatic(java.lang.Object, java.lang.Object, java.lang.Object, int)'> (0x000000008b0f7fe8) thrown at [src/hotspot/share/interpreter/linkResolver.cpp, line 773]
Event: 15.321 Thread 0x0000012d08d18000 Exception <a 'java/lang/IncompatibleClassChangeError'{0x000000008b780908}: Found class java.lang.Object, but interface was expected> (0x000000008b780908) thrown at [src/hotspot/share/interpreter/linkResolver.cpp, line 839]
Event: 15.321 Thread 0x0000012d0c097800 Exception <a 'java/lang/IncompatibleClassChangeError'{0x000000008b7d6660}: Found class java.lang.Object, but interface was expected> (0x000000008b7d6660) thrown at [src/hotspot/share/interpreter/linkResolver.cpp, line 839]
Event: 15.321 Thread 0x0000012d08d14000 Exception <a 'java/lang/IncompatibleClassChangeError'{0x000000008c17ba58}: Found class java.lang.Object, but interface was expected> (0x000000008c17ba58) thrown at [src/hotspot/share/interpreter/linkResolver.cpp, line 839]
Event: 15.321 Thread 0x0000012d08bc9800 Exception <a 'java/lang/IncompatibleClassChangeError'{0x000000008b7e1140}: Found class java.lang.Object, but interface was expected> (0x000000008b7e1140) thrown at [src/hotspot/share/interpreter/linkResolver.cpp, line 839]
Event: 15.321 Thread 0x0000012d08bd6000 Exception <a 'java/lang/IncompatibleClassChangeError'{0x000000008b7e7fc8}: Found class java.lang.Object, but interface was expected> (0x000000008b7e7fc8) thrown at [src/hotspot/share/interpreter/linkResolver.cpp, line 839]
Event: 15.321 Thread 0x0000012d083c7000 Exception <a 'java/lang/IncompatibleClassChangeError'{0x000000008d4c8778}: Found class java.lang.Object, but interface was expected> (0x000000008d4c8778) thrown at [src/hotspot/share/interpreter/linkResolver.cpp, line 839]
Event: 15.538 Thread 0x0000012d08bc9800 Exception <a 'java/lang/NoSuchMethodError'{0x000000008d828910}: 'java.lang.Object java.lang.invoke.DirectMethodHandle$Holder.invokeStatic(java.lang.Object, int, java.lang.Object, java.lang.Object)'> (0x000000008d828910) thrown at [src/hotspot/share/interpreter/linkResolver.cpp, line 773]
Event: 15.953 Thread 0x0000012d08bc9800 Exception <a 'java/lang/IncompatibleClassChangeError'{0x000000008e4a6180}: Found class java.lang.Object, but interface was expected> (0x000000008e4a6180) thrown at [src/hotspot/share/interpreter/linkResolver.cpp, line 839]
Event: 15.953 Thread 0x0000012d08bd6000 Exception <a 'java/lang/IncompatibleClassChangeError'{0x000000008e4b2f08}: Found class java.lang.Object, but interface was expected> (0x000000008e4b2f08) thrown at [src/hotspot/share/interpreter/linkResolver.cpp, line 839]
Event: 15.955 Thread 0x0000012d08bd6000 Exception <a 'java/lang/IncompatibleClassChangeError'{0x000000008e4bd088}: Found class java.lang.Object, but interface was expected> (0x000000008e4bd088) thrown at [src/hotspot/share/interpreter/linkResolver.cpp, line 839]
Event: 16.188 Thread 0x0000012d08d18000 Exception <a 'java/lang/NoSuchMethodError'{0x000000008fae4618}: 'void java.lang.invoke.DirectMethodHandle$Holder.invokeSpecial(java.lang.Object, java.lang.Object, int, java.lang.Object)'> (0x000000008fae4618) thrown at [src/hotspot/share/interpreter/linkResolver.cpp, line 773]
Event: 16.188 Thread 0x0000012d08bc9800 Exception <a 'java/lang/NoSuchMethodError'{0x000000008fbd5990}: 'void java.lang.invoke.DirectMethodHandle$Holder.invokeSpecial(java.lang.Object, java.lang.Object, int, java.lang.Object)'> (0x000000008fbd5990) thrown at [src/hotspot/share/interpreter/linkResolver.cpp, line 773]
Event: 16.188 Thread 0x0000012d0c097800 Exception <a 'java/lang/NoSuchMethodError'{0x000000008f8b29f0}: 'void java.lang.invoke.DirectMethodHandle$Holder.invokeSpecial(java.lang.Object, java.lang.Object, int, java.lang.Object)'> (0x000000008f8b29f0) thrown at [src/hotspot/share/interpreter/linkResolver.cpp, line 773]

Events (20 events):
Event: 16.250 loading class com/android/tools/r8/internal/Ro done
Event: 16.251 loading class com/android/tools/r8/internal/c4
Event: 16.251 loading class com/android/tools/r8/internal/c4 done
Event: 16.251 Executing VM operation: CGC_Operation
Event: 16.273 Executing VM operation: CGC_Operation done
Event: 16.274 loading class com/android/tools/r8/dex/code/K
Event: 16.274 loading class com/android/tools/r8/dex/code/K done
Event: 16.276 loading class com/android/tools/r8/internal/G50
Event: 16.276 loading class com/android/tools/r8/internal/G50 done
Event: 16.277 loading class com/android/tools/r8/internal/p3
Event: 16.277 loading class com/android/tools/r8/internal/p3 done
Event: 16.280 loading class com/android/tools/r8/internal/q3
Event: 16.280 loading class com/android/tools/r8/internal/q3 done
Event: 16.281 loading class com/android/tools/r8/internal/EY
Event: 16.281 loading class com/android/tools/r8/internal/EY done
Event: 16.281 loading class com/android/tools/r8/internal/v0
Event: 16.281 loading class com/android/tools/r8/internal/v0 done
Event: 16.283 loading class com/android/tools/r8/internal/U00
Event: 16.283 loading class com/android/tools/r8/internal/U00 done
Event: 16.284 Executing VM operation: G1CollectForAllocation


Dynamic libraries:
0x00007ff743800000 - 0x00007ff74380a000 	C:\Program Files\Android\Android Studio1\jbr\bin\java.exe
0x00007ffdf2bb0000 - 0x00007ffdf2dc4000 	C:\WINDOWS\SYSTEM32\ntdll.dll
0x00007ffdf0a80000 - 0x00007ffdf0b43000 	C:\WINDOWS\System32\KERNEL32.DLL
0x00007ffdf0020000 - 0x00007ffdf03bc000 	C:\WINDOWS\System32\KERNELBASE.dll
0x00007ffdf06b0000 - 0x00007ffdf07c1000 	C:\WINDOWS\System32\ucrtbase.dll
0x00007ffdec660000 - 0x00007ffdec67b000 	C:\Program Files\Android\Android Studio1\jbr\bin\VCRUNTIME140.dll
0x00007ffdea4e0000 - 0x00007ffdea4f7000 	C:\Program Files\Android\Android Studio1\jbr\bin\jli.dll
0x00007ffdf2070000 - 0x00007ffdf221d000 	C:\WINDOWS\System32\USER32.dll
0x00007ffdd4650000 - 0x00007ffdd48de000 	C:\WINDOWS\WinSxS\amd64_microsoft.windows.common-controls_6595b64144ccf1df_6.0.22621.608_none_a9444ca7c10bb01d\COMCTL32.dll
0x00007ffdefff0000 - 0x00007ffdf0016000 	C:\WINDOWS\System32\win32u.dll
0x00007ffdf09c0000 - 0x00007ffdf0a67000 	C:\WINDOWS\System32\msvcrt.dll
0x00007ffdf16d0000 - 0x00007ffdf16f9000 	C:\WINDOWS\System32\GDI32.dll
0x00007ffdf0520000 - 0x00007ffdf0633000 	C:\WINDOWS\System32\gdi32full.dll
0x00007ffdf03c0000 - 0x00007ffdf045a000 	C:\WINDOWS\System32\msvcp_win.dll
0x00007ffdf0e30000 - 0x00007ffdf0e61000 	C:\WINDOWS\System32\IMM32.DLL
0x00007ffdecf10000 - 0x00007ffdecf1c000 	C:\Program Files\Android\Android Studio1\jbr\bin\vcruntime140_1.dll
0x00007ffddd450000 - 0x00007ffddd4dd000 	C:\Program Files\Android\Android Studio1\jbr\bin\msvcp140.dll
0x00007ffd73d90000 - 0x00007ffd7494c000 	C:\Program Files\Android\Android Studio1\jbr\bin\server\jvm.dll
0x00007ffdf2220000 - 0x00007ffdf22ce000 	C:\WINDOWS\System32\ADVAPI32.dll
0x00007ffdf2ac0000 - 0x00007ffdf2b64000 	C:\WINDOWS\System32\sechost.dll
0x00007ffdf1360000 - 0x00007ffdf1475000 	C:\WINDOWS\System32\RPCRT4.dll
0x00007ffdf1350000 - 0x00007ffdf1358000 	C:\WINDOWS\System32\PSAPI.DLL
0x00007ffde7680000 - 0x00007ffde768a000 	C:\WINDOWS\SYSTEM32\VERSION.dll
0x00007ffde90f0000 - 0x00007ffde9124000 	C:\WINDOWS\SYSTEM32\WINMM.dll
0x00007ffdc01e0000 - 0x00007ffdc01e9000 	C:\WINDOWS\SYSTEM32\WSOCK32.dll
0x00007ffdf0ba0000 - 0x00007ffdf0c11000 	C:\WINDOWS\System32\WS2_32.dll
0x00007ffdef130000 - 0x00007ffdef148000 	C:\WINDOWS\SYSTEM32\kernel.appcore.dll
0x00007ffddcb30000 - 0x00007ffddcb40000 	C:\Program Files\Android\Android Studio1\jbr\bin\verify.dll
0x00007ffde2110000 - 0x00007ffde233e000 	C:\WINDOWS\SYSTEM32\DBGHELP.DLL
0x00007ffdf0ee0000 - 0x00007ffdf1269000 	C:\WINDOWS\System32\combase.dll
0x00007ffdf1270000 - 0x00007ffdf1347000 	C:\WINDOWS\System32\OLEAUT32.dll
0x00007ffde25f0000 - 0x00007ffde2622000 	C:\WINDOWS\SYSTEM32\dbgcore.DLL
0x00007ffdf07d0000 - 0x00007ffdf084b000 	C:\WINDOWS\System32\bcryptPrimitives.dll
0x00007ffdbffd0000 - 0x00007ffdbfff8000 	C:\Program Files\Android\Android Studio1\jbr\bin\java.dll
0x00007ffdd4930000 - 0x00007ffdd493a000 	C:\Program Files\Android\Android Studio1\jbr\bin\jimage.dll
0x00007ffdbbd80000 - 0x00007ffdbbd98000 	C:\Program Files\Android\Android Studio1\jbr\bin\zip.dll
0x00007ffdf1700000 - 0x00007ffdf1ef0000 	C:\WINDOWS\System32\SHELL32.dll
0x00007ffdee010000 - 0x00007ffdee8de000 	C:\WINDOWS\SYSTEM32\windows.storage.dll
0x00007ffdeded0000 - 0x00007ffdee00e000 	C:\WINDOWS\SYSTEM32\wintypes.dll
0x00007ffdf2800000 - 0x00007ffdf28f1000 	C:\WINDOWS\System32\SHCORE.dll
0x00007ffdf0e80000 - 0x00007ffdf0ede000 	C:\WINDOWS\System32\shlwapi.dll
0x00007ffdeff20000 - 0x00007ffdeff41000 	C:\WINDOWS\SYSTEM32\profapi.dll
0x00007ffdbbd60000 - 0x00007ffdbbd79000 	C:\Program Files\Android\Android Studio1\jbr\bin\net.dll
0x00007ffdeaa80000 - 0x00007ffdeabaf000 	C:\WINDOWS\SYSTEM32\WINHTTP.dll
0x00007ffdef5a0000 - 0x00007ffdef609000 	C:\WINDOWS\system32\mswsock.dll
0x00007ffdbb9d0000 - 0x00007ffdbb9e3000 	C:\Program Files\Android\Android Studio1\jbr\bin\nio.dll
0x00007ffdea610000 - 0x00007ffdea637000 	C:\Users\123we\.gradle\native\68d5fa5c4cc2d200863cafc0d521ce42e7d3e7ee720ec0a83991735586a16f82\windows-amd64\native-platform.dll
0x00007ffdb89d0000 - 0x00007ffdb8b14000 	C:\Users\123we\.gradle\native\e376f236ea51e6404a007f0833ffe2c6e607c4080706a723a18a27aeea778392\windows-amd64\native-platform-file-events.dll
0x00007ffdd4920000 - 0x00007ffdd492a000 	C:\Program Files\Android\Android Studio1\jbr\bin\management.dll
0x00007ffdd2130000 - 0x00007ffdd213b000 	C:\Program Files\Android\Android Studio1\jbr\bin\management_ext.dll
0x00007ffdef800000 - 0x00007ffdef81b000 	C:\WINDOWS\SYSTEM32\CRYPTSP.dll
0x00007ffdef0a0000 - 0x00007ffdef0d5000 	C:\WINDOWS\system32\rsaenh.dll
0x00007ffdef6a0000 - 0x00007ffdef6c8000 	C:\WINDOWS\SYSTEM32\USERENV.dll
0x00007ffdef9a0000 - 0x00007ffdef9c8000 	C:\WINDOWS\SYSTEM32\bcrypt.dll
0x00007ffdef820000 - 0x00007ffdef82c000 	C:\WINDOWS\SYSTEM32\CRYPTBASE.dll
0x00007ffdeeb20000 - 0x00007ffdeeb4d000 	C:\WINDOWS\SYSTEM32\IPHLPAPI.DLL
0x00007ffdf0e70000 - 0x00007ffdf0e79000 	C:\WINDOWS\System32\NSI.dll
0x00007ffde9150000 - 0x00007ffde9169000 	C:\WINDOWS\SYSTEM32\dhcpcsvc6.DLL
0x00007ffde9130000 - 0x00007ffde914f000 	C:\WINDOWS\SYSTEM32\dhcpcsvc.DLL
0x00007ffdeeb50000 - 0x00007ffdeec43000 	C:\WINDOWS\SYSTEM32\DNSAPI.dll

dbghelp: loaded successfully - version: 4.0.5 - missing functions: none
symbol engine: initialized successfully - sym options: 0x614 - pdb path: .;C:\Program Files\Android\Android Studio1\jbr\bin;C:\WINDOWS\SYSTEM32;C:\WINDOWS\WinSxS\amd64_microsoft.windows.common-controls_6595b64144ccf1df_6.0.22621.608_none_a9444ca7c10bb01d;C:\Program Files\Android\Android Studio1\jbr\bin\server;C:\Users\123we\.gradle\native\68d5fa5c4cc2d200863cafc0d521ce42e7d3e7ee720ec0a83991735586a16f82\windows-amd64;C:\Users\123we\.gradle\native\e376f236ea51e6404a007f0833ffe2c6e607c4080706a723a18a27aeea778392\windows-amd64

VM Arguments:
jvm_args: --add-opens=java.base/java.util=ALL-UNNAMED --add-opens=java.base/java.lang=ALL-UNNAMED --add-opens=java.base/java.lang.invoke=ALL-UNNAMED --add-opens=java.prefs/java.util.prefs=ALL-UNNAMED --add-opens=java.base/java.nio.charset=ALL-UNNAMED --add-opens=java.base/java.net=ALL-UNNAMED --add-opens=java.base/java.util.concurrent.atomic=ALL-UNNAMED -Xmx2048m -Dfile.encoding=UTF-8 -Duser.country=US -Duser.language=en -Duser.variant 
java_command: org.gradle.launcher.daemon.bootstrap.GradleDaemon 8.0.2
java_class_path (initial): F:\SW setups\Gradle\gradle-8.0.2\lib\gradle-launcher-8.0.2.jar
Launcher Type: SUN_STANDARD

[Global flags]
     intx CICompilerCount                          = 4                                         {product} {ergonomic}
     uint ConcGCThreads                            = 2                                         {product} {ergonomic}
     uint G1ConcRefinementThreads                  = 8                                         {product} {ergonomic}
   size_t G1HeapRegionSize                         = 1048576                                   {product} {ergonomic}
    uintx GCDrainStackTargetSize                   = 64                                        {product} {ergonomic}
   size_t InitialHeapSize                          = 134217728                                 {product} {ergonomic}
   size_t MarkStackSize                            = 4194304                                   {product} {ergonomic}
   size_t MaxHeapSize                              = 2147483648                                {product} {command line}
   size_t MaxNewSize                               = 1287651328                                {product} {ergonomic}
   size_t MinHeapDeltaBytes                        = 1048576                                   {product} {ergonomic}
    uintx NonNMethodCodeHeapSize                   = 5836300                                {pd product} {ergonomic}
    uintx NonProfiledCodeHeapSize                  = 122910970                              {pd product} {ergonomic}
    uintx ProfiledCodeHeapSize                     = 122910970                              {pd product} {ergonomic}
    uintx ReservedCodeCacheSize                    = 251658240                              {pd product} {ergonomic}
     bool SegmentedCodeCache                       = true                                      {product} {ergonomic}
     bool UseCompressedClassPointers               = true                                 {lp64_product} {ergonomic}
     bool UseCompressedOops                        = true                                 {lp64_product} {ergonomic}
     bool UseG1GC                                  = true                                      {product} {ergonomic}
     bool UseLargePagesIndividualAllocation        = false                                  {pd product} {ergonomic}

Logging:
Log output configuration:
 #0: stdout all=warning uptime,level,tags
 #1: stderr all=off uptime,level,tags

Environment Variables:
PATH=C:\Python311\Scripts\;C:\Python311\;C:\Program Files\Microsoft MPI\Bin\;C:\Program Files (x86)\Common Files\Intel\Shared Libraries\redist\intel64\compiler;C:\Program Files (x86)\Common Files\Oracle\Java\javapath;C:\Program Files\Common Files\Oracle\Java\javapath;C:\Windows\system32;C:\Windows;C:\Windows\System32\Wbem;C:\Windows\System32\WindowsPowerShell\v1.0\;C:\Windows\System32\OpenSSH\;C:\Program Files (x86)\NVIDIA Corporation\PhysX\Common;C:\Program Files\NVIDIA Corporation\NVIDIA NvDLISR;C:\Program Files\Java\jdk-15.0.2\bin;C:\WINDOWS\system32;C:\WINDOWS;C:\WINDOWS\System32\Wbem;C:\WINDOWS\System32\WindowsPowerShell\v1.0\;C:\WINDOWS\System32\OpenSSH\;C:\Program Files\nodejs\;C:\ProgramData\chocolatey\bin;C:\Program Files\Git\cmd;C:\xampp\php\;C:\Users\123we\AppData\Local\Microsoft\WindowsApps;C:\Program Files\Azure Data Studio\bin;C:\Users\123we\AppData\Local\Programs\Microsoft VS Code\bin;C:\Users\123we\AppData\Roaming\npm;C:\Users\123we\composer;C:\Users\123we\AppData\Roaming\Composer\vendor\bin
USERNAME=123we
OS=Windows_NT
PROCESSOR_IDENTIFIER=Intel64 Family 6 Model 142 Stepping 10, GenuineIntel



---------------  S Y S T E M  ---------------

OS: Windows 11 , 64 bit Build 22621 (10.0.22621.1344)
OS uptime: 1 days 4:11 hours

CPU:total 8 (initial active 8) (4 cores per cpu, 2 threads per core) family 6 model 142 stepping 10 microcode 0xe0, cmov, cx8, fxsr, mmx, sse, sse2, sse3, ssse3, sse4.1, sse4.2, popcnt, avx, avx2, aes, clmul, erms, 3dnowpref, lzcnt, ht, tsc, tscinvbit, bmi1, bmi2, adx, fma

Memory: 4k page, system-wide physical 8073M (725M free)
TotalPageFile size 10121M (AvailPageFile size 153M)
current process WorkingSet (physical memory assigned to process): 612M, peak: 614M
current process commit charge ("private bytes"): 677M, peak: 863M

vm_info: OpenJDK 64-Bit Server VM (11.0.15+0-b2043.56-9505619) for windows-amd64 JRE (11.0.15+0-b2043.56-9505619), built on Jan 19 2023 02:48:00 by "builduser" with unknown MS VC++:1929

END.
