#
# There is insufficient memory for the Java Runtime Environment to continue.
# Native memory allocation (mmap) failed to map 103809024 bytes for Failed to commit area from 0x0000000090b00000 to 0x0000000096e00000 of length 103809024.
# Possible reasons:
#   The system is out of physical RAM or swap space
#   The process is running with CompressedOops enabled, and the Java Heap may be blocking the growth of the native heap
# Possible solutions:
#   Reduce memory load on the system
#   Increase physical memory or swap space
#   Check if swap backing store is full
#   Decrease Java heap size (-Xmx/-Xms)
#   Decrease number of Java threads
#   Decrease Java thread stack sizes (-Xss)
#   Set larger code cache with -XX:ReservedCodeCacheSize=
#   JVM is running with Unscaled Compressed Oops mode in which the Java heap is
#     placed in the first 4GB address space. The Java Heap base address is the
#     maximum limit for the native heap growth. Please use -XX:HeapBaseMinAddress
#     to set the Java Heap base and to place the Java Heap above 4GB virtual address.
# This output file may be truncated or incomplete.
#
#  Out of Memory Error (src/hotspot/os/windows/os_windows.cpp:3627), pid=22976, tid=13284
#
# JRE version: OpenJDK Runtime Environment (11.0.15) (build 11.0.15+0-b2043.56-9505619)
# Java VM: OpenJDK 64-Bit Server VM (11.0.15+0-b2043.56-9505619, mixed mode, tiered, compressed oops, g1 gc, windows-amd64)
# No core dump will be written. Minidumps are not enabled by default on client versions of Windows
#

---------------  S U M M A R Y ------------

Command Line: --add-opens=java.base/java.util=ALL-UNNAMED --add-opens=java.base/java.lang=ALL-UNNAMED --add-opens=java.base/java.lang.invoke=ALL-UNNAMED --add-opens=java.prefs/java.util.prefs=ALL-UNNAMED --add-opens=java.base/java.nio.charset=ALL-UNNAMED --add-opens=java.base/java.net=ALL-UNNAMED --add-opens=java.base/java.util.concurrent.atomic=ALL-UNNAMED -Xmx2048m -Dfile.encoding=UTF-8 -Duser.country=US -Duser.language=en -Duser.variant org.gradle.launcher.daemon.bootstrap.GradleDaemon 8.0.2

Host: Intel(R) Core(TM) i5-8250U CPU @ 1.60GHz, 8 cores, 7G,  Windows 11 , 64 bit Build 22621 (10.0.22621.1344)
Time: Tue Mar 14 22:09:09 2023 Sri Lanka Standard Time elapsed time: 15.801783 seconds (0d 0h 0m 15s)

---------------  T H R E A D  ---------------

Current thread (0x0000025ff6865000):  VMThread "VM Thread" [stack: 0x000000f18ec00000,0x000000f18ed00000] [id=13284]

Stack: [0x000000f18ec00000,0x000000f18ed00000]
[error occurred during error reporting (printing stack bounds), id 0xc0000005, EXCEPTION_ACCESS_VIOLATION (0xc0000005) at pc=0x0000025fdfee112d]

Native frames: (J=compiled Java code, j=interpreted, Vv=VM code, C=native code)
V  [jvm.dll+0x64135a]
V  [jvm.dll+0x7d39f9]
V  [jvm.dll+0x7d51b9]
V  [jvm.dll+0x7d5805]
V  [jvm.dll+0x7d57bb]
V  [jvm.dll+0x640655]
V  [jvm.dll+0x640d68]
C  [ntdll.dll+0xa3cff]
C  [ntdll.dll+0x1e456]
C  [ntdll.dll+0xa2cee]
C  0x0000025fdfee112d

VM_Operation (0x000000f1953f8810): G1CollectForAllocation, mode: safepoint, requested by thread 0x0000025ffc32f800


---------------  P R O C E S S  ---------------

Threads class SMR info:
_java_thread_list=0x0000025f82650360, length=137, elements={
0x0000025fdc3bd800, 0x0000025ff6878800, 0x0000025ff687d000, 0x0000025ff70d2800,
0x0000025ff70d3800, 0x0000025ff70d5800, 0x0000025ff70da800, 0x0000025ff70dc000,
0x0000025ff70e9800, 0x0000025ff7242000, 0x0000025ff8f7a800, 0x0000025ff73c0000,
0x0000025ff7326000, 0x0000025ff92a8800, 0x0000025ff829e800, 0x0000025ff91f2000,
0x0000025ff842c000, 0x0000025ff88ed800, 0x0000025ff88ee800, 0x0000025ff9e49800,
0x0000025ff8a41800, 0x0000025ff8a44000, 0x0000025ff8a42800, 0x0000025ff8a43800,
0x0000025ff96ae800, 0x0000025ff96ae000, 0x0000025ff96a9800, 0x0000025ff96a9000,
0x0000025ff96aa800, 0x0000025ff96ad000, 0x0000025ff96ab800, 0x0000025ff96ac000,
0x0000025ff96af800, 0x0000025ffe0dd800, 0x0000025ffe0de000, 0x0000025ffe0db800,
0x0000025ffe0e4000, 0x0000025ffe0e4800, 0x0000025ffe0e2000, 0x0000025ffe0e1800,
0x0000025ffe0e8000, 0x0000025ffe0e6800, 0x0000025ffe0e8800, 0x0000025ffe0e3000,
0x0000025ffe0e5800, 0x0000025ffe0e9800, 0x0000025ffe0ea800, 0x0000025ffdfc9800,
0x0000025ffdfcd000, 0x0000025ffdfcb800, 0x0000025ffdfcd800, 0x0000025ffdfc8000,
0x0000025ffdfca800, 0x0000025ffdfcc000, 0x0000025ffdfc9000, 0x0000025ffdfd2000,
0x0000025ffdfd0000, 0x0000025ffdfd3800, 0x0000025ffdfd1000, 0x0000025ffdfd2800,
0x0000025ffdfcf800, 0x0000025ffdfd4000, 0x0000025ffdfce800, 0x0000025ffdfd5000,
0x0000025ffdfd6000, 0x0000025ffdfd6800, 0x0000025ff8699800, 0x0000025ff8694800,
0x0000025ff869a000, 0x0000025ff8695800, 0x0000025ff869b000, 0x0000025ff8697000,
0x0000025ff8698800, 0x0000025ff8698000, 0x0000025ff869c000, 0x0000025ff8696000,
0x0000025ff869e800, 0x0000025ff86a0000, 0x0000025ff869c800, 0x0000025ff869f000,
0x0000025ff86a3000, 0x0000025ff86a1000, 0x0000025ff86a1800, 0x0000025ff869d800,
0x0000025ff86a2800, 0x0000025ffc32a800, 0x0000025ffc32c800, 0x0000025ffc32f000,
0x0000025ffc32b800, 0x0000025ffc32d000, 0x0000025ffc32e000, 0x0000025ffc329000,
0x0000025ffc32f800, 0x0000025ffc32a000, 0x0000025ffc332000, 0x0000025ffc333000,
0x0000025ffc334800, 0x0000025ffc333800, 0x0000025ffc335800, 0x0000025ffc336000,
0x0000025ffc330800, 0x0000025ffc337000, 0x0000025ffc331800, 0x0000025ffc338000,
0x0000025ff8275800, 0x0000025ff8278000, 0x0000025ff8276000, 0x0000025ff8278800,
0x0000025ff8279800, 0x0000025ff827a800, 0x0000025ff8277000, 0x0000025ff8280000,
0x0000025ff827c000, 0x0000025ff827d800, 0x0000025ff8281000, 0x0000025ff827b000,
0x0000025ff827f000, 0x0000025ff8281800, 0x0000025ff827e800, 0x0000025ff8282800,
0x0000025ff827d000, 0x0000025ff8283800, 0x0000025ff8284000, 0x0000025ffcbcc800,
0x0000025ffcbca000, 0x0000025ffcbca800, 0x0000025ffcbcb800, 0x0000025ffcbc8000,
0x0000025ffcbc9000, 0x0000025ffcbc6800, 0x0000025ffcbcd000, 0x0000025ffcbc7800,
0x0000025ff8fc6800, 0x0000025f81464800, 0x0000025ffcbd3000, 0x0000025ffcbcf000,
0x0000025ffcbd0800
}

Java Threads: ( => current thread )
  0x0000025fdc3bd800 JavaThread "main" [_thread_blocked, id=18708, stack(0x000000f18e600000,0x000000f18e700000)]
  0x0000025ff6878800 JavaThread "Reference Handler" daemon [_thread_blocked, id=19248, stack(0x000000f18ed00000,0x000000f18ee00000)]
  0x0000025ff687d000 JavaThread "Finalizer" daemon [_thread_blocked, id=19136, stack(0x000000f18ee00000,0x000000f18ef00000)]
  0x0000025ff70d2800 JavaThread "Signal Dispatcher" daemon [_thread_blocked, id=14168, stack(0x000000f18ef00000,0x000000f18f000000)]
  0x0000025ff70d3800 JavaThread "Attach Listener" daemon [_thread_blocked, id=13548, stack(0x000000f18f000000,0x000000f18f100000)]
  0x0000025ff70d5800 JavaThread "Service Thread" daemon [_thread_blocked, id=16956, stack(0x000000f18f100000,0x000000f18f200000)]
  0x0000025ff70da800 JavaThread "C2 CompilerThread0" daemon [_thread_blocked, id=8328, stack(0x000000f18f200000,0x000000f18f300000)]
  0x0000025ff70dc000 JavaThread "C1 CompilerThread0" daemon [_thread_blocked, id=16596, stack(0x000000f18f300000,0x000000f18f400000)]
  0x0000025ff70e9800 JavaThread "Sweeper thread" daemon [_thread_blocked, id=15112, stack(0x000000f18f400000,0x000000f18f500000)]
  0x0000025ff7242000 JavaThread "Common-Cleaner" daemon [_thread_blocked, id=24852, stack(0x000000f18f500000,0x000000f18f600000)]
  0x0000025ff8f7a800 JavaThread "Daemon health stats" [_thread_blocked, id=4432, stack(0x000000f18fb00000,0x000000f18fc00000)]
  0x0000025ff73c0000 JavaThread "Incoming local TCP Connector on port 3764" [_thread_in_native, id=5496, stack(0x000000f18f700000,0x000000f18f800000)]
  0x0000025ff7326000 JavaThread "Daemon periodic checks" [_thread_blocked, id=19808, stack(0x000000f18f800000,0x000000f18f900000)]
  0x0000025ff92a8800 JavaThread "Daemon" [_thread_blocked, id=18424, stack(0x000000f18fc00000,0x000000f18fd00000)]
  0x0000025ff829e800 JavaThread "Handler for socket connection from /127.0.0.1:3764 to /127.0.0.1:3765" [_thread_in_native, id=20048, stack(0x000000f18fd00000,0x000000f18fe00000)]
  0x0000025ff91f2000 JavaThread "Cancel handler" [_thread_blocked, id=15304, stack(0x000000f18fe00000,0x000000f18ff00000)]
  0x0000025ff842c000 JavaThread "Daemon worker" [_thread_blocked, id=15284, stack(0x000000f18ff00000,0x000000f190000000)]
  0x0000025ff88ed800 JavaThread "Asynchronous log dispatcher for DefaultDaemonConnection: socket connection from /127.0.0.1:3764 to /127.0.0.1:3765" [_thread_blocked, id=3452, stack(0x000000f190100000,0x000000f190200000)]
  0x0000025ff88ee800 JavaThread "Stdin handler" [_thread_blocked, id=24412, stack(0x000000f190200000,0x000000f190300000)]
  0x0000025ff9e49800 JavaThread "Daemon client event forwarder" [_thread_blocked, id=20052, stack(0x000000f190300000,0x000000f190400000)]
  0x0000025ff8a41800 JavaThread "Cache worker for journal cache (C:\Users\123we\.gradle\caches\journal-1)" [_thread_blocked, id=18140, stack(0x000000f190900000,0x000000f190a00000)]
  0x0000025ff8a44000 JavaThread "File lock request listener" [_thread_in_native, id=24924, stack(0x000000f190a00000,0x000000f190b00000)]
  0x0000025ff8a42800 JavaThread "Cache worker for file hash cache (C:\Users\123we\.gradle\caches\8.0.2\fileHashes)" [_thread_blocked, id=8740, stack(0x000000f190c00000,0x000000f190d00000)]
  0x0000025ff8a43800 JavaThread "File watcher server" daemon [_thread_in_native, id=15104, stack(0x000000f190d00000,0x000000f190e00000)]
  0x0000025ff96ae800 JavaThread "File watcher consumer" daemon [_thread_blocked, id=19008, stack(0x000000f190e00000,0x000000f190f00000)]
  0x0000025ff96ae000 JavaThread "Cache worker for checksums cache (F:\1.OUSL\YEAR 2\EEI4369- Mobile Application Development for Android\DP\DP Files\AppFit360\.gradle\8.0.2\checksums)" [_thread_blocked, id=12204, stack(0x000000f190f00000,0x000000f191000000)]
  0x0000025ff96a9800 JavaThread "Cache worker for cache directory md-rule (C:\Users\123we\.gradle\caches\8.0.2\md-rule)" [_thread_blocked, id=8068, stack(0x000000f191000000,0x000000f191100000)]
  0x0000025ff96a9000 JavaThread "Cache worker for file content cache (C:\Users\123we\.gradle\caches\8.0.2\fileContent)" [_thread_blocked, id=6860, stack(0x000000f191100000,0x000000f191200000)]
  0x0000025ff96aa800 JavaThread "Cache worker for file hash cache (F:\1.OUSL\YEAR 2\EEI4369- Mobile Application Development for Android\DP\DP Files\AppFit360\.gradle\8.0.2\fileHashes)" [_thread_blocked, id=19480, stack(0x000000f191200000,0x000000f191300000)]
  0x0000025ff96ad000 JavaThread "Cache worker for cache directory md-supplier (C:\Users\123we\.gradle\caches\8.0.2\md-supplier)" [_thread_blocked, id=12192, stack(0x000000f191300000,0x000000f191400000)]
  0x0000025ff96ab800 JavaThread "Cache worker for execution history cache (C:\Users\123we\.gradle\caches\8.0.2\executionHistory)" [_thread_blocked, id=2548, stack(0x000000f191400000,0x000000f191500000)]
  0x0000025ff96ac000 JavaThread "jar transforms" [_thread_blocked, id=14504, stack(0x000000f191500000,0x000000f191600000)]
  0x0000025ff96af800 JavaThread "jar transforms Thread 2" [_thread_blocked, id=3744, stack(0x000000f191600000,0x000000f191700000)]
  0x0000025ffe0dd800 JavaThread "jar transforms Thread 3" [_thread_blocked, id=14692, stack(0x000000f191800000,0x000000f191900000)]
  0x0000025ffe0de000 JavaThread "jar transforms Thread 4" [_thread_blocked, id=16360, stack(0x000000f191900000,0x000000f191a00000)]
  0x0000025ffe0db800 JavaThread "Cache worker for dependencies-accessors (F:\1.OUSL\YEAR 2\EEI4369- Mobile Application Development for Android\DP\DP Files\AppFit360\.gradle\8.0.2\dependencies-accessors)" [_thread_blocked, id=21668, stack(0x000000f191a00000,0x000000f191b00000)]
  0x0000025ffe0e4000 JavaThread "jar transforms Thread 5" [_thread_blocked, id=18928, stack(0x000000f191b00000,0x000000f191c00000)]
  0x0000025ffe0e4800 JavaThread "Cache worker for Build Output Cleanup Cache (F:\1.OUSL\YEAR 2\EEI4369- Mobile Application Development for Android\DP\DP Files\AppFit360\.gradle\buildOutputCleanup)" [_thread_blocked, id=9092, stack(0x000000f191c00000,0x000000f191d00000)]
  0x0000025ffe0e2000 JavaThread "Unconstrained build operations" [_thread_blocked, id=13600, stack(0x000000f191d00000,0x000000f191e00000)]
  0x0000025ffe0e1800 JavaThread "Unconstrained build operations Thread 2" [_thread_blocked, id=20816, stack(0x000000f191e00000,0x000000f191f00000)]
  0x0000025ffe0e8000 JavaThread "Unconstrained build operations Thread 3" [_thread_blocked, id=13108, stack(0x000000f191f00000,0x000000f192000000)]
  0x0000025ffe0e6800 JavaThread "Unconstrained build operations Thread 4" [_thread_blocked, id=6572, stack(0x000000f192000000,0x000000f192100000)]
  0x0000025ffe0e8800 JavaThread "Unconstrained build operations Thread 5" [_thread_blocked, id=16032, stack(0x000000f192100000,0x000000f192200000)]
  0x0000025ffe0e3000 JavaThread "Unconstrained build operations Thread 6" [_thread_blocked, id=12248, stack(0x000000f192200000,0x000000f192300000)]
  0x0000025ffe0e5800 JavaThread "Unconstrained build operations Thread 7" [_thread_blocked, id=5208, stack(0x000000f192300000,0x000000f192400000)]
  0x0000025ffe0e9800 JavaThread "Unconstrained build operations Thread 8" [_thread_blocked, id=6152, stack(0x000000f192400000,0x000000f192500000)]
  0x0000025ffe0ea800 JavaThread "Unconstrained build operations Thread 9" [_thread_blocked, id=13348, stack(0x000000f192500000,0x000000f192600000)]
  0x0000025ffdfc9800 JavaThread "Unconstrained build operations Thread 10" [_thread_blocked, id=14868, stack(0x000000f192600000,0x000000f192700000)]
  0x0000025ffdfcd000 JavaThread "Unconstrained build operations Thread 11" [_thread_blocked, id=25444, stack(0x000000f192700000,0x000000f192800000)]
  0x0000025ffdfcb800 JavaThread "Unconstrained build operations Thread 12" [_thread_blocked, id=9340, stack(0x000000f192800000,0x000000f192900000)]
  0x0000025ffdfcd800 JavaThread "Unconstrained build operations Thread 13" [_thread_blocked, id=24580, stack(0x000000f192900000,0x000000f192a00000)]
  0x0000025ffdfc8000 JavaThread "Unconstrained build operations Thread 14" [_thread_blocked, id=19880, stack(0x000000f192a00000,0x000000f192b00000)]
  0x0000025ffdfca800 JavaThread "Unconstrained build operations Thread 15" [_thread_blocked, id=16296, stack(0x000000f192b00000,0x000000f192c00000)]
  0x0000025ffdfcc000 JavaThread "Unconstrained build operations Thread 16" [_thread_blocked, id=21104, stack(0x000000f192c00000,0x000000f192d00000)]
  0x0000025ffdfc9000 JavaThread "Unconstrained build operations Thread 17" [_thread_blocked, id=20268, stack(0x000000f192d00000,0x000000f192e00000)]
  0x0000025ffdfd2000 JavaThread "Unconstrained build operations Thread 18" [_thread_blocked, id=17696, stack(0x000000f192e00000,0x000000f192f00000)]
  0x0000025ffdfd0000 JavaThread "Unconstrained build operations Thread 19" [_thread_blocked, id=21700, stack(0x000000f192f00000,0x000000f193000000)]
  0x0000025ffdfd3800 JavaThread "Unconstrained build operations Thread 20" [_thread_blocked, id=17028, stack(0x000000f193000000,0x000000f193100000)]
  0x0000025ffdfd1000 JavaThread "Unconstrained build operations Thread 21" [_thread_blocked, id=19832, stack(0x000000f193100000,0x000000f193200000)]
  0x0000025ffdfd2800 JavaThread "Unconstrained build operations Thread 22" [_thread_blocked, id=9396, stack(0x000000f193200000,0x000000f193300000)]
  0x0000025ffdfcf800 JavaThread "Unconstrained build operations Thread 23" [_thread_blocked, id=14516, stack(0x000000f193300000,0x000000f193400000)]
  0x0000025ffdfd4000 JavaThread "Unconstrained build operations Thread 24" [_thread_blocked, id=11456, stack(0x000000f193400000,0x000000f193500000)]
  0x0000025ffdfce800 JavaThread "Unconstrained build operations Thread 25" [_thread_blocked, id=16084, stack(0x000000f193500000,0x000000f193600000)]
  0x0000025ffdfd5000 JavaThread "Unconstrained build operations Thread 26" [_thread_blocked, id=21424, stack(0x000000f193600000,0x000000f193700000)]
  0x0000025ffdfd6000 JavaThread "Unconstrained build operations Thread 27" [_thread_blocked, id=22420, stack(0x000000f193700000,0x000000f193800000)]
  0x0000025ffdfd6800 JavaThread "Unconstrained build operations Thread 28" [_thread_blocked, id=1780, stack(0x000000f193800000,0x000000f193900000)]
  0x0000025ff8699800 JavaThread "Unconstrained build operations Thread 29" [_thread_blocked, id=11388, stack(0x000000f193900000,0x000000f193a00000)]
  0x0000025ff8694800 JavaThread "Unconstrained build operations Thread 30" [_thread_blocked, id=22864, stack(0x000000f193a00000,0x000000f193b00000)]
  0x0000025ff869a000 JavaThread "Unconstrained build operations Thread 31" [_thread_blocked, id=10768, stack(0x000000f193b00000,0x000000f193c00000)]
  0x0000025ff8695800 JavaThread "Unconstrained build operations Thread 32" [_thread_blocked, id=14792, stack(0x000000f193c00000,0x000000f193d00000)]
  0x0000025ff869b000 JavaThread "Unconstrained build operations Thread 33" [_thread_blocked, id=12608, stack(0x000000f193d00000,0x000000f193e00000)]
  0x0000025ff8697000 JavaThread "Unconstrained build operations Thread 34" [_thread_blocked, id=24552, stack(0x000000f193e00000,0x000000f193f00000)]
  0x0000025ff8698800 JavaThread "Unconstrained build operations Thread 35" [_thread_blocked, id=13820, stack(0x000000f193f00000,0x000000f194000000)]
  0x0000025ff8698000 JavaThread "Unconstrained build operations Thread 36" [_thread_blocked, id=23148, stack(0x000000f194000000,0x000000f194100000)]
  0x0000025ff869c000 JavaThread "Unconstrained build operations Thread 37" [_thread_blocked, id=8584, stack(0x000000f194100000,0x000000f194200000)]
  0x0000025ff8696000 JavaThread "Unconstrained build operations Thread 38" [_thread_blocked, id=19776, stack(0x000000f194200000,0x000000f194300000)]
  0x0000025ff869e800 JavaThread "Unconstrained build operations Thread 39" [_thread_blocked, id=17440, stack(0x000000f194300000,0x000000f194400000)]
  0x0000025ff86a0000 JavaThread "Unconstrained build operations Thread 40" [_thread_blocked, id=8276, stack(0x000000f194400000,0x000000f194500000)]
  0x0000025ff869c800 JavaThread "Unconstrained build operations Thread 41" [_thread_blocked, id=13164, stack(0x000000f194500000,0x000000f194600000)]
  0x0000025ff869f000 JavaThread "Unconstrained build operations Thread 42" [_thread_blocked, id=16828, stack(0x000000f194600000,0x000000f194700000)]
  0x0000025ff86a3000 JavaThread "Unconstrained build operations Thread 43" [_thread_blocked, id=11588, stack(0x000000f194700000,0x000000f194800000)]
  0x0000025ff86a1000 JavaThread "Unconstrained build operations Thread 44" [_thread_blocked, id=14896, stack(0x000000f194800000,0x000000f194900000)]
  0x0000025ff86a1800 JavaThread "Unconstrained build operations Thread 45" [_thread_blocked, id=16280, stack(0x000000f194900000,0x000000f194a00000)]
  0x0000025ff869d800 JavaThread "Unconstrained build operations Thread 46" [_thread_blocked, id=20668, stack(0x000000f194a00000,0x000000f194b00000)]
  0x0000025ff86a2800 JavaThread "Unconstrained build operations Thread 47" [_thread_blocked, id=14320, stack(0x000000f194b00000,0x000000f194c00000)]
  0x0000025ffc32a800 JavaThread "Unconstrained build operations Thread 48" [_thread_blocked, id=264, stack(0x000000f194c00000,0x000000f194d00000)]
  0x0000025ffc32c800 JavaThread "Unconstrained build operations Thread 49" [_thread_blocked, id=24392, stack(0x000000f194d00000,0x000000f194e00000)]
  0x0000025ffc32f000 JavaThread "Unconstrained build operations Thread 50" [_thread_blocked, id=18912, stack(0x000000f194e00000,0x000000f194f00000)]
  0x0000025ffc32b800 JavaThread "Unconstrained build operations Thread 51" [_thread_blocked, id=13624, stack(0x000000f194f00000,0x000000f195000000)]
  0x0000025ffc32d000 JavaThread "Unconstrained build operations Thread 52" [_thread_blocked, id=19164, stack(0x000000f195000000,0x000000f195100000)]
  0x0000025ffc32e000 JavaThread "Unconstrained build operations Thread 53" [_thread_blocked, id=12024, stack(0x000000f195100000,0x000000f195200000)]
  0x0000025ffc329000 JavaThread "Unconstrained build operations Thread 54" [_thread_blocked, id=4424, stack(0x000000f195200000,0x000000f195300000)]
  0x0000025ffc32f800 JavaThread "Unconstrained build operations Thread 55" [_thread_blocked, id=15204, stack(0x000000f195300000,0x000000f195400000)]
  0x0000025ffc32a000 JavaThread "Unconstrained build operations Thread 56" [_thread_blocked, id=1892, stack(0x000000f195400000,0x000000f195500000)]
  0x0000025ffc332000 JavaThread "Unconstrained build operations Thread 57" [_thread_blocked, id=23108, stack(0x000000f195500000,0x000000f195600000)]
  0x0000025ffc333000 JavaThread "Unconstrained build operations Thread 58" [_thread_blocked, id=23548, stack(0x000000f195600000,0x000000f195700000)]
  0x0000025ffc334800 JavaThread "Unconstrained build operations Thread 59" [_thread_blocked, id=14028, stack(0x000000f195700000,0x000000f195800000)]
  0x0000025ffc333800 JavaThread "Unconstrained build operations Thread 60" [_thread_blocked, id=11584, stack(0x000000f195800000,0x000000f195900000)]
  0x0000025ffc335800 JavaThread "Unconstrained build operations Thread 61" [_thread_blocked, id=12384, stack(0x000000f195900000,0x000000f195a00000)]
  0x0000025ffc336000 JavaThread "Unconstrained build operations Thread 62" [_thread_blocked, id=8696, stack(0x000000f195a00000,0x000000f195b00000)]
  0x0000025ffc330800 JavaThread "Unconstrained build operations Thread 63" [_thread_blocked, id=14628, stack(0x000000f195b00000,0x000000f195c00000)]
  0x0000025ffc337000 JavaThread "Unconstrained build operations Thread 64" [_thread_blocked, id=18932, stack(0x000000f195c00000,0x000000f195d00000)]
  0x0000025ffc331800 JavaThread "Unconstrained build operations Thread 65" [_thread_blocked, id=21756, stack(0x000000f195d00000,0x000000f195e00000)]
  0x0000025ffc338000 JavaThread "Unconstrained build operations Thread 66" [_thread_blocked, id=22460, stack(0x000000f195e00000,0x000000f195f00000)]
  0x0000025ff8275800 JavaThread "Unconstrained build operations Thread 67" [_thread_blocked, id=17360, stack(0x000000f195f00000,0x000000f196000000)]
  0x0000025ff8278000 JavaThread "Unconstrained build operations Thread 68" [_thread_blocked, id=20744, stack(0x000000f196000000,0x000000f196100000)]
  0x0000025ff8276000 JavaThread "Unconstrained build operations Thread 69" [_thread_blocked, id=15384, stack(0x000000f196100000,0x000000f196200000)]
  0x0000025ff8278800 JavaThread "Unconstrained build operations Thread 70" [_thread_blocked, id=19920, stack(0x000000f196200000,0x000000f196300000)]
  0x0000025ff8279800 JavaThread "Unconstrained build operations Thread 71" [_thread_blocked, id=14048, stack(0x000000f196300000,0x000000f196400000)]
  0x0000025ff827a800 JavaThread "Unconstrained build operations Thread 72" [_thread_blocked, id=19048, stack(0x000000f196400000,0x000000f196500000)]
  0x0000025ff8277000 JavaThread "Unconstrained build operations Thread 73" [_thread_blocked, id=16264, stack(0x000000f196500000,0x000000f196600000)]
  0x0000025ff8280000 JavaThread "Unconstrained build operations Thread 74" [_thread_blocked, id=18024, stack(0x000000f196600000,0x000000f196700000)]
  0x0000025ff827c000 JavaThread "Unconstrained build operations Thread 75" [_thread_blocked, id=1696, stack(0x000000f196700000,0x000000f196800000)]
  0x0000025ff827d800 JavaThread "Unconstrained build operations Thread 76" [_thread_blocked, id=16924, stack(0x000000f196800000,0x000000f196900000)]
  0x0000025ff8281000 JavaThread "Unconstrained build operations Thread 77" [_thread_blocked, id=23352, stack(0x000000f196900000,0x000000f196a00000)]
  0x0000025ff827b000 JavaThread "Unconstrained build operations Thread 78" [_thread_blocked, id=22068, stack(0x000000f196a00000,0x000000f196b00000)]
  0x0000025ff827f000 JavaThread "Unconstrained build operations Thread 79" [_thread_blocked, id=24104, stack(0x000000f196b00000,0x000000f196c00000)]
  0x0000025ff8281800 JavaThread "Unconstrained build operations Thread 80" [_thread_blocked, id=11528, stack(0x000000f196c00000,0x000000f196d00000)]
  0x0000025ff827e800 JavaThread "jar transforms Thread 6" [_thread_blocked, id=24316, stack(0x000000f196d00000,0x000000f196e00000)]
  0x0000025ff8282800 JavaThread "jar transforms Thread 7" [_thread_blocked, id=17132, stack(0x000000f196e00000,0x000000f196f00000)]
  0x0000025ff827d000 JavaThread "jar transforms Thread 8" [_thread_blocked, id=8748, stack(0x000000f196f00000,0x000000f197000000)]
  0x0000025ff8283800 JavaThread "build event listener" [_thread_blocked, id=12060, stack(0x000000f197000000,0x000000f197100000)]
  0x0000025ff8284000 JavaThread "Memory manager" [_thread_blocked, id=20624, stack(0x000000f197100000,0x000000f197200000)]
  0x0000025ffcbcc800 JavaThread "included builds" [_thread_blocked, id=3092, stack(0x000000f197200000,0x000000f197300000)]
  0x0000025ffcbca000 JavaThread "Execution worker" [_thread_blocked, id=18776, stack(0x000000f197300000,0x000000f197400000)]
  0x0000025ffcbca800 JavaThread "Execution worker Thread 2" [_thread_blocked, id=16492, stack(0x000000f197400000,0x000000f197500000)]
  0x0000025ffcbcb800 JavaThread "Execution worker Thread 3" [_thread_blocked, id=5784, stack(0x000000f197500000,0x000000f197600000)]
  0x0000025ffcbc8000 JavaThread "Execution worker Thread 4" [_thread_blocked, id=6608, stack(0x000000f197600000,0x000000f197700000)]
  0x0000025ffcbc9000 JavaThread "Execution worker Thread 5" [_thread_blocked, id=18740, stack(0x000000f197700000,0x000000f197800000)]
  0x0000025ffcbc6800 JavaThread "Execution worker Thread 6" [_thread_blocked, id=21276, stack(0x000000f197800000,0x000000f197900000)]
  0x0000025ffcbcd000 JavaThread "Execution worker Thread 7" [_thread_blocked, id=24920, stack(0x000000f197900000,0x000000f197a00000)]
  0x0000025ffcbc7800 JavaThread "Cache worker for execution history cache (F:\1.OUSL\YEAR 2\EEI4369- Mobile Application Development for Android\DP\DP Files\AppFit360\.gradle\8.0.2\executionHistory)" [_thread_blocked, id=20688, stack(0x000000f197a00000,0x000000f197b00000)]
  0x0000025ff8fc6800 JavaThread "C2 CompilerThread1" daemon [_thread_in_native, id=14688, stack(0x000000f190000000,0x000000f190100000)]
  0x0000025f81464800 JavaThread "C2 CompilerThread2" daemon [_thread_blocked, id=23164, stack(0x000000f191700000,0x000000f191800000)]
  0x0000025ffcbd3000 JavaThread "WorkerExecutor Queue" [_thread_blocked, id=4576, stack(0x000000f197b00000,0x000000f197c00000)]
  0x0000025ffcbcf000 JavaThread "WorkerExecutor Queue Thread 2" [_thread_in_native, id=19856, stack(0x000000f197c00000,0x000000f197d00000)]
  0x0000025ffcbd0800 JavaThread "WorkerExecutor Queue Thread 3" [_thread_blocked, id=19448, stack(0x000000f197d00000,0x000000f197e00000)]

Other Threads:
=>0x0000025ff6865000 VMThread "VM Thread" [stack: 0x000000f18ec00000,0x000000f18ed00000] [id=13284]
  0x0000025ff7245000 WatcherThread [stack: 0x000000f18f600000,0x000000f18f700000] [id=20804]
  0x0000025fdc3d8000 GCTaskThread "GC Thread#0" [stack: 0x000000f18e700000,0x000000f18e800000] [id=24732]
  0x0000025ff7c44800 GCTaskThread "GC Thread#1" [stack: 0x000000f18f900000,0x000000f18fa00000] [id=13968]
  0x0000025ff8842000 GCTaskThread "GC Thread#2" [stack: 0x000000f18fa00000,0x000000f18fb00000] [id=14656]
  0x0000025ff83ff000 GCTaskThread "GC Thread#3" [stack: 0x000000f190400000,0x000000f190500000] [id=18380]
  0x0000025ff7ee1800 GCTaskThread "GC Thread#4" [stack: 0x000000f190500000,0x000000f190600000] [id=12936]
  0x0000025ff9486000 GCTaskThread "GC Thread#5" [stack: 0x000000f190600000,0x000000f190700000] [id=13704]
  0x0000025ff96e1800 GCTaskThread "GC Thread#6" [stack: 0x000000f190700000,0x000000f190800000] [id=17800]
  0x0000025ff83d9000 GCTaskThread "GC Thread#7" [stack: 0x000000f190800000,0x000000f190900000] [id=10248]
  0x0000025fdc409000 ConcurrentGCThread "G1 Main Marker" [stack: 0x000000f18e800000,0x000000f18e900000] [id=17940]
  0x0000025fdc40b000 ConcurrentGCThread "G1 Conc#0" [stack: 0x000000f18e900000,0x000000f18ea00000] [id=13396]
  0x0000025ff9e16000 ConcurrentGCThread "G1 Conc#1" [stack: 0x000000f190b00000,0x000000f190c00000] [id=16052]
  0x0000025fdc48e800 ConcurrentGCThread "G1 Refine#0" [stack: 0x000000f18ea00000,0x000000f18eb00000] [id=18848]
  0x0000025ffafa7000 ConcurrentGCThread "G1 Refine#1" [stack: 0x000000f197e00000,0x000000f197f00000] [id=19520]
  0x0000025ffafa8800 ConcurrentGCThread "G1 Refine#2" [stack: 0x000000f197f00000,0x000000f198000000] [id=21932]
  0x0000025ff66b5800 ConcurrentGCThread "G1 Young RemSet Sampling" [stack: 0x000000f18eb00000,0x000000f18ec00000] [id=16936]

Threads with active compile tasks:
C2 CompilerThread0    15827 11986       4       com.android.tools.r8.internal.Ab::c (26 bytes)
C2 CompilerThread1    15827 12163       4       com.android.tools.r8.graph.v2::a (63 bytes)
C2 CompilerThread2    15827 12747 %     4       com.android.tools.r8.internal.Ab::a @ 3209 (4413 bytes)

VM state:at safepoint (normal execution)

VM Mutex/Monitor currently owned by a thread:  ([mutex/lock_event])
[0x0000025fdc3b1370] Threads_lock - owner thread: 0x0000025ff6865000
[0x0000025fdc3ba9b0] Heap_lock - owner thread: 0x0000025ffc32f800

Heap address: 0x0000000080000000, size: 2048 MB, Compressed Oops mode: 32-bit
Narrow klass base: 0x0000000000000000, Narrow klass shift: 3
Compressed class space size: 1073741824 Address: 0x0000000100000000

Heap:
 garbage-first heap   total 374784K, used 184714K [0x0000000080000000, 0x0000000100000000)
  region size 1024K, 7 young (7168K), 7 survivors (7168K)
 Metaspace       used 102423K, capacity 105588K, committed 105768K, reserved 1140736K
  class space    used 13366K, capacity 14605K, committed 14712K, reserved 1048576K
Heap Regions: E=young(eden), S=young(survivor), O=old, HS=humongous(starts), HC=humongous(continues), CS=collection set, F=free, A=archive, TAMS=top-at-mark-start (previous, next)
|   0|0x0000000080000000, 0x0000000080100000, 0x0000000080100000|100%|HS|  |TAMS 0x0000000080100000, 0x0000000080100000| Complete 
|   1|0x0000000080100000, 0x0000000080200000, 0x0000000080200000|100%|HC|  |TAMS 0x0000000080200000, 0x0000000080200000| Complete 
|   2|0x0000000080200000, 0x0000000080300000, 0x0000000080300000|100%|HC|  |TAMS 0x0000000080300000, 0x0000000080300000| Complete 
|   3|0x0000000080300000, 0x0000000080400000, 0x0000000080400000|100%|HC|  |TAMS 0x0000000080400000, 0x0000000080400000| Complete 
|   4|0x0000000080400000, 0x0000000080500000, 0x0000000080500000|100%| O|  |TAMS 0x0000000080500000, 0x0000000080500000| Untracked 
|   5|0x0000000080500000, 0x0000000080600000, 0x0000000080600000|100%| O|  |TAMS 0x0000000080600000, 0x0000000080600000| Untracked 
|   6|0x0000000080600000, 0x0000000080700000, 0x0000000080700000|100%| O|  |TAMS 0x0000000080700000, 0x0000000080700000| Untracked 
|   7|0x0000000080700000, 0x0000000080800000, 0x0000000080800000|100%| O|  |TAMS 0x0000000080800000, 0x0000000080800000| Untracked 
|   8|0x0000000080800000, 0x0000000080900000, 0x0000000080900000|100%| O|  |TAMS 0x0000000080900000, 0x0000000080900000| Untracked 
|   9|0x0000000080900000, 0x0000000080a00000, 0x0000000080a00000|100%| O|  |TAMS 0x0000000080a00000, 0x0000000080a00000| Untracked 
|  10|0x0000000080a00000, 0x0000000080b00000, 0x0000000080b00000|100%| O|  |TAMS 0x0000000080b00000, 0x0000000080b00000| Untracked 
|  11|0x0000000080b00000, 0x0000000080c00000, 0x0000000080c00000|100%| O|  |TAMS 0x0000000080c00000, 0x0000000080c00000| Untracked 
|  12|0x0000000080c00000, 0x0000000080d00000, 0x0000000080d00000|100%| O|  |TAMS 0x0000000080d00000, 0x0000000080d00000| Untracked 
|  13|0x0000000080d00000, 0x0000000080e00000, 0x0000000080e00000|100%| O|  |TAMS 0x0000000080e00000, 0x0000000080e00000| Untracked 
|  14|0x0000000080e00000, 0x0000000080f00000, 0x0000000080f00000|100%| O|  |TAMS 0x0000000080f00000, 0x0000000080f00000| Untracked 
|  15|0x0000000080f00000, 0x0000000081000000, 0x0000000081000000|100%| O|  |TAMS 0x0000000081000000, 0x0000000081000000| Untracked 
|  16|0x0000000081000000, 0x0000000081100000, 0x0000000081100000|100%| O|  |TAMS 0x0000000081100000, 0x0000000081100000| Untracked 
|  17|0x0000000081100000, 0x0000000081200000, 0x0000000081200000|100%| O|  |TAMS 0x0000000081200000, 0x0000000081200000| Untracked 
|  18|0x0000000081200000, 0x0000000081300000, 0x0000000081300000|100%| O|  |TAMS 0x0000000081300000, 0x0000000081300000| Untracked 
|  19|0x0000000081300000, 0x0000000081400000, 0x0000000081400000|100%| O|  |TAMS 0x0000000081400000, 0x0000000081400000| Untracked 
|  20|0x0000000081400000, 0x0000000081500000, 0x0000000081500000|100%| O|  |TAMS 0x0000000081500000, 0x0000000081500000| Untracked 
|  21|0x0000000081500000, 0x0000000081600000, 0x0000000081600000|100%| O|  |TAMS 0x0000000081600000, 0x0000000081600000| Untracked 
|  22|0x0000000081600000, 0x0000000081700000, 0x0000000081700000|100%| O|  |TAMS 0x0000000081700000, 0x0000000081700000| Untracked 
|  23|0x0000000081700000, 0x0000000081800000, 0x0000000081800000|100%| O|  |TAMS 0x0000000081800000, 0x0000000081800000| Untracked 
|  24|0x0000000081800000, 0x0000000081900000, 0x0000000081900000|100%| O|  |TAMS 0x0000000081900000, 0x0000000081900000| Untracked 
|  25|0x0000000081900000, 0x0000000081a00000, 0x0000000081a00000|100%| O|  |TAMS 0x0000000081a00000, 0x0000000081a00000| Untracked 
|  26|0x0000000081a00000, 0x0000000081b00000, 0x0000000081b00000|100%| O|  |TAMS 0x0000000081b00000, 0x0000000081b00000| Untracked 
|  27|0x0000000081b00000, 0x0000000081c00000, 0x0000000081c00000|100%| O|  |TAMS 0x0000000081c00000, 0x0000000081c00000| Untracked 
|  28|0x0000000081c00000, 0x0000000081d00000, 0x0000000081d00000|100%|HS|  |TAMS 0x0000000081d00000, 0x0000000081d00000| Complete 
|  29|0x0000000081d00000, 0x0000000081e00000, 0x0000000081e00000|100%|HS|  |TAMS 0x0000000081e00000, 0x0000000081e00000| Complete 
|  30|0x0000000081e00000, 0x0000000081f00000, 0x0000000081f00000|100%| O|  |TAMS 0x0000000081f00000, 0x0000000081f00000| Untracked 
|  31|0x0000000081f00000, 0x0000000082000000, 0x0000000082000000|100%| O|  |TAMS 0x0000000082000000, 0x0000000082000000| Untracked 
|  32|0x0000000082000000, 0x0000000082100000, 0x0000000082100000|100%| O|  |TAMS 0x0000000082100000, 0x0000000082100000| Untracked 
|  33|0x0000000082100000, 0x0000000082200000, 0x0000000082200000|100%| O|  |TAMS 0x0000000082200000, 0x0000000082200000| Untracked 
|  34|0x0000000082200000, 0x0000000082300000, 0x0000000082300000|100%| O|  |TAMS 0x0000000082300000, 0x0000000082300000| Untracked 
|  35|0x0000000082300000, 0x0000000082400000, 0x0000000082400000|100%| O|  |TAMS 0x0000000082400000, 0x0000000082400000| Untracked 
|  36|0x0000000082400000, 0x0000000082500000, 0x0000000082500000|100%| O|  |TAMS 0x0000000082500000, 0x0000000082500000| Untracked 
|  37|0x0000000082500000, 0x0000000082600000, 0x0000000082600000|100%| O|  |TAMS 0x0000000082600000, 0x0000000082600000| Untracked 
|  38|0x0000000082600000, 0x0000000082700000, 0x0000000082700000|100%| O|  |TAMS 0x0000000082700000, 0x0000000082700000| Untracked 
|  39|0x0000000082700000, 0x0000000082800000, 0x0000000082800000|100%| O|  |TAMS 0x0000000082800000, 0x0000000082800000| Untracked 
|  40|0x0000000082800000, 0x0000000082900000, 0x0000000082900000|100%| O|  |TAMS 0x0000000082900000, 0x0000000082900000| Untracked 
|  41|0x0000000082900000, 0x0000000082a00000, 0x0000000082a00000|100%| O|  |TAMS 0x0000000082a00000, 0x0000000082a00000| Untracked 
|  42|0x0000000082a00000, 0x0000000082b00000, 0x0000000082b00000|100%| O|  |TAMS 0x0000000082b00000, 0x0000000082b00000| Untracked 
|  43|0x0000000082b00000, 0x0000000082c00000, 0x0000000082c00000|100%| O|  |TAMS 0x0000000082c00000, 0x0000000082c00000| Untracked 
|  44|0x0000000082c00000, 0x0000000082d00000, 0x0000000082d00000|100%| O|  |TAMS 0x0000000082d00000, 0x0000000082d00000| Untracked 
|  45|0x0000000082d00000, 0x0000000082e00000, 0x0000000082e00000|100%| O|  |TAMS 0x0000000082e00000, 0x0000000082e00000| Untracked 
|  46|0x0000000082e00000, 0x0000000082f00000, 0x0000000082f00000|100%| O|  |TAMS 0x0000000082f00000, 0x0000000082f00000| Untracked 
|  47|0x0000000082f00000, 0x0000000083000000, 0x0000000083000000|100%| O|  |TAMS 0x0000000083000000, 0x0000000083000000| Untracked 
|  48|0x0000000083000000, 0x0000000083100000, 0x0000000083100000|100%| O|  |TAMS 0x0000000083100000, 0x0000000083100000| Untracked 
|  49|0x0000000083100000, 0x0000000083200000, 0x0000000083200000|100%| O|  |TAMS 0x0000000083200000, 0x0000000083200000| Untracked 
|  50|0x0000000083200000, 0x0000000083300000, 0x0000000083300000|100%| O|  |TAMS 0x0000000083300000, 0x0000000083300000| Untracked 
|  51|0x0000000083300000, 0x0000000083400000, 0x0000000083400000|100%| O|  |TAMS 0x0000000083400000, 0x0000000083400000| Untracked 
|  52|0x0000000083400000, 0x0000000083500000, 0x0000000083500000|100%| O|  |TAMS 0x0000000083500000, 0x0000000083500000| Untracked 
|  53|0x0000000083500000, 0x0000000083600000, 0x0000000083600000|100%| O|  |TAMS 0x0000000083600000, 0x0000000083600000| Untracked 
|  54|0x0000000083600000, 0x0000000083700000, 0x0000000083700000|100%| O|  |TAMS 0x0000000083700000, 0x0000000083700000| Untracked 
|  55|0x0000000083700000, 0x0000000083800000, 0x0000000083800000|100%| O|  |TAMS 0x0000000083800000, 0x0000000083800000| Untracked 
|  56|0x0000000083800000, 0x0000000083900000, 0x0000000083900000|100%| O|  |TAMS 0x0000000083900000, 0x0000000083900000| Untracked 
|  57|0x0000000083900000, 0x0000000083a00000, 0x0000000083a00000|100%| O|  |TAMS 0x0000000083a00000, 0x0000000083a00000| Untracked 
|  58|0x0000000083a00000, 0x0000000083b00000, 0x0000000083b00000|100%| O|  |TAMS 0x0000000083b00000, 0x0000000083b00000| Untracked 
|  59|0x0000000083b00000, 0x0000000083c00000, 0x0000000083c00000|100%| O|  |TAMS 0x0000000083c00000, 0x0000000083c00000| Untracked 
|  60|0x0000000083c00000, 0x0000000083d00000, 0x0000000083d00000|100%| O|  |TAMS 0x0000000083d00000, 0x0000000083d00000| Untracked 
|  61|0x0000000083d00000, 0x0000000083e00000, 0x0000000083e00000|100%| O|  |TAMS 0x0000000083e00000, 0x0000000083e00000| Untracked 
|  62|0x0000000083e00000, 0x0000000083f00000, 0x0000000083f00000|100%| O|  |TAMS 0x0000000083f00000, 0x0000000083f00000| Untracked 
|  63|0x0000000083f00000, 0x0000000084000000, 0x0000000084000000|100%| O|  |TAMS 0x0000000084000000, 0x0000000084000000| Untracked 
|  64|0x0000000084000000, 0x0000000084100000, 0x0000000084100000|100%| O|  |TAMS 0x0000000084100000, 0x0000000084100000| Untracked 
|  65|0x0000000084100000, 0x0000000084200000, 0x0000000084200000|100%| O|  |TAMS 0x0000000084200000, 0x0000000084200000| Untracked 
|  66|0x0000000084200000, 0x0000000084300000, 0x0000000084300000|100%| O|  |TAMS 0x0000000084300000, 0x0000000084300000| Untracked 
|  67|0x0000000084300000, 0x0000000084400000, 0x0000000084400000|100%| O|  |TAMS 0x0000000084400000, 0x0000000084400000| Untracked 
|  68|0x0000000084400000, 0x0000000084500000, 0x0000000084500000|100%| O|  |TAMS 0x0000000084500000, 0x0000000084500000| Untracked 
|  69|0x0000000084500000, 0x0000000084600000, 0x0000000084600000|100%| O|  |TAMS 0x0000000084600000, 0x0000000084600000| Untracked 
|  70|0x0000000084600000, 0x0000000084700000, 0x0000000084700000|100%| O|  |TAMS 0x0000000084700000, 0x0000000084700000| Untracked 
|  71|0x0000000084700000, 0x0000000084800000, 0x0000000084800000|100%| O|  |TAMS 0x0000000084800000, 0x0000000084800000| Untracked 
|  72|0x0000000084800000, 0x0000000084900000, 0x0000000084900000|100%| O|  |TAMS 0x0000000084900000, 0x0000000084900000| Untracked 
|  73|0x0000000084900000, 0x0000000084a00000, 0x0000000084a00000|100%| O|  |TAMS 0x0000000084a00000, 0x0000000084a00000| Untracked 
|  74|0x0000000084a00000, 0x0000000084b00000, 0x0000000084b00000|100%| O|  |TAMS 0x0000000084b00000, 0x0000000084b00000| Untracked 
|  75|0x0000000084b00000, 0x0000000084c00000, 0x0000000084c00000|100%| O|  |TAMS 0x0000000084c00000, 0x0000000084c00000| Untracked 
|  76|0x0000000084c00000, 0x0000000084d00000, 0x0000000084d00000|100%| O|  |TAMS 0x0000000084d00000, 0x0000000084d00000| Untracked 
|  77|0x0000000084d00000, 0x0000000084e00000, 0x0000000084e00000|100%| O|  |TAMS 0x0000000084e00000, 0x0000000084e00000| Untracked 
|  78|0x0000000084e00000, 0x0000000084f00000, 0x0000000084f00000|100%| O|  |TAMS 0x0000000084f00000, 0x0000000084f00000| Untracked 
|  79|0x0000000084f00000, 0x0000000085000000, 0x0000000085000000|100%|HS|  |TAMS 0x0000000085000000, 0x0000000085000000| Complete 
|  80|0x0000000085000000, 0x0000000085100000, 0x0000000085100000|100%| O|  |TAMS 0x0000000085100000, 0x0000000085100000| Untracked 
|  81|0x0000000085100000, 0x0000000085200000, 0x0000000085200000|100%| O|  |TAMS 0x0000000085200000, 0x0000000085200000| Untracked 
|  82|0x0000000085200000, 0x0000000085300000, 0x0000000085300000|100%| O|  |TAMS 0x0000000085300000, 0x0000000085300000| Untracked 
|  83|0x0000000085300000, 0x0000000085400000, 0x0000000085400000|100%| O|  |TAMS 0x0000000085400000, 0x0000000085400000| Untracked 
|  84|0x0000000085400000, 0x0000000085500000, 0x0000000085500000|100%| O|  |TAMS 0x0000000085500000, 0x0000000085500000| Untracked 
|  85|0x0000000085500000, 0x0000000085600000, 0x0000000085600000|100%| O|  |TAMS 0x0000000085600000, 0x0000000085600000| Untracked 
|  86|0x0000000085600000, 0x0000000085700000, 0x0000000085700000|100%| O|  |TAMS 0x0000000085700000, 0x0000000085700000| Untracked 
|  87|0x0000000085700000, 0x0000000085800000, 0x0000000085800000|100%| O|  |TAMS 0x0000000085800000, 0x0000000085800000| Untracked 
|  88|0x0000000085800000, 0x0000000085900000, 0x0000000085900000|100%| O|  |TAMS 0x0000000085900000, 0x0000000085900000| Untracked 
|  89|0x0000000085900000, 0x0000000085a00000, 0x0000000085a00000|100%| O|  |TAMS 0x0000000085a00000, 0x0000000085a00000| Untracked 
|  90|0x0000000085a00000, 0x0000000085b00000, 0x0000000085b00000|100%| O|  |TAMS 0x0000000085b00000, 0x0000000085b00000| Untracked 
|  91|0x0000000085b00000, 0x0000000085c00000, 0x0000000085c00000|100%| O|  |TAMS 0x0000000085c00000, 0x0000000085c00000| Untracked 
|  92|0x0000000085c00000, 0x0000000085d00000, 0x0000000085d00000|100%| O|  |TAMS 0x0000000085d00000, 0x0000000085d00000| Untracked 
|  93|0x0000000085d00000, 0x0000000085e00000, 0x0000000085e00000|100%| O|  |TAMS 0x0000000085e00000, 0x0000000085e00000| Untracked 
|  94|0x0000000085e00000, 0x0000000085f00000, 0x0000000085f00000|100%| O|  |TAMS 0x0000000085f00000, 0x0000000085f00000| Untracked 
|  95|0x0000000085f00000, 0x0000000086000000, 0x0000000086000000|100%| O|  |TAMS 0x0000000086000000, 0x0000000086000000| Untracked 
|  96|0x0000000086000000, 0x0000000086100000, 0x0000000086100000|100%| O|  |TAMS 0x0000000086100000, 0x0000000086100000| Untracked 
|  97|0x0000000086100000, 0x0000000086200000, 0x0000000086200000|100%| O|  |TAMS 0x0000000086200000, 0x0000000086200000| Untracked 
|  98|0x0000000086200000, 0x0000000086300000, 0x0000000086300000|100%| O|  |TAMS 0x0000000086300000, 0x0000000086300000| Untracked 
|  99|0x0000000086300000, 0x0000000086400000, 0x0000000086400000|100%| O|  |TAMS 0x0000000086400000, 0x0000000086400000| Untracked 
| 100|0x0000000086400000, 0x0000000086500000, 0x0000000086500000|100%| O|  |TAMS 0x0000000086500000, 0x0000000086500000| Untracked 
| 101|0x0000000086500000, 0x0000000086600000, 0x0000000086600000|100%| O|  |TAMS 0x0000000086600000, 0x0000000086600000| Untracked 
| 102|0x0000000086600000, 0x0000000086700000, 0x0000000086700000|100%| O|  |TAMS 0x0000000086700000, 0x0000000086700000| Untracked 
| 103|0x0000000086700000, 0x0000000086800000, 0x0000000086800000|100%| O|  |TAMS 0x0000000086800000, 0x0000000086800000| Untracked 
| 104|0x0000000086800000, 0x0000000086900000, 0x0000000086900000|100%| O|  |TAMS 0x0000000086900000, 0x0000000086900000| Untracked 
| 105|0x0000000086900000, 0x0000000086a00000, 0x0000000086a00000|100%| O|  |TAMS 0x0000000086a00000, 0x0000000086a00000| Untracked 
| 106|0x0000000086a00000, 0x0000000086b00000, 0x0000000086b00000|100%| O|  |TAMS 0x0000000086b00000, 0x0000000086b00000| Untracked 
| 107|0x0000000086b00000, 0x0000000086c00000, 0x0000000086c00000|100%| O|  |TAMS 0x0000000086c00000, 0x0000000086c00000| Untracked 
| 108|0x0000000086c00000, 0x0000000086d00000, 0x0000000086d00000|100%| O|  |TAMS 0x0000000086d00000, 0x0000000086d00000| Untracked 
| 109|0x0000000086d00000, 0x0000000086e00000, 0x0000000086e00000|100%| O|  |TAMS 0x0000000086e00000, 0x0000000086e00000| Untracked 
| 110|0x0000000086e00000, 0x0000000086f00000, 0x0000000086f00000|100%| O|  |TAMS 0x0000000086f00000, 0x0000000086f00000| Untracked 
| 111|0x0000000086f00000, 0x0000000087000000, 0x0000000087000000|100%| O|  |TAMS 0x0000000087000000, 0x0000000087000000| Untracked 
| 112|0x0000000087000000, 0x0000000087100000, 0x0000000087100000|100%| O|  |TAMS 0x0000000087100000, 0x0000000087100000| Untracked 
| 113|0x0000000087100000, 0x0000000087200000, 0x0000000087200000|100%| O|  |TAMS 0x0000000087200000, 0x0000000087200000| Untracked 
| 114|0x0000000087200000, 0x0000000087300000, 0x0000000087300000|100%| O|  |TAMS 0x0000000087300000, 0x0000000087300000| Untracked 
| 115|0x0000000087300000, 0x0000000087400000, 0x0000000087400000|100%| O|  |TAMS 0x0000000087400000, 0x0000000087400000| Untracked 
| 116|0x0000000087400000, 0x0000000087500000, 0x0000000087500000|100%| O|  |TAMS 0x0000000087500000, 0x0000000087500000| Untracked 
| 117|0x0000000087500000, 0x0000000087600000, 0x0000000087600000|100%| O|  |TAMS 0x0000000087600000, 0x0000000087600000| Untracked 
| 118|0x0000000087600000, 0x0000000087700000, 0x0000000087700000|100%| O|  |TAMS 0x0000000087700000, 0x0000000087700000| Untracked 
| 119|0x0000000087700000, 0x0000000087800000, 0x0000000087800000|100%| O|  |TAMS 0x0000000087800000, 0x0000000087800000| Untracked 
| 120|0x0000000087800000, 0x0000000087900000, 0x0000000087900000|100%| O|  |TAMS 0x0000000087900000, 0x0000000087900000| Untracked 
| 121|0x0000000087900000, 0x0000000087a00000, 0x0000000087a00000|100%| O|  |TAMS 0x0000000087a00000, 0x0000000087a00000| Untracked 
| 122|0x0000000087a00000, 0x0000000087b00000, 0x0000000087b00000|100%| O|  |TAMS 0x0000000087b00000, 0x0000000087b00000| Untracked 
| 123|0x0000000087b00000, 0x0000000087c00000, 0x0000000087c00000|100%| O|  |TAMS 0x0000000087c00000, 0x0000000087c00000| Untracked 
| 124|0x0000000087c00000, 0x0000000087d00000, 0x0000000087d00000|100%| O|  |TAMS 0x0000000087d00000, 0x0000000087d00000| Untracked 
| 125|0x0000000087d00000, 0x0000000087e00000, 0x0000000087e00000|100%| O|  |TAMS 0x0000000087e00000, 0x0000000087e00000| Untracked 
| 126|0x0000000087e00000, 0x0000000087f00000, 0x0000000087f00000|100%| O|  |TAMS 0x0000000087f00000, 0x0000000087f00000| Untracked 
| 127|0x0000000087f00000, 0x0000000088000000, 0x0000000088000000|100%| O|  |TAMS 0x0000000088000000, 0x0000000088000000| Untracked 
| 128|0x0000000088000000, 0x0000000088100000, 0x0000000088100000|100%| O|  |TAMS 0x0000000088100000, 0x0000000088100000| Untracked 
| 129|0x0000000088100000, 0x0000000088200000, 0x0000000088200000|100%| O|  |TAMS 0x0000000088200000, 0x0000000088200000| Untracked 
| 130|0x0000000088200000, 0x0000000088300000, 0x0000000088300000|100%| O|  |TAMS 0x0000000088300000, 0x0000000088300000| Untracked 
| 131|0x0000000088300000, 0x0000000088400000, 0x0000000088400000|100%| O|  |TAMS 0x0000000088400000, 0x0000000088400000| Untracked 
| 132|0x0000000088400000, 0x0000000088500000, 0x0000000088500000|100%| O|  |TAMS 0x0000000088500000, 0x0000000088500000| Untracked 
| 133|0x0000000088500000, 0x0000000088600000, 0x0000000088600000|100%| O|  |TAMS 0x0000000088600000, 0x0000000088600000| Untracked 
| 134|0x0000000088600000, 0x0000000088700000, 0x0000000088700000|100%| O|  |TAMS 0x0000000088700000, 0x0000000088700000| Untracked 
| 135|0x0000000088700000, 0x0000000088800000, 0x0000000088800000|100%| O|  |TAMS 0x0000000088800000, 0x0000000088800000| Untracked 
| 136|0x0000000088800000, 0x0000000088900000, 0x0000000088900000|100%| O|  |TAMS 0x0000000088900000, 0x0000000088900000| Untracked 
| 137|0x0000000088900000, 0x0000000088a00000, 0x0000000088a00000|100%| O|  |TAMS 0x0000000088a00000, 0x0000000088a00000| Untracked 
| 138|0x0000000088a00000, 0x0000000088b00000, 0x0000000088b00000|100%| O|  |TAMS 0x0000000088b00000, 0x0000000088b00000| Untracked 
| 139|0x0000000088b00000, 0x0000000088c00000, 0x0000000088c00000|100%| O|  |TAMS 0x0000000088c00000, 0x0000000088c00000| Untracked 
| 140|0x0000000088c00000, 0x0000000088d00000, 0x0000000088d00000|100%| O|  |TAMS 0x0000000088d00000, 0x0000000088d00000| Untracked 
| 141|0x0000000088d00000, 0x0000000088e00000, 0x0000000088e00000|100%| O|  |TAMS 0x0000000088e00000, 0x0000000088e00000| Untracked 
| 142|0x0000000088e00000, 0x0000000088f00000, 0x0000000088f00000|100%| O|  |TAMS 0x0000000088f00000, 0x0000000088f00000| Untracked 
| 143|0x0000000088f00000, 0x0000000089000000, 0x0000000089000000|100%| O|  |TAMS 0x0000000088f00000, 0x0000000089000000| Untracked 
| 144|0x0000000089000000, 0x0000000089100000, 0x0000000089100000|100%| O|  |TAMS 0x0000000089000000, 0x0000000089100000| Untracked 
| 145|0x0000000089100000, 0x0000000089200000, 0x0000000089200000|100%| O|  |TAMS 0x0000000089100000, 0x0000000089200000| Untracked 
| 146|0x0000000089200000, 0x0000000089300000, 0x0000000089300000|100%| O|  |TAMS 0x0000000089200000, 0x0000000089300000| Untracked 
| 147|0x0000000089300000, 0x0000000089400000, 0x0000000089400000|100%| O|  |TAMS 0x0000000089300000, 0x0000000089400000| Untracked 
| 148|0x0000000089400000, 0x0000000089500000, 0x0000000089500000|100%| O|  |TAMS 0x0000000089400000, 0x0000000089500000| Untracked 
| 149|0x0000000089500000, 0x0000000089600000, 0x0000000089600000|100%| O|  |TAMS 0x0000000089500000, 0x0000000089600000| Untracked 
| 150|0x0000000089600000, 0x0000000089700000, 0x0000000089700000|100%| O|  |TAMS 0x0000000089600000, 0x0000000089700000| Untracked 
| 151|0x0000000089700000, 0x0000000089800000, 0x0000000089800000|100%| O|  |TAMS 0x0000000089700000, 0x0000000089800000| Untracked 
| 152|0x0000000089800000, 0x0000000089900000, 0x0000000089900000|100%| O|  |TAMS 0x0000000089800000, 0x0000000089900000| Untracked 
| 153|0x0000000089900000, 0x0000000089a00000, 0x0000000089a00000|100%| O|  |TAMS 0x0000000089900000, 0x0000000089a00000| Untracked 
| 154|0x0000000089a00000, 0x0000000089b00000, 0x0000000089b00000|100%| O|  |TAMS 0x0000000089a00000, 0x0000000089b00000| Untracked 
| 155|0x0000000089b00000, 0x0000000089c00000, 0x0000000089c00000|100%| O|  |TAMS 0x0000000089b00000, 0x0000000089c00000| Untracked 
| 156|0x0000000089c00000, 0x0000000089d00000, 0x0000000089d00000|100%| O|  |TAMS 0x0000000089c00000, 0x0000000089d00000| Untracked 
| 157|0x0000000089d00000, 0x0000000089e00000, 0x0000000089e00000|100%| O|  |TAMS 0x0000000089d00000, 0x0000000089e00000| Untracked 
| 158|0x0000000089e00000, 0x0000000089f00000, 0x0000000089f00000|100%| O|  |TAMS 0x0000000089e00000, 0x0000000089f00000| Untracked 
| 159|0x0000000089f00000, 0x000000008a000000, 0x000000008a000000|100%| O|  |TAMS 0x0000000089f00000, 0x000000008a000000| Untracked 
| 160|0x000000008a000000, 0x000000008a100000, 0x000000008a100000|100%| O|  |TAMS 0x000000008a000000, 0x000000008a100000| Untracked 
| 161|0x000000008a100000, 0x000000008a200000, 0x000000008a200000|100%| O|  |TAMS 0x000000008a100000, 0x000000008a200000| Untracked 
| 162|0x000000008a200000, 0x000000008a300000, 0x000000008a300000|100%| O|  |TAMS 0x000000008a200000, 0x000000008a300000| Untracked 
| 163|0x000000008a300000, 0x000000008a400000, 0x000000008a400000|100%| O|  |TAMS 0x000000008a300000, 0x000000008a400000| Untracked 
| 164|0x000000008a400000, 0x000000008a500000, 0x000000008a500000|100%| O|  |TAMS 0x000000008a400000, 0x000000008a500000| Untracked 
| 165|0x000000008a500000, 0x000000008a600000, 0x000000008a600000|100%| O|  |TAMS 0x000000008a500000, 0x000000008a585c00| Untracked 
| 166|0x000000008a600000, 0x000000008a700000, 0x000000008a700000|100%| O|  |TAMS 0x000000008a600000, 0x000000008a600000| Untracked 
| 167|0x000000008a700000, 0x000000008a800000, 0x000000008a800000|100%| O|  |TAMS 0x000000008a700000, 0x000000008a700000| Untracked 
| 168|0x000000008a800000, 0x000000008a900000, 0x000000008a900000|100%| O|  |TAMS 0x000000008a800000, 0x000000008a800000| Untracked 
| 169|0x000000008a900000, 0x000000008aa00000, 0x000000008aa00000|100%| O|  |TAMS 0x000000008a900000, 0x000000008a900000| Untracked 
| 170|0x000000008aa00000, 0x000000008ab00000, 0x000000008ab00000|100%| O|  |TAMS 0x000000008aa00000, 0x000000008aa00000| Untracked 
| 171|0x000000008ab00000, 0x000000008ac00000, 0x000000008ac00000|100%| O|  |TAMS 0x000000008ab00000, 0x000000008ab00000| Untracked 
| 172|0x000000008ac00000, 0x000000008ad00000, 0x000000008ad00000|100%| O|  |TAMS 0x000000008ac00000, 0x000000008ac00000| Untracked 
| 173|0x000000008ad00000, 0x000000008ad62800, 0x000000008ae00000| 38%| O|  |TAMS 0x000000008ad00000, 0x000000008ad00000| Untracked 
| 174|0x000000008ae00000, 0x000000008ae00000, 0x000000008af00000|  0%| F|  |TAMS 0x000000008ae00000, 0x000000008ae00000| Untracked 
| 175|0x000000008af00000, 0x000000008af00000, 0x000000008b000000|  0%| F|  |TAMS 0x000000008af00000, 0x000000008af00000| Untracked 
| 176|0x000000008b000000, 0x000000008b000000, 0x000000008b100000|  0%| F|  |TAMS 0x000000008b000000, 0x000000008b000000| Untracked 
| 177|0x000000008b100000, 0x000000008b100000, 0x000000008b200000|  0%| F|  |TAMS 0x000000008b100000, 0x000000008b100000| Untracked 
| 178|0x000000008b200000, 0x000000008b200000, 0x000000008b300000|  0%| F|  |TAMS 0x000000008b200000, 0x000000008b200000| Untracked 
| 179|0x000000008b300000, 0x000000008b300000, 0x000000008b400000|  0%| F|  |TAMS 0x000000008b300000, 0x000000008b300000| Untracked 
| 180|0x000000008b400000, 0x000000008b400000, 0x000000008b500000|  0%| F|  |TAMS 0x000000008b400000, 0x000000008b400000| Untracked 
| 181|0x000000008b500000, 0x000000008b500000, 0x000000008b600000|  0%| F|  |TAMS 0x000000008b500000, 0x000000008b500000| Untracked 
| 182|0x000000008b600000, 0x000000008b600000, 0x000000008b700000|  0%| F|  |TAMS 0x000000008b600000, 0x000000008b600000| Untracked 
| 183|0x000000008b700000, 0x000000008b700000, 0x000000008b800000|  0%| F|  |TAMS 0x000000008b700000, 0x000000008b700000| Untracked 
| 184|0x000000008b800000, 0x000000008b800000, 0x000000008b900000|  0%| F|  |TAMS 0x000000008b800000, 0x000000008b800000| Untracked 
| 185|0x000000008b900000, 0x000000008b900000, 0x000000008ba00000|  0%| F|  |TAMS 0x000000008b900000, 0x000000008b900000| Untracked 
| 186|0x000000008ba00000, 0x000000008ba00000, 0x000000008bb00000|  0%| F|  |TAMS 0x000000008ba00000, 0x000000008ba00000| Untracked 
| 187|0x000000008bb00000, 0x000000008bb00000, 0x000000008bc00000|  0%| F|  |TAMS 0x000000008bb00000, 0x000000008bb00000| Untracked 
| 188|0x000000008bc00000, 0x000000008bc00000, 0x000000008bd00000|  0%| F|  |TAMS 0x000000008bc00000, 0x000000008bc00000| Untracked 
| 189|0x000000008bd00000, 0x000000008bd00000, 0x000000008be00000|  0%| F|  |TAMS 0x000000008bd00000, 0x000000008bd00000| Untracked 
| 190|0x000000008be00000, 0x000000008be00000, 0x000000008bf00000|  0%| F|  |TAMS 0x000000008be00000, 0x000000008be00000| Untracked 
| 191|0x000000008bf00000, 0x000000008bf00000, 0x000000008c000000|  0%| F|  |TAMS 0x000000008bf00000, 0x000000008bf00000| Untracked 
| 192|0x000000008c000000, 0x000000008c000000, 0x000000008c100000|  0%| F|  |TAMS 0x000000008c000000, 0x000000008c000000| Untracked 
| 193|0x000000008c100000, 0x000000008c100000, 0x000000008c200000|  0%| F|  |TAMS 0x000000008c100000, 0x000000008c100000| Untracked 
| 194|0x000000008c200000, 0x000000008c200000, 0x000000008c300000|  0%| F|  |TAMS 0x000000008c200000, 0x000000008c200000| Untracked 
| 195|0x000000008c300000, 0x000000008c300000, 0x000000008c400000|  0%| F|  |TAMS 0x000000008c300000, 0x000000008c300000| Untracked 
| 196|0x000000008c400000, 0x000000008c400000, 0x000000008c500000|  0%| F|  |TAMS 0x000000008c400000, 0x000000008c400000| Untracked 
| 197|0x000000008c500000, 0x000000008c500000, 0x000000008c600000|  0%| F|  |TAMS 0x000000008c500000, 0x000000008c500000| Untracked 
| 198|0x000000008c600000, 0x000000008c600000, 0x000000008c700000|  0%| F|  |TAMS 0x000000008c600000, 0x000000008c600000| Untracked 
| 199|0x000000008c700000, 0x000000008c700000, 0x000000008c800000|  0%| F|  |TAMS 0x000000008c700000, 0x000000008c700000| Untracked 
| 200|0x000000008c800000, 0x000000008c800000, 0x000000008c900000|  0%| F|  |TAMS 0x000000008c800000, 0x000000008c800000| Untracked 
| 201|0x000000008c900000, 0x000000008c900000, 0x000000008ca00000|  0%| F|  |TAMS 0x000000008c900000, 0x000000008c900000| Untracked 
| 202|0x000000008ca00000, 0x000000008ca00000, 0x000000008cb00000|  0%| F|  |TAMS 0x000000008ca00000, 0x000000008ca00000| Untracked 
| 203|0x000000008cb00000, 0x000000008cb00000, 0x000000008cc00000|  0%| F|  |TAMS 0x000000008cb00000, 0x000000008cb00000| Untracked 
| 204|0x000000008cc00000, 0x000000008cc00000, 0x000000008cd00000|  0%| F|  |TAMS 0x000000008cc00000, 0x000000008cc00000| Untracked 
| 205|0x000000008cd00000, 0x000000008cd00000, 0x000000008ce00000|  0%| F|  |TAMS 0x000000008cd00000, 0x000000008cd00000| Untracked 
| 206|0x000000008ce00000, 0x000000008ce00000, 0x000000008cf00000|  0%| F|  |TAMS 0x000000008ce00000, 0x000000008ce00000| Untracked 
| 207|0x000000008cf00000, 0x000000008cf00000, 0x000000008d000000|  0%| F|  |TAMS 0x000000008cf00000, 0x000000008cf00000| Untracked 
| 208|0x000000008d000000, 0x000000008d100000, 0x000000008d100000|100%| S|CS|TAMS 0x000000008d000000, 0x000000008d000000| Complete 
| 209|0x000000008d100000, 0x000000008d200000, 0x000000008d200000|100%| S|CS|TAMS 0x000000008d100000, 0x000000008d100000| Complete 
| 210|0x000000008d200000, 0x000000008d200000, 0x000000008d300000|  0%| F|  |TAMS 0x000000008d200000, 0x000000008d200000| Untracked 
| 211|0x000000008d300000, 0x000000008d300000, 0x000000008d400000|  0%| F|  |TAMS 0x000000008d300000, 0x000000008d300000| Untracked 
| 212|0x000000008d400000, 0x000000008d400000, 0x000000008d500000|  0%| F|  |TAMS 0x000000008d400000, 0x000000008d400000| Untracked 
| 213|0x000000008d500000, 0x000000008d500000, 0x000000008d600000|  0%| F|  |TAMS 0x000000008d500000, 0x000000008d500000| Untracked 
| 214|0x000000008d600000, 0x000000008d600000, 0x000000008d700000|  0%| F|  |TAMS 0x000000008d600000, 0x000000008d600000| Untracked 
| 215|0x000000008d700000, 0x000000008d800000, 0x000000008d800000|100%| S|CS|TAMS 0x000000008d700000, 0x000000008d700000| Complete 
| 216|0x000000008d800000, 0x000000008d900000, 0x000000008d900000|100%| S|CS|TAMS 0x000000008d800000, 0x000000008d800000| Complete 
| 217|0x000000008d900000, 0x000000008d900000, 0x000000008da00000|  0%| F|  |TAMS 0x000000008d900000, 0x000000008d900000| Untracked 
| 218|0x000000008da00000, 0x000000008da00000, 0x000000008db00000|  0%| F|  |TAMS 0x000000008da00000, 0x000000008da00000| Untracked 
| 219|0x000000008db00000, 0x000000008dc00000, 0x000000008dc00000|100%| S|CS|TAMS 0x000000008db00000, 0x000000008db00000| Complete 
| 220|0x000000008dc00000, 0x000000008dd00000, 0x000000008dd00000|100%| S|CS|TAMS 0x000000008dc00000, 0x000000008dc00000| Complete 
| 221|0x000000008dd00000, 0x000000008de00000, 0x000000008de00000|100%| S|CS|TAMS 0x000000008dd00000, 0x000000008dd00000| Complete 
| 222|0x000000008de00000, 0x000000008de00000, 0x000000008df00000|  0%| F|  |TAMS 0x000000008de00000, 0x000000008de00000| Untracked 
| 223|0x000000008df00000, 0x000000008df00000, 0x000000008e000000|  0%| F|  |TAMS 0x000000008df00000, 0x000000008df00000| Untracked 
| 224|0x000000008e000000, 0x000000008e000000, 0x000000008e100000|  0%| F|  |TAMS 0x000000008e000000, 0x000000008e000000| Untracked 
| 225|0x000000008e100000, 0x000000008e100000, 0x000000008e200000|  0%| F|  |TAMS 0x000000008e100000, 0x000000008e100000| Untracked 
| 226|0x000000008e200000, 0x000000008e200000, 0x000000008e300000|  0%| F|  |TAMS 0x000000008e200000, 0x000000008e200000| Untracked 
| 227|0x000000008e300000, 0x000000008e300000, 0x000000008e400000|  0%| F|  |TAMS 0x000000008e300000, 0x000000008e300000| Untracked 
| 228|0x000000008e400000, 0x000000008e400000, 0x000000008e500000|  0%| F|  |TAMS 0x000000008e400000, 0x000000008e400000| Untracked 
| 229|0x000000008e500000, 0x000000008e500000, 0x000000008e600000|  0%| F|  |TAMS 0x000000008e500000, 0x000000008e500000| Untracked 
| 230|0x000000008e600000, 0x000000008e600000, 0x000000008e700000|  0%| F|  |TAMS 0x000000008e600000, 0x000000008e600000| Untracked 
| 231|0x000000008e700000, 0x000000008e700000, 0x000000008e800000|  0%| F|  |TAMS 0x000000008e700000, 0x000000008e700000| Untracked 
| 232|0x000000008e800000, 0x000000008e800000, 0x000000008e900000|  0%| F|  |TAMS 0x000000008e800000, 0x000000008e800000| Untracked 
| 233|0x000000008e900000, 0x000000008e900000, 0x000000008ea00000|  0%| F|  |TAMS 0x000000008e900000, 0x000000008e900000| Untracked 
| 234|0x000000008ea00000, 0x000000008ea00000, 0x000000008eb00000|  0%| F|  |TAMS 0x000000008ea00000, 0x000000008ea00000| Untracked 
| 235|0x000000008eb00000, 0x000000008eb00000, 0x000000008ec00000|  0%| F|  |TAMS 0x000000008eb00000, 0x000000008eb00000| Untracked 
| 236|0x000000008ec00000, 0x000000008ec00000, 0x000000008ed00000|  0%| F|  |TAMS 0x000000008ec00000, 0x000000008ec00000| Untracked 
| 237|0x000000008ed00000, 0x000000008ed00000, 0x000000008ee00000|  0%| F|  |TAMS 0x000000008ed00000, 0x000000008ed00000| Untracked 
| 238|0x000000008ee00000, 0x000000008ee00000, 0x000000008ef00000|  0%| F|  |TAMS 0x000000008ee00000, 0x000000008ee00000| Untracked 
| 239|0x000000008ef00000, 0x000000008ef00000, 0x000000008f000000|  0%| F|  |TAMS 0x000000008ef00000, 0x000000008ef00000| Untracked 
| 240|0x000000008f000000, 0x000000008f000000, 0x000000008f100000|  0%| F|  |TAMS 0x000000008f000000, 0x000000008f000000| Untracked 
| 241|0x000000008f100000, 0x000000008f100000, 0x000000008f200000|  0%| F|  |TAMS 0x000000008f100000, 0x000000008f100000| Untracked 
| 242|0x000000008f200000, 0x000000008f200000, 0x000000008f300000|  0%| F|  |TAMS 0x000000008f200000, 0x000000008f200000| Untracked 
| 243|0x000000008f300000, 0x000000008f300000, 0x000000008f400000|  0%| F|  |TAMS 0x000000008f300000, 0x000000008f300000| Untracked 
| 244|0x000000008f400000, 0x000000008f400000, 0x000000008f500000|  0%| F|  |TAMS 0x000000008f400000, 0x000000008f400000| Untracked 
| 245|0x000000008f500000, 0x000000008f500000, 0x000000008f600000|  0%| F|  |TAMS 0x000000008f500000, 0x000000008f500000| Untracked 
| 246|0x000000008f600000, 0x000000008f600000, 0x000000008f700000|  0%| F|  |TAMS 0x000000008f600000, 0x000000008f600000| Untracked 
| 247|0x000000008f700000, 0x000000008f700000, 0x000000008f800000|  0%| F|  |TAMS 0x000000008f700000, 0x000000008f700000| Untracked 
| 248|0x000000008f800000, 0x000000008f800000, 0x000000008f900000|  0%| F|  |TAMS 0x000000008f800000, 0x000000008f800000| Untracked 
| 249|0x000000008f900000, 0x000000008f900000, 0x000000008fa00000|  0%| F|  |TAMS 0x000000008f900000, 0x000000008f900000| Untracked 
| 250|0x000000008fa00000, 0x000000008fa00000, 0x000000008fb00000|  0%| F|  |TAMS 0x000000008fa00000, 0x000000008fa00000| Untracked 
| 251|0x000000008fb00000, 0x000000008fb00000, 0x000000008fc00000|  0%| F|  |TAMS 0x000000008fb00000, 0x000000008fb00000| Untracked 
| 252|0x000000008fc00000, 0x000000008fc00000, 0x000000008fd00000|  0%| F|  |TAMS 0x000000008fc00000, 0x000000008fc00000| Untracked 
| 253|0x000000008fd00000, 0x000000008fd00000, 0x000000008fe00000|  0%| F|  |TAMS 0x000000008fd00000, 0x000000008fd00000| Untracked 
| 254|0x000000008fe00000, 0x000000008fe00000, 0x000000008ff00000|  0%| F|  |TAMS 0x000000008fe00000, 0x000000008fe00000| Untracked 
| 255|0x000000008ff00000, 0x000000008ff00000, 0x0000000090000000|  0%| F|  |TAMS 0x000000008ff00000, 0x000000008ff00000| Untracked 
| 256|0x0000000090000000, 0x0000000090000000, 0x0000000090100000|  0%| F|  |TAMS 0x0000000090000000, 0x0000000090000000| Untracked 
| 257|0x0000000090100000, 0x0000000090100000, 0x0000000090200000|  0%| F|  |TAMS 0x0000000090100000, 0x0000000090100000| Untracked 
| 258|0x0000000090200000, 0x0000000090200000, 0x0000000090300000|  0%| F|  |TAMS 0x0000000090200000, 0x0000000090200000| Untracked 
| 259|0x0000000090300000, 0x0000000090300000, 0x0000000090400000|  0%| F|  |TAMS 0x0000000090300000, 0x0000000090300000| Untracked 
| 260|0x0000000090400000, 0x0000000090400000, 0x0000000090500000|  0%| F|  |TAMS 0x0000000090400000, 0x0000000090400000| Untracked 
| 261|0x0000000090500000, 0x0000000090500000, 0x0000000090600000|  0%| F|  |TAMS 0x0000000090500000, 0x0000000090500000| Untracked 
| 262|0x0000000090600000, 0x0000000090600000, 0x0000000090700000|  0%| F|  |TAMS 0x0000000090600000, 0x0000000090600000| Untracked 
| 263|0x0000000090700000, 0x0000000090700000, 0x0000000090800000|  0%| F|  |TAMS 0x0000000090700000, 0x0000000090700000| Untracked 
| 264|0x0000000090800000, 0x0000000090800000, 0x0000000090900000|  0%| F|  |TAMS 0x0000000090800000, 0x0000000090800000| Untracked 
| 265|0x0000000090900000, 0x0000000090900000, 0x0000000090a00000|  0%| F|  |TAMS 0x0000000090900000, 0x0000000090900000| Untracked 
| 266|0x0000000090a00000, 0x0000000090a00000, 0x0000000090b00000|  0%| F|  |TAMS 0x0000000090a00000, 0x0000000090a00000| Untracked 

Card table byte_map: [0x0000025fef610000,0x0000025fefa10000] _byte_map_base: 0x0000025fef210000

Marking Bits (Prev, Next): (CMBitMap*) 0x0000025fdc3ff538, (CMBitMap*) 0x0000025fdc3ff570
 Prev Bits: [0x0000025fefe10000, 0x0000025ff1e10000)
 Next Bits: [0x0000025ff1e10000, 0x0000025ff3e10000)

Polling page: 0x0000025fdbb90000

Metaspace:

Usage:
  Non-class:     88.85 MB capacity,    86.97 MB ( 98%) used,     1.51 MB (  2%) free+waste,   382.25 KB ( <1%) overhead. 
      Class:     14.26 MB capacity,    13.05 MB ( 92%) used,     1.04 MB (  7%) free+waste,   172.62 KB (  1%) overhead. 
       Both:    103.11 MB capacity,   100.02 MB ( 97%) used,     2.55 MB (  2%) free+waste,   554.88 KB ( <1%) overhead. 

Virtual space:
  Non-class space:       90.00 MB reserved,      88.92 MB ( 99%) committed 
      Class space:        1.00 GB reserved,      14.37 MB (  1%) committed 
             Both:        1.09 GB reserved,     103.29 MB (  9%) committed 

Chunk freelists:
   Non-Class:  9.00 KB
       Class:  0 bytes
        Both:  9.00 KB

MaxMetaspaceSize: 17179869184.00 GB
CompressedClassSpaceSize: 1.00 GB
Initial GC threshold: 20.80 MB
Current GC threshold: 169.23 MB
CDS: off

CodeHeap 'non-profiled nmethods': size=120000Kb used=7532Kb max_used=7532Kb free=112467Kb
 bounds [0x0000025fe79b0000, 0x0000025fe8110000, 0x0000025feeee0000]
CodeHeap 'profiled nmethods': size=120000Kb used=27381Kb max_used=27381Kb free=92619Kb
 bounds [0x0000025fe0480000, 0x0000025fe1f40000, 0x0000025fe79b0000]
CodeHeap 'non-nmethods': size=5760Kb used=2415Kb max_used=2462Kb free=3344Kb
 bounds [0x0000025fdfee0000, 0x0000025fe0150000, 0x0000025fe0480000]
 total_blobs=13460 nmethods=12515 adapters=857
 compilation: enabled
              stopped_count=0, restarted_count=0
 full_count=0

Compilation events (20 events):
Event: 15.745 Thread 0x0000025ff70dc000 12739       2       java.lang.invoke.MethodHandle::withVarargs (39 bytes)
Event: 15.745 Thread 0x0000025ff70dc000 nmethod 12739 0x0000025fe1f39d10 code [0x0000025fe1f39ec0, 0x0000025fe1f3a048]
Event: 15.745 Thread 0x0000025ff70dc000 12740       2       java.lang.invoke.MethodHandle::asFixedArity (23 bytes)
Event: 15.745 Thread 0x0000025ff70dc000 nmethod 12740 0x0000025fe1f3a190 code [0x0000025fe1f3a340, 0x0000025fe1f3a438]
Event: 15.745 Thread 0x0000025ff70dc000 12741       2       java.lang.invoke.MethodHandleImpl$AsVarargsCollector::<init> (17 bytes)
Event: 15.747 Thread 0x0000025ff70dc000 nmethod 12741 0x0000025fe1f3a510 code [0x0000025fe1f3a6e0, 0x0000025fe1f3a998]
Event: 15.750 Thread 0x0000025ff70dc000 12743       2       com.android.tools.r8.internal.j10::a (160 bytes)
Event: 15.752 Thread 0x0000025ff70dc000 nmethod 12743 0x0000025fe1f3ab10 code [0x0000025fe1f3ada0, 0x0000025fe1f3b838]
Event: 15.764 Thread 0x0000025ff70da800 nmethod 12228 0x0000025fe8105790 code [0x0000025fe8105ae0, 0x0000025fe8108840]
Event: 15.768 Thread 0x0000025ff70da800 11978       4       com.android.tools.r8.graph.v0::a (52 bytes)
Event: 15.768 Thread 0x0000025ff70dc000 12744       2       java.lang.invoke.MethodHandle::asCollectorChecks (73 bytes)
Event: 15.769 Thread 0x0000025ff70dc000 nmethod 12744 0x0000025fe1f3bd10 code [0x0000025fe1f3bf20, 0x0000025fe1f3c288]
Event: 15.769 Thread 0x0000025ff70dc000 12745       2       java.lang.invoke.MethodHandleImpl$AsVarargsCollector::<init> (11 bytes)
Event: 15.771 Thread 0x0000025ff70da800 nmethod 11978 0x0000025fe8109f10 code [0x0000025fe810a0c0, 0x0000025fe810a188]
Event: 15.771 Thread 0x0000025ff70dc000 nmethod 12745 0x0000025fe1f3c510 code [0x0000025fe1f3c6e0, 0x0000025fe1f3c998]
Event: 15.771 Thread 0x0000025ff70da800 11986       4       com.android.tools.r8.internal.Ab::c (26 bytes)
Event: 15.778 Thread 0x0000025f81464800 nmethod 11998 0x0000025fe810a290 code [0x0000025fe810a480, 0x0000025fe810ad38]
Event: 15.780 Thread 0x0000025f81464800 12747 %     4       com.android.tools.r8.internal.Ab::a @ 3209 (4413 bytes)
Event: 15.782 Thread 0x0000025ff70dc000 12748       2       java.lang.invoke.MethodHandleImpl::makeVarargsCollector (47 bytes)
Event: 15.784 Thread 0x0000025ff70dc000 nmethod 12748 0x0000025fe1f3cb10 code [0x0000025fe1f3cd20, 0x0000025fe1f3d148]

GC Heap History (20 events):
Event: 13.700 GC heap after
{Heap after GC invocations=23 (full 0):
 garbage-first heap   total 227328K, used 88671K [0x0000000080000000, 0x0000000100000000)
  region size 1024K, 9 young (9216K), 9 survivors (9216K)
 Metaspace       used 92867K, capacity 95584K, committed 95784K, reserved 1132544K
  class space    used 12092K, capacity 13123K, committed 13176K, reserved 1048576K
}
Event: 14.102 GC heap before
{Heap before GC invocations=23 (full 0):
 garbage-first heap   total 227328K, used 176735K [0x0000000080000000, 0x0000000100000000)
  region size 1024K, 95 young (97280K), 9 survivors (9216K)
 Metaspace       used 94690K, capacity 97493K, committed 97576K, reserved 1134592K
  class space    used 12332K, capacity 13405K, committed 13432K, reserved 1048576K
}
Event: 14.115 GC heap after
{Heap after GC invocations=24 (full 0):
 garbage-first heap   total 227328K, used 105879K [0x0000000080000000, 0x0000000100000000)
  region size 1024K, 12 young (12288K), 12 survivors (12288K)
 Metaspace       used 94690K, capacity 97493K, committed 97576K, reserved 1134592K
  class space    used 12332K, capacity 13405K, committed 13432K, reserved 1048576K
}
Event: 14.208 GC heap before
{Heap before GC invocations=24 (full 0):
 garbage-first heap   total 227328K, used 174487K [0x0000000080000000, 0x0000000100000000)
  region size 1024K, 81 young (82944K), 12 survivors (12288K)
 Metaspace       used 95290K, capacity 98095K, committed 98216K, reserved 1134592K
  class space    used 12406K, capacity 13477K, committed 13560K, reserved 1048576K
}
Event: 14.220 GC heap after
{Heap after GC invocations=25 (full 0):
 garbage-first heap   total 227328K, used 120457K [0x0000000080000000, 0x0000000100000000)
  region size 1024K, 10 young (10240K), 10 survivors (10240K)
 Metaspace       used 95290K, capacity 98095K, committed 98216K, reserved 1134592K
  class space    used 12406K, capacity 13477K, committed 13560K, reserved 1048576K
}
Event: 14.531 GC heap before
{Heap before GC invocations=25 (full 0):
 garbage-first heap   total 227328K, used 175753K [0x0000000080000000, 0x0000000100000000)
  region size 1024K, 65 young (66560K), 10 survivors (10240K)
 Metaspace       used 98238K, capacity 101298K, committed 101544K, reserved 1136640K
  class space    used 12838K, capacity 14035K, committed 14072K, reserved 1048576K
}
Event: 14.541 GC heap after
{Heap after GC invocations=26 (full 0):
 garbage-first heap   total 227328K, used 123904K [0x0000000080000000, 0x0000000100000000)
  region size 1024K, 9 young (9216K), 9 survivors (9216K)
 Metaspace       used 98238K, capacity 101298K, committed 101544K, reserved 1136640K
  class space    used 12838K, capacity 14035K, committed 14072K, reserved 1048576K
}
Event: 14.792 GC heap before
{Heap before GC invocations=26 (full 0):
 garbage-first heap   total 227328K, used 178176K [0x0000000080000000, 0x0000000100000000)
  region size 1024K, 63 young (64512K), 9 survivors (9216K)
 Metaspace       used 98292K, capacity 101126K, committed 101928K, reserved 1136640K
  class space    used 12769K, capacity 13880K, committed 14200K, reserved 1048576K
}
Event: 14.809 GC heap after
{Heap after GC invocations=27 (full 0):
 garbage-first heap   total 227328K, used 134276K [0x0000000080000000, 0x0000000100000000)
  region size 1024K, 8 young (8192K), 8 survivors (8192K)
 Metaspace       used 98292K, capacity 101126K, committed 101928K, reserved 1136640K
  class space    used 12769K, capacity 13880K, committed 14200K, reserved 1048576K
}
Event: 14.945 GC heap before
{Heap before GC invocations=28 (full 0):
 garbage-first heap   total 227328K, used 180356K [0x0000000080000000, 0x0000000100000000)
  region size 1024K, 53 young (54272K), 8 survivors (8192K)
 Metaspace       used 99124K, capacity 102038K, committed 102824K, reserved 1138688K
  class space    used 12900K, capacity 14033K, committed 14328K, reserved 1048576K
}
Event: 14.962 GC heap after
{Heap after GC invocations=29 (full 0):
 garbage-first heap   total 227328K, used 143958K [0x0000000080000000, 0x0000000100000000)
  region size 1024K, 7 young (7168K), 7 survivors (7168K)
 Metaspace       used 99124K, capacity 102038K, committed 102824K, reserved 1138688K
  class space    used 12900K, capacity 14033K, committed 14328K, reserved 1048576K
}
Event: 15.059 GC heap before
{Heap before GC invocations=29 (full 0):
 garbage-first heap   total 227328K, used 183894K [0x0000000080000000, 0x0000000100000000)
  region size 1024K, 46 young (47104K), 7 survivors (7168K)
 Metaspace       used 99717K, capacity 102610K, committed 103080K, reserved 1138688K
  class space    used 12994K, capacity 14134K, committed 14328K, reserved 1048576K
}
Event: 15.076 GC heap after
{Heap after GC invocations=30 (full 0):
 garbage-first heap   total 273408K, used 152576K [0x0000000080000000, 0x0000000100000000)
  region size 1024K, 6 young (6144K), 6 survivors (6144K)
 Metaspace       used 99717K, capacity 102610K, committed 103080K, reserved 1138688K
  class space    used 12994K, capacity 14134K, committed 14328K, reserved 1048576K
}
Event: 15.327 GC heap before
{Heap before GC invocations=30 (full 0):
 garbage-first heap   total 273408K, used 204800K [0x0000000080000000, 0x0000000100000000)
  region size 1024K, 58 young (59392K), 6 survivors (6144K)
 Metaspace       used 100280K, capacity 103037K, committed 103976K, reserved 1138688K
  class space    used 13027K, capacity 14075K, committed 14456K, reserved 1048576K
}
Event: 15.342 GC heap after
{Heap after GC invocations=31 (full 0):
 garbage-first heap   total 273408K, used 160768K [0x0000000080000000, 0x0000000100000000)
  region size 1024K, 8 young (8192K), 8 survivors (8192K)
 Metaspace       used 100280K, capacity 103037K, committed 103976K, reserved 1138688K
  class space    used 13027K, capacity 14075K, committed 14456K, reserved 1048576K
}
Event: 15.489 GC heap before
{Heap before GC invocations=32 (full 0):
 garbage-first heap   total 273408K, used 214016K [0x0000000080000000, 0x0000000100000000)
  region size 1024K, 58 young (59392K), 8 survivors (8192K)
 Metaspace       used 100597K, capacity 103344K, committed 104232K, reserved 1138688K
  class space    used 13066K, capacity 14113K, committed 14456K, reserved 1048576K
}
Event: 15.508 GC heap after
{Heap after GC invocations=33 (full 0):
 garbage-first heap   total 273408K, used 168477K [0x0000000080000000, 0x0000000100000000)
  region size 1024K, 8 young (8192K), 8 survivors (8192K)
 Metaspace       used 100597K, capacity 103344K, committed 104232K, reserved 1138688K
  class space    used 13066K, capacity 14113K, committed 14456K, reserved 1048576K
}
Event: 15.621 GC heap before
{Heap before GC invocations=33 (full 0):
 garbage-first heap   total 273408K, used 217629K [0x0000000080000000, 0x0000000100000000)
  region size 1024K, 56 young (57344K), 8 survivors (8192K)
 Metaspace       used 101263K, capacity 104019K, committed 105128K, reserved 1140736K
  class space    used 13145K, capacity 14209K, committed 14584K, reserved 1048576K
}
Event: 15.637 GC heap after
{Heap after GC invocations=34 (full 0):
 garbage-first heap   total 273408K, used 176663K [0x0000000080000000, 0x0000000100000000)
  region size 1024K, 7 young (7168K), 7 survivors (7168K)
 Metaspace       used 101263K, capacity 104019K, committed 105128K, reserved 1140736K
  class space    used 13145K, capacity 14209K, committed 14584K, reserved 1048576K
}
Event: 15.784 GC heap before
{Heap before GC invocations=34 (full 0):
 garbage-first heap   total 273408K, used 222743K [0x0000000080000000, 0x0000000100000000)
  region size 1024K, 52 young (53248K), 7 survivors (7168K)
 Metaspace       used 102423K, capacity 105588K, committed 105768K, reserved 1140736K
  class space    used 13366K, capacity 14605K, committed 14712K, reserved 1048576K
}

Deoptimization events (20 events):
Event: 15.534 Thread 0x0000025ffdfd4000 DEOPT PACKING pc=0x0000025fe1dace13 sp=0x000000f1934f9aa0
Event: 15.534 Thread 0x0000025ffdfd4000 DEOPT UNPACKING pc=0x0000025fdff2a95e sp=0x000000f1934f8fe8 mode 0
Event: 15.553 Thread 0x0000025ffdfd4000 DEOPT PACKING pc=0x0000025fe1dace13 sp=0x000000f1934f9aa0
Event: 15.553 Thread 0x0000025ffdfd4000 DEOPT UNPACKING pc=0x0000025fdff2a95e sp=0x000000f1934f8fe8 mode 0
Event: 15.751 Thread 0x0000025ffcbc8000 Uncommon trap: trap_request=0xffffff4d fr.pc=0x0000025fe80d1384 relative=0x0000000000000064
Event: 15.751 Thread 0x0000025ff869c800 Uncommon trap: trap_request=0xffffff4d fr.pc=0x0000025fe80d1384 relative=0x0000000000000064
Event: 15.751 Thread 0x0000025ffdfd4000 Uncommon trap: trap_request=0xffffff4d fr.pc=0x0000025fe80d1384 relative=0x0000000000000064
Event: 15.751 Thread 0x0000025ff8277000 Uncommon trap: trap_request=0xffffff4d fr.pc=0x0000025fe80d1384 relative=0x0000000000000064
Event: 15.751 Thread 0x0000025ffcbc8000 Uncommon trap: reason=unstable_if action=reinterpret pc=0x0000025fe80d1384 method=com.android.tools.r8.internal.mN.d(Ljava/lang/Object;)Z @ 7 c2
Event: 15.752 Thread 0x0000025ff869c800 Uncommon trap: reason=unstable_if action=reinterpret pc=0x0000025fe80d1384 method=com.android.tools.r8.internal.mN.d(Ljava/lang/Object;)Z @ 7 c2
Event: 15.752 Thread 0x0000025ffdfd4000 Uncommon trap: reason=unstable_if action=reinterpret pc=0x0000025fe80d1384 method=com.android.tools.r8.internal.mN.d(Ljava/lang/Object;)Z @ 7 c2
Event: 15.752 Thread 0x0000025ffcbc8000 DEOPT PACKING pc=0x0000025fe80d1384 sp=0x000000f1976f7750
Event: 15.752 Thread 0x0000025ffcbc8000 DEOPT UNPACKING pc=0x0000025fdff2a1af sp=0x000000f1976f7688 mode 2
Event: 15.752 Thread 0x0000025ff869c800 DEOPT PACKING pc=0x0000025fe80d1384 sp=0x000000f1945fa730
Event: 15.752 Thread 0x0000025ff8277000 Uncommon trap: reason=unstable_if action=reinterpret pc=0x0000025fe80d1384 method=com.android.tools.r8.internal.mN.d(Ljava/lang/Object;)Z @ 7 c2
Event: 15.752 Thread 0x0000025ff869c800 DEOPT UNPACKING pc=0x0000025fdff2a1af sp=0x000000f1945fa668 mode 2
Event: 15.752 Thread 0x0000025ffdfd4000 DEOPT PACKING pc=0x0000025fe80d1384 sp=0x000000f1934fa7e0
Event: 15.752 Thread 0x0000025ffdfd4000 DEOPT UNPACKING pc=0x0000025fdff2a1af sp=0x000000f1934fa718 mode 2
Event: 15.752 Thread 0x0000025ff8277000 DEOPT PACKING pc=0x0000025fe80d1384 sp=0x000000f1965fabc0
Event: 15.752 Thread 0x0000025ff8277000 DEOPT UNPACKING pc=0x0000025fdff2a1af sp=0x000000f1965faaf8 mode 2

Classes redefined (0 events):
No events

Internal exceptions (20 events):
Event: 14.465 Thread 0x0000025ffdfd4000 Exception <a 'java/lang/IncompatibleClassChangeError'{0x000000008b897cb0}: Found class java.lang.Object, but interface was expected> (0x000000008b897cb0) thrown at [src/hotspot/share/interpreter/linkResolver.cpp, line 839]
Event: 14.465 Thread 0x0000025ff827a800 Exception <a 'java/lang/IncompatibleClassChangeError'{0x000000008b884d38}: Found class java.lang.Object, but interface was expected> (0x000000008b884d38) thrown at [src/hotspot/share/interpreter/linkResolver.cpp, line 839]
Event: 14.465 Thread 0x0000025ff8277000 Exception <a 'java/lang/IncompatibleClassChangeError'{0x000000008b94ade8}: Found class java.lang.Object, but interface was expected> (0x000000008b94ade8) thrown at [src/hotspot/share/interpreter/linkResolver.cpp, line 839]
Event: 14.466 Thread 0x0000025ffcbc8000 Exception <a 'java/lang/IncompatibleClassChangeError'{0x000000008b814740}: Found class java.lang.Object, but interface was expected> (0x000000008b814740) thrown at [src/hotspot/share/interpreter/linkResolver.cpp, line 839]
Event: 14.512 Thread 0x0000025ff869c800 Exception <a 'java/lang/NoSuchMethodError'{0x000000008ab28060}: 'java.lang.Object java.lang.invoke.DirectMethodHandle$Holder.invokeStatic(java.lang.Object, long)'> (0x000000008ab28060) thrown at [src/hotspot/share/interpreter/linkResolver.cpp, line 773]
Event: 14.513 Thread 0x0000025ff869c800 Exception <a 'java/lang/NoSuchMethodError'{0x000000008ab2be28}: 'java.lang.Object java.lang.invoke.DirectMethodHandle$Holder.invokeSpecial(java.lang.Object, java.lang.Object, long)'> (0x000000008ab2be28) thrown at [src/hotspot/share/interpreter/linkResolver.cpp, line 773]
Event: 14.513 Thread 0x0000025ffc32f800 Exception <a 'java/lang/NoSuchMethodError'{0x000000008aca3190}: 'java.lang.Object java.lang.invoke.Invokers$Holder.linkToTargetMethod(long, java.lang.Object)'> (0x000000008aca3190) thrown at [src/hotspot/share/interpreter/linkResolver.cpp, line 773]
Event: 14.664 Thread 0x0000025ffcbcf000 Exception <a 'java/lang/NoSuchMethodError'{0x000000008cee06a8}: 'java.lang.Object java.lang.invoke.DirectMethodHandle$Holder.invokeVirtual(java.lang.Object, java.lang.Object, int)'> (0x000000008cee06a8) thrown at [src/hotspot/share/interpreter/linkResolver.cpp, line 773]
Event: 14.769 Thread 0x0000025ffcbcf000 Exception <a 'java/lang/NoSuchMethodError'{0x000000008aea1050}: 'void java.lang.invoke.DirectMethodHandle$Holder.invokeStatic(java.lang.Object, java.lang.Object, java.lang.Object, int)'> (0x000000008aea1050) thrown at [src/hotspot/share/interpreter/linkResolver.cpp, line 773]
Event: 15.033 Thread 0x0000025ff827a800 Exception <a 'java/lang/IncompatibleClassChangeError'{0x000000008bf06a88}: Found class java.lang.Object, but interface was expected> (0x000000008bf06a88) thrown at [src/hotspot/share/interpreter/linkResolver.cpp, line 839]
Event: 15.033 Thread 0x0000025ffdfd2800 Exception <a 'java/lang/IncompatibleClassChangeError'{0x000000008c15b430}: Found class java.lang.Object, but interface was expected> (0x000000008c15b430) thrown at [src/hotspot/share/interpreter/linkResolver.cpp, line 839]
Event: 15.033 Thread 0x0000025ff869c800 Exception <a 'java/lang/IncompatibleClassChangeError'{0x000000008c0bf820}: Found class java.lang.Object, but interface was expected> (0x000000008c0bf820) thrown at [src/hotspot/share/interpreter/linkResolver.cpp, line 839]
Event: 15.058 Thread 0x0000025ffdfd2800 Implicit null exception at 0x0000025fe80d8bb7 to 0x0000025fe80d8e98
Event: 15.058 Thread 0x0000025ffcbc8000 Implicit null exception at 0x0000025fe80d8bb7 to 0x0000025fe80d8e98
Event: 15.077 Thread 0x0000025ffcbc8000 Implicit null exception at 0x0000025fe80d8bb7 to 0x0000025fe80d8e98
Event: 15.077 Thread 0x0000025ffdfd2800 Implicit null exception at 0x0000025fe80d8bb7 to 0x0000025fe80d8e98
Event: 15.701 Thread 0x0000025ffdfd4000 Exception <a 'java/lang/NoSuchMethodError'{0x000000008f232c88}: 'java.lang.Object java.lang.invoke.DirectMethodHandle$Holder.invokeStatic(java.lang.Object, int, java.lang.Object, java.lang.Object)'> (0x000000008f232c88) thrown at [src/hotspot/share/interpreter/linkResolver.cpp, line 773]
Event: 15.701 Thread 0x0000025ffdfd2800 Exception <a 'java/lang/NoSuchMethodError'{0x000000008f228668}: 'java.lang.Object java.lang.invoke.DirectMethodHandle$Holder.invokeStatic(java.lang.Object, int, java.lang.Object, java.lang.Object)'> (0x000000008f228668) thrown at [src/hotspot/share/interpreter/linkResolver.cpp, line 773]
Event: 15.701 Thread 0x0000025ff827a800 Exception <a 'java/lang/NoSuchMethodError'{0x000000008efa9678}: 'java.lang.Object java.lang.invoke.DirectMethodHandle$Holder.invokeStatic(java.lang.Object, int, java.lang.Object, java.lang.Object)'> (0x000000008efa9678) thrown at [src/hotspot/share/interpreter/linkResolver.cpp, line 773]
Event: 15.702 Thread 0x0000025ff8277000 Exception <a 'java/lang/NoSuchMethodError'{0x000000008ef646e8}: 'java.lang.Object java.lang.invoke.DirectMethodHandle$Holder.invokeStatic(java.lang.Object, int, java.lang.Object, java.lang.Object)'> (0x000000008ef646e8) thrown at [src/hotspot/share/interpreter/linkResolver.cpp, line 773]

Events (20 events):
Event: 15.782 loading class com/android/tools/r8/graph/H done
Event: 15.782 loading class com/android/tools/r8/graph/H
Event: 15.782 loading class com/android/tools/r8/graph/H done
Event: 15.782 loading class com/android/tools/r8/graph/H
Event: 15.782 loading class com/android/tools/r8/graph/H done
Event: 15.782 loading class com/android/tools/r8/graph/H
Event: 15.782 loading class com/android/tools/r8/graph/H done
Event: 15.782 loading class com/android/tools/r8/graph/H
Event: 15.782 loading class com/android/tools/r8/graph/H done
Event: 15.783 loading class com/android/tools/r8/graph/t
Event: 15.783 loading class com/android/tools/r8/graph/t done
Event: 15.784 Executing VM operation: G1CollectForAllocation
Event: 15.784 loading class com/android/tools/r8/graph/f1
Event: 15.784 loading class com/android/tools/r8/graph/f1 done
Event: 15.784 loading class com/android/tools/r8/graph/f1
Event: 15.784 loading class com/android/tools/r8/graph/f1 done
Event: 15.784 loading class com/android/tools/r8/graph/f1
Event: 15.784 loading class com/android/tools/r8/graph/f1 done
Event: 15.784 loading class com/android/tools/r8/graph/f1
Event: 15.784 loading class com/android/tools/r8/graph/f1 done


Dynamic libraries:
0x00007ff743800000 - 0x00007ff74380a000 	C:\Program Files\Android\Android Studio1\jbr\bin\java.exe
0x00007ffdf2bb0000 - 0x00007ffdf2dc4000 	C:\WINDOWS\SYSTEM32\ntdll.dll
0x00007ffdf0a80000 - 0x00007ffdf0b43000 	C:\WINDOWS\System32\KERNEL32.DLL
0x00007ffdf0020000 - 0x00007ffdf03bc000 	C:\WINDOWS\System32\KERNELBASE.dll
0x00007ffdf06b0000 - 0x00007ffdf07c1000 	C:\WINDOWS\System32\ucrtbase.dll
0x00007ffdba060000 - 0x00007ffdba07b000 	C:\Program Files\Android\Android Studio1\jbr\bin\VCRUNTIME140.dll
0x00007ffdba040000 - 0x00007ffdba057000 	C:\Program Files\Android\Android Studio1\jbr\bin\jli.dll
0x00007ffdf2070000 - 0x00007ffdf221d000 	C:\WINDOWS\System32\USER32.dll
0x00007ffdd4650000 - 0x00007ffdd48de000 	C:\WINDOWS\WinSxS\amd64_microsoft.windows.common-controls_6595b64144ccf1df_6.0.22621.608_none_a9444ca7c10bb01d\COMCTL32.dll
0x00007ffdefff0000 - 0x00007ffdf0016000 	C:\WINDOWS\System32\win32u.dll
0x00007ffdf09c0000 - 0x00007ffdf0a67000 	C:\WINDOWS\System32\msvcrt.dll
0x00007ffdf16d0000 - 0x00007ffdf16f9000 	C:\WINDOWS\System32\GDI32.dll
0x00007ffdf0520000 - 0x00007ffdf0633000 	C:\WINDOWS\System32\gdi32full.dll
0x00007ffdf03c0000 - 0x00007ffdf045a000 	C:\WINDOWS\System32\msvcp_win.dll
0x00007ffdf0e30000 - 0x00007ffdf0e61000 	C:\WINDOWS\System32\IMM32.DLL
0x00007ffdd18f0000 - 0x00007ffdd18fc000 	C:\Program Files\Android\Android Studio1\jbr\bin\vcruntime140_1.dll
0x00007ffd9c9c0000 - 0x00007ffd9ca4d000 	C:\Program Files\Android\Android Studio1\jbr\bin\msvcp140.dll
0x00007ffd73d90000 - 0x00007ffd7494c000 	C:\Program Files\Android\Android Studio1\jbr\bin\server\jvm.dll
0x00007ffdf2220000 - 0x00007ffdf22ce000 	C:\WINDOWS\System32\ADVAPI32.dll
0x00007ffdf2ac0000 - 0x00007ffdf2b64000 	C:\WINDOWS\System32\sechost.dll
0x00007ffdf1360000 - 0x00007ffdf1475000 	C:\WINDOWS\System32\RPCRT4.dll
0x00007ffdf1350000 - 0x00007ffdf1358000 	C:\WINDOWS\System32\PSAPI.DLL
0x00007ffdc01e0000 - 0x00007ffdc01e9000 	C:\WINDOWS\SYSTEM32\WSOCK32.dll
0x00007ffde7680000 - 0x00007ffde768a000 	C:\WINDOWS\SYSTEM32\VERSION.dll
0x00007ffde90f0000 - 0x00007ffde9124000 	C:\WINDOWS\SYSTEM32\WINMM.dll
0x00007ffdf0ba0000 - 0x00007ffdf0c11000 	C:\WINDOWS\System32\WS2_32.dll
0x00007ffdef130000 - 0x00007ffdef148000 	C:\WINDOWS\SYSTEM32\kernel.appcore.dll
0x00007ffddcb30000 - 0x00007ffddcb40000 	C:\Program Files\Android\Android Studio1\jbr\bin\verify.dll
0x00007ffde2110000 - 0x00007ffde233e000 	C:\WINDOWS\SYSTEM32\DBGHELP.DLL
0x00007ffdf0ee0000 - 0x00007ffdf1269000 	C:\WINDOWS\System32\combase.dll
0x00007ffdf1270000 - 0x00007ffdf1347000 	C:\WINDOWS\System32\OLEAUT32.dll
0x00007ffde25f0000 - 0x00007ffde2622000 	C:\WINDOWS\SYSTEM32\dbgcore.DLL
0x00007ffdf07d0000 - 0x00007ffdf084b000 	C:\WINDOWS\System32\bcryptPrimitives.dll
0x00007ffdbffd0000 - 0x00007ffdbfff8000 	C:\Program Files\Android\Android Studio1\jbr\bin\java.dll
0x00007ffdd4930000 - 0x00007ffdd493a000 	C:\Program Files\Android\Android Studio1\jbr\bin\jimage.dll
0x00007ffdbbd80000 - 0x00007ffdbbd98000 	C:\Program Files\Android\Android Studio1\jbr\bin\zip.dll
0x00007ffdf1700000 - 0x00007ffdf1ef0000 	C:\WINDOWS\System32\SHELL32.dll
0x00007ffdee010000 - 0x00007ffdee8de000 	C:\WINDOWS\SYSTEM32\windows.storage.dll
0x00007ffdeded0000 - 0x00007ffdee00e000 	C:\WINDOWS\SYSTEM32\wintypes.dll
0x00007ffdf2800000 - 0x00007ffdf28f1000 	C:\WINDOWS\System32\SHCORE.dll
0x00007ffdf0e80000 - 0x00007ffdf0ede000 	C:\WINDOWS\System32\shlwapi.dll
0x00007ffdeff20000 - 0x00007ffdeff41000 	C:\WINDOWS\SYSTEM32\profapi.dll
0x00007ffdbbd60000 - 0x00007ffdbbd79000 	C:\Program Files\Android\Android Studio1\jbr\bin\net.dll
0x00007ffdeaa80000 - 0x00007ffdeabaf000 	C:\WINDOWS\SYSTEM32\WINHTTP.dll
0x00007ffdef5a0000 - 0x00007ffdef609000 	C:\WINDOWS\system32\mswsock.dll
0x00007ffdbb9d0000 - 0x00007ffdbb9e3000 	C:\Program Files\Android\Android Studio1\jbr\bin\nio.dll
0x00007ffdea610000 - 0x00007ffdea637000 	C:\Users\123we\.gradle\native\68d5fa5c4cc2d200863cafc0d521ce42e7d3e7ee720ec0a83991735586a16f82\windows-amd64\native-platform.dll
0x00007ffd9b9e0000 - 0x00007ffd9bb24000 	C:\Users\123we\.gradle\native\e376f236ea51e6404a007f0833ffe2c6e607c4080706a723a18a27aeea778392\windows-amd64\native-platform-file-events.dll
0x00007ffdd4920000 - 0x00007ffdd492a000 	C:\Program Files\Android\Android Studio1\jbr\bin\management.dll
0x00007ffdd2130000 - 0x00007ffdd213b000 	C:\Program Files\Android\Android Studio1\jbr\bin\management_ext.dll
0x00007ffdef800000 - 0x00007ffdef81b000 	C:\WINDOWS\SYSTEM32\CRYPTSP.dll
0x00007ffdef0a0000 - 0x00007ffdef0d5000 	C:\WINDOWS\system32\rsaenh.dll
0x00007ffdef6a0000 - 0x00007ffdef6c8000 	C:\WINDOWS\SYSTEM32\USERENV.dll
0x00007ffdef9a0000 - 0x00007ffdef9c8000 	C:\WINDOWS\SYSTEM32\bcrypt.dll
0x00007ffdef820000 - 0x00007ffdef82c000 	C:\WINDOWS\SYSTEM32\CRYPTBASE.dll
0x00007ffdeeb20000 - 0x00007ffdeeb4d000 	C:\WINDOWS\SYSTEM32\IPHLPAPI.DLL
0x00007ffdf0e70000 - 0x00007ffdf0e79000 	C:\WINDOWS\System32\NSI.dll
0x00007ffde9150000 - 0x00007ffde9169000 	C:\WINDOWS\SYSTEM32\dhcpcsvc6.DLL
0x00007ffde9130000 - 0x00007ffde914f000 	C:\WINDOWS\SYSTEM32\dhcpcsvc.DLL
0x00007ffdeeb50000 - 0x00007ffdeec43000 	C:\WINDOWS\SYSTEM32\DNSAPI.dll

dbghelp: loaded successfully - version: 4.0.5 - missing functions: none
symbol engine: initialized successfully - sym options: 0x614 - pdb path: .;C:\Program Files\Android\Android Studio1\jbr\bin;C:\WINDOWS\SYSTEM32;C:\WINDOWS\WinSxS\amd64_microsoft.windows.common-controls_6595b64144ccf1df_6.0.22621.608_none_a9444ca7c10bb01d;C:\Program Files\Android\Android Studio1\jbr\bin\server;C:\Users\123we\.gradle\native\68d5fa5c4cc2d200863cafc0d521ce42e7d3e7ee720ec0a83991735586a16f82\windows-amd64;C:\Users\123we\.gradle\native\e376f236ea51e6404a007f0833ffe2c6e607c4080706a723a18a27aeea778392\windows-amd64

VM Arguments:
jvm_args: --add-opens=java.base/java.util=ALL-UNNAMED --add-opens=java.base/java.lang=ALL-UNNAMED --add-opens=java.base/java.lang.invoke=ALL-UNNAMED --add-opens=java.prefs/java.util.prefs=ALL-UNNAMED --add-opens=java.base/java.nio.charset=ALL-UNNAMED --add-opens=java.base/java.net=ALL-UNNAMED --add-opens=java.base/java.util.concurrent.atomic=ALL-UNNAMED -Xmx2048m -Dfile.encoding=UTF-8 -Duser.country=US -Duser.language=en -Duser.variant 
java_command: org.gradle.launcher.daemon.bootstrap.GradleDaemon 8.0.2
java_class_path (initial): F:\SW setups\Gradle\gradle-8.0.2\lib\gradle-launcher-8.0.2.jar
Launcher Type: SUN_STANDARD

[Global flags]
     intx CICompilerCount                          = 4                                         {product} {ergonomic}
     uint ConcGCThreads                            = 2                                         {product} {ergonomic}
     uint G1ConcRefinementThreads                  = 8                                         {product} {ergonomic}
   size_t G1HeapRegionSize                         = 1048576                                   {product} {ergonomic}
    uintx GCDrainStackTargetSize                   = 64                                        {product} {ergonomic}
   size_t InitialHeapSize                          = 134217728                                 {product} {ergonomic}
   size_t MarkStackSize                            = 4194304                                   {product} {ergonomic}
   size_t MaxHeapSize                              = 2147483648                                {product} {command line}
   size_t MaxNewSize                               = 1287651328                                {product} {ergonomic}
   size_t MinHeapDeltaBytes                        = 1048576                                   {product} {ergonomic}
    uintx NonNMethodCodeHeapSize                   = 5836300                                {pd product} {ergonomic}
    uintx NonProfiledCodeHeapSize                  = 122910970                              {pd product} {ergonomic}
    uintx ProfiledCodeHeapSize                     = 122910970                              {pd product} {ergonomic}
    uintx ReservedCodeCacheSize                    = 251658240                              {pd product} {ergonomic}
     bool SegmentedCodeCache                       = true                                      {product} {ergonomic}
     bool UseCompressedClassPointers               = true                                 {lp64_product} {ergonomic}
     bool UseCompressedOops                        = true                                 {lp64_product} {ergonomic}
     bool UseG1GC                                  = true                                      {product} {ergonomic}
     bool UseLargePagesIndividualAllocation        = false                                  {pd product} {ergonomic}

Logging:
Log output configuration:
 #0: stdout all=warning uptime,level,tags
 #1: stderr all=off uptime,level,tags

Environment Variables:
PATH=C:\Python311\Scripts\;C:\Python311\;C:\Program Files\Microsoft MPI\Bin\;C:\Program Files (x86)\Common Files\Intel\Shared Libraries\redist\intel64\compiler;C:\Program Files (x86)\Common Files\Oracle\Java\javapath;C:\Program Files\Common Files\Oracle\Java\javapath;C:\Windows\system32;C:\Windows;C:\Windows\System32\Wbem;C:\Windows\System32\WindowsPowerShell\v1.0\;C:\Windows\System32\OpenSSH\;C:\Program Files (x86)\NVIDIA Corporation\PhysX\Common;C:\Program Files\NVIDIA Corporation\NVIDIA NvDLISR;C:\Program Files\Java\jdk-15.0.2\bin;C:\WINDOWS\system32;C:\WINDOWS;C:\WINDOWS\System32\Wbem;C:\WINDOWS\System32\WindowsPowerShell\v1.0\;C:\WINDOWS\System32\OpenSSH\;C:\Program Files\nodejs\;C:\ProgramData\chocolatey\bin;C:\Program Files\Git\cmd;C:\xampp\php\;C:\Users\123we\AppData\Local\Microsoft\WindowsApps;C:\Program Files\Azure Data Studio\bin;C:\Users\123we\AppData\Local\Programs\Microsoft VS Code\bin;C:\Users\123we\AppData\Roaming\npm;C:\Users\123we\composer;C:\Users\123we\AppData\Roaming\Composer\vendor\bin
USERNAME=123we
OS=Windows_NT
PROCESSOR_IDENTIFIER=Intel64 Family 6 Model 142 Stepping 10, GenuineIntel



---------------  S Y S T E M  ---------------

OS: Windows 11 , 64 bit Build 22621 (10.0.22621.1344)
OS uptime: 1 days 4:13 hours

CPU:total 8 (initial active 8) (4 cores per cpu, 2 threads per core) family 6 model 142 stepping 10 microcode 0xe0, cmov, cx8, fxsr, mmx, sse, sse2, sse3, ssse3, sse4.1, sse4.2, popcnt, avx, avx2, aes, clmul, erms, 3dnowpref, lzcnt, ht, tsc, tscinvbit, bmi1, bmi2, adx, fma

Memory: 4k page, system-wide physical 8073M (648M free)
TotalPageFile size 10121M (AvailPageFile size 74M)
current process WorkingSet (physical memory assigned to process): 647M, peak: 647M
current process commit charge ("private bytes"): 734M, peak: 833M

vm_info: OpenJDK 64-Bit Server VM (11.0.15+0-b2043.56-9505619) for windows-amd64 JRE (11.0.15+0-b2043.56-9505619), built on Jan 19 2023 02:48:00 by "builduser" with unknown MS VC++:1929

END.
